--------- beginning of system
09-07 21:43:04.801  1456  1893 D BatteryService: uevent={POWER_SUPPLY_VOLTAGE_NOW=4346135, POWER_SUPPLY_CHARGE_RATE=Normal, POWER_SUPPLY_HEALTH=Good, POWER_SUPPLY_CURRENT_NOW=152, POWER_SUPPLY_PRESENT=1, SUBSYSTEM=power_supply, POWER_SUPPLY_TEMP=275, SEQNUM=15512, ACTION=change, POWER_SUPPLY_NAME=battery, POWER_SUPPLY_STATUS=Full, POWER_SUPPLY_CHARGE_COUNTER=2824000, POWER_SUPPLY_CAPACITY=100, DEVPATH=/devices/soc/qpnp-smbcharger-17/power_supply/battery}
--------- beginning of main
09-07 21:43:04.810  2398  2398 D QtiCarrierConfigHelper: WARNING, no carrier configs on phone Id: 0
09-07 21:43:04.839   808   898 I SFPerfTracer:      triggers: (rate: 0:0) (0 sw vsyncs) (0 skipped) (0:22152 vsyncs) (1:68083)
09-07 21:43:08.160  1456  2162 D ziparchive: Zip: EOCD not found, /data/app/vmdl1978452069.tmp/base.apk is not zip
09-07 21:43:08.160  1456  2162 W zipro   : Error opening archive /data/app/vmdl1978452069.tmp/base.apk: Invalid file
09-07 21:43:08.160  1456  2162 D asset   : failed to open Zip archive '/data/app/vmdl1978452069.tmp/base.apk'
09-07 21:43:08.162  1456  2162 W PackageParser: Failed to parse /data/app/vmdl1978452069.tmp/base.apk
09-07 21:43:08.162  1456  2162 W PackageParser: java.io.FileNotFoundException: AndroidManifest.xml
09-07 21:43:08.162  1456  2162 W PackageParser: 	at android.content.res.AssetManager.openXmlAssetNative(Native Method)
09-07 21:43:08.162  1456  2162 W PackageParser: 	at android.content.res.AssetManager.openXmlBlockAsset(AssetManager.java:546)
09-07 21:43:08.162  1456  2162 W PackageParser: 	at android.content.res.AssetManager.openXmlResourceParser(AssetManager.java:514)
09-07 21:43:08.162  1456  2162 W PackageParser: 	at android.content.pm.PackageParser.parseApkLite(PackageParser.java:1740)
09-07 21:43:08.162  1456  2162 W PackageParser: 	at com.android.server.pm.PackageInstallerSession.validateInstallLocked(PackageInstallerSession.java:1001)
09-07 21:43:08.162  1456  2162 W PackageParser: 	at com.android.server.pm.PackageInstallerSession.sealAndValidateLocked(PackageInstallerSession.java:776)
09-07 21:43:08.162  1456  2162 W PackageParser: 	at com.android.server.pm.PackageInstallerSession.commit(PackageInstallerSession.java:717)
09-07 21:43:08.162  1456  2162 W PackageParser: 	at android.content.pm.PackageInstaller$Session.commit(PackageInstaller.java:922)
09-07 21:43:08.162  1456  2162 W PackageParser: 	at com.android.server.pm.PackageManagerShellCommand.doCommitSession(PackageManagerShellCommand.java:1486)
09-07 21:43:08.162  1456  2162 W PackageParser: 	at com.android.server.pm.PackageManagerShellCommand.runInstall(PackageManagerShellCommand.java:213)
09-07 21:43:08.162  1456  2162 W PackageParser: 	at com.android.server.pm.PackageManagerShellCommand.onCommand(PackageManagerShellCommand.java:109)
09-07 21:43:08.162  1456  2162 W PackageParser: 	at android.os.ShellCommand.exec(ShellCommand.java:96)
09-07 21:43:08.162  1456  2162 W PackageParser: 	at com.android.server.pm.PackageManagerService.onShellCommand(PackageManagerService.java:23320)
09-07 21:43:08.162  1456  2162 W PackageParser: 	at android.os.Binder.shellCommand(Binder.java:594)
09-07 21:43:08.162  1456  2162 W PackageParser: 	at android.os.Binder.onTransact(Binder.java:492)
09-07 21:43:08.162  1456  2162 W PackageParser: 	at android.content.pm.IPackageManager$Stub.onTransact(IPackageManager.java:2707)
09-07 21:43:08.162  1456  2162 W PackageParser: 	at com.android.server.pm.PackageManagerService.onTransact(PackageManagerService.java:3955)
09-07 21:43:08.162  1456  2162 W PackageParser: 	at android.os.Binder.execTransact(Binder.java:697)
09-07 21:43:08.210  1016  1911 E         : Couldn't opendir /data/app/vmdl1978452069.tmp: No such file or directory
09-07 21:43:08.210  1016  1911 E installd: Failed to delete /data/app/vmdl1978452069.tmp: No such file or directory
09-07 21:43:13.336  1456  2162 I ActivityManager: START u0 {act=android.intent.action.VIEW dat=about:blank typ=text/html flg=0x10000000 cmp=org.mozilla.fenix.nightly/org.mozilla.fenix.IntentReceiverActivity} from uid 2000
09-07 21:43:13.337   794   839 E ANDR-PERF-RESOURCEQS: Failed to apply optimization [4, 0]
09-07 21:43:23.454  1456  2162 W ActivityManager: Invalid packageName: org.mozilla.fenix.nightly
09-07 21:43:23.549  1456  2162 I ActivityManager: START u0 {act=android.intent.action.VIEW dat=about:blank typ=text/html flg=0x10000000 cmp=org.mozilla.fenix.nightly/org.mozilla.fenix.IntentReceiverActivity} from uid 2000
09-07 21:43:33.667  1456  2162 W ActivityManager: Invalid packageName: org.mozilla.fenix.nightly
09-07 21:43:33.774  1456  2162 I ActivityManager: START u0 {act=android.intent.action.VIEW dat=about:blank typ=text/html flg=0x10000000 cmp=org.mozilla.fenix.nightly/org.mozilla.fenix.IntentReceiverActivity} from uid 2000
09-07 21:43:43.899  1456  2162 W ActivityManager: Invalid packageName: org.mozilla.fenix.nightly
09-07 21:43:44.016  1456  2162 I ActivityManager: START u0 {act=android.intent.action.VIEW dat=about:blank typ=text/html flg=0x10000000 cmp=org.mozilla.fenix.nightly/org.mozilla.fenix.IntentReceiverActivity} from uid 2000
09-07 21:43:54.134  1456  2162 W ActivityManager: Invalid packageName: org.mozilla.fenix.nightly
09-07 21:43:54.229  1456  2162 I ActivityManager: START u0 {act=android.intent.action.VIEW dat=about:blank typ=text/html flg=0x10000000 cmp=org.mozilla.fenix.nightly/org.mozilla.fenix.IntentReceiverActivity} from uid 2000
09-07 21:44:04.346  1456  2162 W ActivityManager: Invalid packageName: org.mozilla.fenix.nightly
