Downloading apk.
Done downloading apk.
Trying again to download the nightly apk (error 22).
Downloading apk.
Done downloading apk.
Trying again to download the nightly apk (error 22).
Downloading apk.
Done downloading apk.
Trying again to download the nightly apk (error 22).
Downloading apk.
Done downloading apk.
Trying again to download the nightly apk (error 22).
Downloading apk.
Done downloading apk.
Trying again to download the nightly apk (error 22).
Error: Failed to download an APK.
Downloading apk.
Done downloading apk.
Downloaded the nightly APK.
Profiling...
Performing Streamed Install
Success
Profiling by using am start-activity --start-profiler /data/local/tmp/temp.trace --streaming org.mozilla.fenix.performancetest/org.mozilla.fenix.HomeActivity
Starting: Intent { act=android.intent.action.MAIN cat=[android.intent.category.LAUNCHER] cmp=org.mozilla.fenix.performancetest/org.mozilla.fenix.HomeActivity }
Stopping the profiler and the process.
Downloading profile.
Performing Streamed Install
Success
Profiling by using am start-activity -t "text/html" -d "about:blank" -a android.intent.action.VIEW --start-profiler /data/local/tmp/temp.trace --streaming org.mozilla.fenix.performancetest/org.mozilla.fenix.IntentReceiverActivity
Starting: Intent { act=android.intent.action.VIEW dat=about:blank typ=text/html cmp=org.mozilla.fenix.performancetest/org.mozilla.fenix.IntentReceiverActivity }
Stopping the profiler and the process.
Downloading profile.
Done profiling...
