--------- beginning of system
09-07 21:42:02.711  1456  1601 I ActivityManager: Force stopping org.mozilla.fenix.nightly appid=10187 user=-1: deletePackageX
--------- beginning of main
09-07 21:42:02.871  1017  1017 I keystore: clear_uid 10187
09-07 21:42:03.200  1456  1723 I zygote  : Explicit concurrent copying GC freed 69143(2MB) AllocSpace objects, 5(228KB) LOS objects, 42% free, 16MB/28MB, paused 218us total 327.346ms
09-07 21:42:03.300  1456  1723 I ActivityManager: Start proc 32491:com.android.defcontainer/u0a27 for service com.android.defcontainer/.DefaultContainerService
09-07 21:42:03.301  1456  1723 I ActivityManager: Force stopping org.mozilla.fenix.nightly appid=10187 user=0: pkg removed
09-07 21:42:03.307  1456  1723 D KernelUidCpuTimeReader: Removing uids 10187-10187
09-07 21:42:03.317  1456  1601 W BroadcastQueue: Background execution not allowed: receiving Intent { act=android.intent.action.PACKAGE_REMOVED dat=package:org.mozilla.fenix.nightly flg=0x4000010 (has extras) } to com.android.vending/com.google.android.finsky.packagemanager.impl.PackageMonitorReceiverImpl$RegisteredReceiver
09-07 21:42:03.317  1456  1601 W BroadcastQueue: Background execution not allowed: receiving Intent { act=android.intent.action.PACKAGE_REMOVED dat=package:org.mozilla.fenix.nightly flg=0x4000010 (has extras) } to com.android.vending/com.google.android.finsky.instantapps.appmanagement.InstantAppRemoveMonitor
09-07 21:42:03.318  1456  1601 W BroadcastQueue: Background execution not allowed: receiving Intent { act=android.intent.action.PACKAGE_REMOVED dat=package:org.mozilla.fenix.nightly flg=0x4000010 (has extras) } to com.google.android.gms/.games.chimera.GamesSystemBroadcastReceiverProxy
09-07 21:42:03.318  1456  1601 W BroadcastQueue: Background execution not allowed: receiving Intent { act=android.intent.action.PACKAGE_REMOVED dat=package:org.mozilla.fenix.nightly flg=0x4000010 (has extras) } to com.google.android.gms/.chimera.GmsIntentOperationService$PersistentTrustedReceiver
09-07 21:42:03.318  1456  1601 W BroadcastQueue: Background execution not allowed: receiving Intent { act=android.intent.action.PACKAGE_REMOVED dat=package:org.mozilla.fenix.nightly flg=0x4000010 (has extras) } to com.google.android.googlequicksearchbox/com.google.android.apps.gsa.googlequicksearchbox.GelStubAppWatcher
09-07 21:42:03.340  1456  1942 I InputReader: Reconfiguring input devices.  changes=0x00000010
09-07 21:42:03.348  1456  1601 I ActivityManager: Start proc 32499:com.android.chrome/u0a85 for broadcast com.android.chrome/org.chromium.chrome.browser.browserservices.ClientAppBroadcastReceiver
09-07 21:42:03.365  2398  2398 D CarrierSvcBindHelper: No carrier app for: 0
09-07 21:42:03.366  2398  2398 D CarrierSvcBindHelper: No carrier app for: 1
09-07 21:42:03.383  2398  2398 E VvmPkgInstalledRcvr: cannot create TelephonyManager from ComponentInfo{com.android.phone/com.android.services.telephony.TelephonyConnectionService}, [****], UserHandle{0}
09-07 21:42:03.389  7883 32497 W TileUtils: Found com.android.settings.backup.BackupSettingsActivity for intent Intent { act=com.android.settings.action.SETTINGS pkg=com.android.settings } missing metadata com.android.settings.category
09-07 21:42:03.394  1456  1456 I ActivityManager: Start proc 32512:com.android.keychain/1000 for service com.android.keychain/.KeyChainService
09-07 21:42:03.403  7658  7658 I GeofencerStateMachine: removeGeofences: removeRequest=RemoveGeofencingRequest[REMOVE_ALL packageName=org.mozilla.fenix.nightly]
09-07 21:42:03.414  1456  1456 W ResourceType: ResTable_typeSpec entry count inconsistent: given 541, previously 540
09-07 21:42:03.414  1456  1456 W ResourceType: ResTable_typeSpec entry count inconsistent: given 366, previously 1421
09-07 21:42:03.415  1456  1456 W ResourceType: ResTable_typeSpec entry count inconsistent: given 215, previously 1170
09-07 21:42:03.428  1456  1600 W ResourceType: ResTable_typeSpec entry count inconsistent: given 30, previously 36
09-07 21:42:03.450  1456  1456 I ConditionProviders: Disallowing condition provider org.mozilla.fenix.nightly
09-07 21:42:03.456 32491 32491 I zygote  : The ClassLoaderContext is a special shared library.
09-07 21:42:03.492 32512 32512 I zygote  : The ClassLoaderContext is a special shared library.
09-07 21:42:03.547  7704 29773 I ContentMaintenance: Internal cache bytes used: 0; limit: 100000000; download size: 0
09-07 21:42:03.558  1456  3925 I ActivityManager: Killing 32173:com.google.android.apps.wallpaper/u0a102 (adj 906): empty for 2853s
09-07 21:42:03.560  1456  1605 W zygote  : kill(-32173, 9) failed: No such process
09-07 21:42:03.574  1456  1605 W zygote  : kill(-32173, 9) failed: No such process
09-07 21:42:03.582  7704 32556 I Icing   : doRemovePackageData org.mozilla.fenix.nightly
09-07 21:42:03.590  1456  1605 W zygote  : kill(-32173, 9) failed: No such process
09-07 21:42:03.590  1456  1605 I zygote  : Successfully killed process cgroup uid 10102 pid 32173 in 30ms
09-07 21:42:03.597  7704 29773 I RealtimeCacheCleanup: Beginning Realtime garbage collection.
09-07 21:42:03.601  7704 29773 I RealtimeCacheCleanup: Finished Realtime garbage collection.
09-07 21:42:03.622  7704 10139 I Icing   : IndexChimeraService.getServiceInterface callingPackage=com.google.android.gms componentName=AppsCorpus serviceId=36
09-07 21:42:03.635  7704  7968 I Icing   : IndexChimeraService.getServiceInterface callingPackage=com.google.android.gms componentName=AppsCorpus serviceId=32
09-07 21:42:03.657  7704 29773 W Icing   : No valid account for uploading user actions: adai: Not signed in
09-07 21:42:03.671  1456  5797 I ActivityManager: Start proc 32566:com.android.documentsui/u0a30 for broadcast com.android.documentsui/.PackageReceiver
09-07 21:42:03.673  1456  5797 I ActivityManager: Killing 32194:com.android.dialer/u0a29 (adj 906): empty for 2833s
09-07 21:42:03.674  1456  1605 W zygote  : kill(-32194, 9) failed: No such process
09-07 21:42:03.690  1456  1605 I chatty  : uid=1000(system) ActivityManager identical 1 line
09-07 21:42:03.710  1456  1605 W zygote  : kill(-32194, 9) failed: No such process
09-07 21:42:03.723 32566 32566 I zygote  : The ClassLoaderContext is a special shared library.
09-07 21:42:03.726  1456  1605 W zygote  : kill(-32194, 9) failed: No such process
09-07 21:42:03.729  7704 29773 I Icing   : Usage reports ok 0, Failed Usage reports 0, indexed 0, rejected 0
09-07 21:42:03.735  7704 29773 W Icing   : No valid account for uploading user actions: adai: Not signed in
09-07 21:42:03.740  1456  1605 W zygote  : kill(-32194, 9) failed: No such process
09-07 21:42:03.740  1456  1605 I zygote  : Successfully killed process cgroup uid 10029 pid 32194 in 66ms
09-07 21:42:03.745  7704 29773 I Icing   : Usage reports ok 0, Failed Usage reports 0, indexed 0, rejected 0
09-07 21:42:03.802  1456  1471 I ActivityManager: Killing 32237:android.process.media/u0a31 (adj 906): empty for 2712s
09-07 21:42:03.803  1456  1605 W zygote  : kill(-32237, 9) failed: No such process
09-07 21:42:03.810 32221 32221 I Finsky  : [2] pix.a(4): PackageMonitor received: android.intent.action.PACKAGE_FULLY_REMOVED
09-07 21:42:03.811 32221 32221 I Finsky  : [2] pjw.d(7): Invalidating cached PackageState for org.mozilla.fenix.nightly
09-07 21:42:03.815 32221 32221 I Finsky  : [2] ygx.a(11): Do not start WearSupportService due to Wear service optimization
09-07 21:42:03.816 32221 32221 I Finsky  : [2] ygx.a(11): Do not start WearSupportService due to Wear service optimization
09-07 21:42:03.817  1456  1605 W zygote  : kill(-32237, 9) failed: No such process
09-07 21:42:03.819 32221 32221 I Finsky  : [2] sya.a(1): Clearing split related stale data.
09-07 21:42:03.819 32221 32585 I Finsky  : [2811] mik.run(2): Cleaning dev-triggered-update data on package uninstall for org.mozilla.fenix.nightly.
09-07 21:42:03.831 32221 32221 I Finsky  : [2] pjw.j(13): Package no longer installed: org.mozilla.fenix.nightly
09-07 21:42:03.831  1456  1605 W zygote  : kill(-32237, 9) failed: No such process
09-07 21:42:03.841 32221 32221 I Finsky  : [2] lpf.b(9): Installer: package org.mozilla.fenix.nightly was removed. replacing: false
09-07 21:42:03.844 32221 32587 I Finsky  : [2813] min.run(2): Finished dev-triggered-update cleaning.
09-07 21:42:03.845 32221 32221 I Finsky  : [2] lpf.a(101): Installer: Notifying status update. package=org.mozilla.fenix.nightly, status=UNINSTALLED
09-07 21:42:03.848  1456  1471 I ActivityManager: Start proc 32592:com.google.android.apps.docs/u0a90 for content provider com.google.android.apps.docs/.storagebackend.StorageBackendContentProvider
09-07 21:42:03.855  1456  1605 W zygote  : kill(-32237, 9) failed: No such process
09-07 21:42:03.859  1456  1605 I zygote  : Successfully killed process cgroup uid 10031 pid 32237 in 53ms
09-07 21:42:03.869 32221 32221 I Finsky  : [2] lpf.a(268): Installer: found apps to install. isMultiUserMode=false, apps=[]
09-07 21:42:03.874  1456  5797 I ActivityManager: Start proc 32605:android.process.media/u0a31 for broadcast com.android.providers.downloads/.DownloadReceiver
09-07 21:42:03.890  1456  3925 I ActivityManager: Killing 32333:com.android.vending:download_service/u0a62 (adj 906): empty for 2702s
09-07 21:42:03.891  1456  1605 W zygote  : kill(-32333, 9) failed: No such process
09-07 21:42:03.894 32221 32590 I Finsky  : [2816] paf.run(16): Frosting DB delete succeeded: true
09-07 21:42:03.905  1456  1605 W zygote  : kill(-32333, 9) failed: No such process
09-07 21:42:03.910  1456  2196 D ConnectivityService: ConnectivityService NetworkRequestInfo binderDied(NetworkRequest [ TRACK_DEFAULT id=191, [ Capabilities: INTERNET&NOT_RESTRICTED&TRUSTED&NOT_VPN] ], android.os.BinderProxy@1262d6a)
09-07 21:42:03.911  1456  2067 D ConnectivityService: releasing NetworkRequest [ TRACK_DEFAULT id=191, [ Capabilities: INTERNET&NOT_RESTRICTED&TRUSTED&NOT_VPN] ] (release request)
09-07 21:42:03.915  1456  1605 W zygote  : kill(-32333, 9) failed: No such process
09-07 21:42:03.915  1456  1605 I zygote  : Successfully killed process cgroup uid 10062 pid 32333 in 23ms
09-07 21:42:03.933 32221 32316 I Finsky  : [2790] mcb.b(58): IQ: Notifying installation update. package=org.mozilla.fenix.nightly, status=UNINSTALLED
09-07 21:42:03.942 32605 32605 I zygote  : The ClassLoaderContext is a special shared library.
09-07 21:42:03.959  7658 31999 W Conscrypt: Could not set socket write timeout: java.net.SocketException: Socket closed
09-07 21:42:03.960  7658 31999 W Conscrypt: 	at com.google.android.gms.org.conscrypt.Platform.setSocketWriteTimeout(:com.google.android.gms@19056018@19.0.56 (040308-262933554):2)
09-07 21:42:03.960  7658 31999 W Conscrypt: 	at com.google.android.gms.org.conscrypt.ConscryptFileDescriptorSocket.setSoWriteTimeout(:com.google.android.gms@19056018@19.0.56 (040308-262933554):2)
09-07 21:42:03.969 32605 32605 I zygote  : The ClassLoaderContext is a special shared library.
09-07 21:42:03.989 32221 32316 I Finsky  : [2790] mcb.b(37): IQ: No matching installs to run for jobs: []
09-07 21:42:04.018 32221 32221 I Finsky  : [2] rui.b(7): Jobs in database: 1-1337 3-290 12-1 24-77777777 26-1414141414 
09-07 21:42:04.029 32221 32221 I Finsky  : [2] rrm.a(59): ConstraintMapping: 24-77777777,  -> L: 0ms, D: 56944368ms, C: false, I: true, N: 0
09-07 21:42:04.031 32221 32221 I Finsky  : [2] rrm.a(59): ConstraintMapping: 1-1337, 12-1,  -> L: 14837ms, D: 60534323ms, C: false, I: false, N: 1
09-07 21:42:04.032 32221 32221 I Finsky  : [2] rrm.a(59): ConstraintMapping: 3-290,  -> L: 0ms, D: 83687665ms, C: true, I: true, N: 2
09-07 21:42:04.034 32221 32221 I Finsky  : [2] rrm.a(59): ConstraintMapping: 26-1414141414,  -> L: 40489314ms, D: 41389314ms, C: false, I: false, N: 0
09-07 21:42:04.043 32221 32221 I Finsky  : [2] rtr.a(45): Cancelling existing jobscheduler jobs: 9004 9005 9006 9000 
09-07 21:42:04.044 32221 32221 I Finsky  : [2] rtr.a(1): Scheduling job Id: 9001, L: 0, D: 56944368, C: false, I: true, N: 0
09-07 21:42:04.047  7658  7670 I zygote  : Background concurrent copying GC freed 110391(5MB) AllocSpace objects, 18(844KB) LOS objects, 50% free, 7MB/14MB, paused 143us total 113.466ms
09-07 21:42:04.049 32221 32221 I Finsky  : [2] rtr.a(1): Scheduling job Id: 9002, L: 14837, D: 60534323, C: false, I: false, N: 1
09-07 21:42:04.052 32221 32221 I Finsky  : [2] rtr.a(1): Scheduling job Id: 9003, L: 0, D: 83687665, C: true, I: true, N: 2
09-07 21:42:04.052  7658 31999 W Conscrypt: Could not set socket write timeout: java.net.SocketException: Socket closed
09-07 21:42:04.052  7658 31999 W Conscrypt: 	at com.google.android.gms.org.conscrypt.Platform.setSocketWriteTimeout(:com.google.android.gms@19056018@19.0.56 (040308-262933554):2)
09-07 21:42:04.052  7658 31999 W Conscrypt: 	at com.google.android.gms.org.conscrypt.ConscryptFileDescriptorSocket.setSoWriteTimeout(:com.google.android.gms@19056018@19.0.56 (040308-262933554):2)
09-07 21:42:04.054 32221 32221 I Finsky  : [2] rtr.a(1): Scheduling job Id: 9007, L: 40489314, D: 41389314, C: false, I: false, N: 0
09-07 21:42:04.387 32592 32637 I GAv4    : Google Analytics 19.2.70 is starting up. To enable debug logging on a device run:
09-07 21:42:04.387 32592 32637 I GAv4    :   adb shell setprop log.tag.GAv4 DEBUG
09-07 21:42:04.387 32592 32637 I GAv4    :   adb logcat -s GAv4
09-07 21:42:04.442 32592 32640 W GAv4    : CampaignTrackingReceiver is not registered, not exported or is disabled. Installation campaign tracking is not possible. See http://goo.gl/8Rd3yj for instructions.
09-07 21:42:04.519 32592 32592 W PrimesInit: Primes instant initialization
09-07 21:42:04.520 32592 32644 W Primes  : background initialization
09-07 21:42:04.575 32592 32592 W FieldDefinition: [main] Ignoring isIndexed constraint as field also has uniqueness constraint (on just this field, and therefore SQLite will have to create an index on that. For field: cwu$a@a35108
09-07 21:42:04.641  1456  1893 D BatteryService: uevent={POWER_SUPPLY_VOLTAGE_NOW=4333318, POWER_SUPPLY_CHARGE_RATE=Normal, POWER_SUPPLY_HEALTH=Good, POWER_SUPPLY_CURRENT_NOW=41351, POWER_SUPPLY_PRESENT=1, SUBSYSTEM=power_supply, POWER_SUPPLY_TEMP=275, SEQNUM=15508, ACTION=change, POWER_SUPPLY_NAME=battery, POWER_SUPPLY_STATUS=Full, POWER_SUPPLY_CHARGE_COUNTER=2824000, POWER_SUPPLY_CAPACITY=100, DEVPATH=/devices/soc/qpnp-smbcharger-17/power_supply/battery}
09-07 21:42:04.650  2398  2398 D QtiCarrierConfigHelper: WARNING, no carrier configs on phone Id: 0
09-07 21:42:04.724  7658  7658 W ChimeraUtils: Non Chimera context
09-07 21:42:04.724  7658  7658 W ChimeraUtils: Non Chimera context
09-07 21:42:04.750  7704 31502 I Icing   : Indexing com.google.android.gms-apps from com.google.android.gms
09-07 21:42:04.768  7704 31502 I Icing   : Indexing com.google.android.gms-internal.3p:MobileApplication from com.google.android.gms
09-07 21:42:04.787  7704 31502 I Icing   : Indexing done com.google.android.gms-apps
09-07 21:42:04.788  7704 31502 I Icing   : Indexing com.google.android.gms-internal.3p:DigitalDocument from com.google.android.gms
09-07 21:42:04.813  7704 31502 I Icing   : Indexing done com.google.android.gms-internal.3p:MobileApplication
09-07 21:42:04.817  7704 31502 I Icing   : Indexing done com.google.android.gms-internal.3p:DigitalDocument
09-07 21:42:04.828 32592 32592 W ComponentDiscovery: Application info not found.
09-07 21:42:04.828 32592 32592 W ComponentDiscovery: Could not retrieve metadata, returning empty list of registrars.
09-07 21:42:04.933  7658  7658 W ChimeraUtils: Non Chimera context
09-07 21:42:04.933  7658  7658 W ChimeraUtils: Non Chimera context
09-07 21:42:04.946 32566 32581 I ProvidersCache: Provider returned no roots. Possibly naughty: com.google.android.apps.docs.storage
09-07 21:42:04.965 32566 32656 I ProvidersCache: Provider returned no roots. Possibly naughty: com.google.android.apps.docs.storage
09-07 21:42:07.544 32592 32645 W DynamiteModule: Local module descriptor class for providerinstaller not found.
09-07 21:42:07.547  7658  8096 W ProviderHelper: Unknown dynamite feature providerinstaller
09-07 21:42:07.552 32592 32645 W ProviderInstaller: Failed to load providerinstaller module: No acceptable module found. Local version is 0 and remote version is 0.
09-07 21:42:07.567 32592 32645 I zygote  : The ClassLoaderContext is a special shared library.
09-07 21:42:07.574 32592 32645 I zygote  : The ClassLoaderContext is a special shared library.
09-07 21:42:07.598 32592 32645 V NativeCrypto: Registering com/google/android/gms/org/conscrypt/NativeCrypto's 284 native methods...
09-07 21:42:07.630 32592 32645 D NetworkSecurityConfig: Using Network Security Config from resource network_security_config debugBuild: false
09-07 21:42:07.633 32592 32645 I ProviderInstaller: Installed default security provider GmsCore_OpenSSL
09-07 21:42:07.651  1456  2162 D ziparchive: Zip: EOCD not found, /data/app/vmdl194220856.tmp/base.apk is not zip
09-07 21:42:07.651  1456  2162 W zipro   : Error opening archive /data/app/vmdl194220856.tmp/base.apk: Invalid file
09-07 21:42:07.651  1456  2162 D asset   : failed to open Zip archive '/data/app/vmdl194220856.tmp/base.apk'
09-07 21:42:07.652  1456  2162 W PackageParser: Failed to parse /data/app/vmdl194220856.tmp/base.apk
09-07 21:42:07.652  1456  2162 W PackageParser: java.io.FileNotFoundException: AndroidManifest.xml
09-07 21:42:07.652  1456  2162 W PackageParser: 	at android.content.res.AssetManager.openXmlAssetNative(Native Method)
09-07 21:42:07.652  1456  2162 W PackageParser: 	at android.content.res.AssetManager.openXmlBlockAsset(AssetManager.java:546)
09-07 21:42:07.652  1456  2162 W PackageParser: 	at android.content.res.AssetManager.openXmlResourceParser(AssetManager.java:514)
09-07 21:42:07.652  1456  2162 W PackageParser: 	at android.content.pm.PackageParser.parseApkLite(PackageParser.java:1740)
09-07 21:42:07.652  1456  2162 W PackageParser: 	at com.android.server.pm.PackageInstallerSession.validateInstallLocked(PackageInstallerSession.java:1001)
09-07 21:42:07.652  1456  2162 W PackageParser: 	at com.android.server.pm.PackageInstallerSession.sealAndValidateLocked(PackageInstallerSession.java:776)
09-07 21:42:07.652  1456  2162 W PackageParser: 	at com.android.server.pm.PackageInstallerSession.commit(PackageInstallerSession.java:717)
09-07 21:42:07.652  1456  2162 W PackageParser: 	at android.content.pm.PackageInstaller$Session.commit(PackageInstaller.java:922)
09-07 21:42:07.652  1456  2162 W PackageParser: 	at com.android.server.pm.PackageManagerShellCommand.doCommitSession(PackageManagerShellCommand.java:1486)
09-07 21:42:07.652  1456  2162 W PackageParser: 	at com.android.server.pm.PackageManagerShellCommand.runInstall(PackageManagerShellCommand.java:213)
09-07 21:42:07.652  1456  2162 W PackageParser: 	at com.android.server.pm.PackageManagerShellCommand.onCommand(PackageManagerShellCommand.java:109)
09-07 21:42:07.652  1456  2162 W PackageParser: 	at android.os.ShellCommand.exec(ShellCommand.java:96)
09-07 21:42:07.652  1456  2162 W PackageParser: 	at com.android.server.pm.PackageManagerService.onShellCommand(PackageManagerService.java:23320)
09-07 21:42:07.652  1456  2162 W PackageParser: 	at android.os.Binder.shellCommand(Binder.java:594)
09-07 21:42:07.652  1456  2162 W PackageParser: 	at android.os.Binder.onTransact(Binder.java:492)
09-07 21:42:07.652  1456  2162 W PackageParser: 	at android.content.pm.IPackageManager$Stub.onTransact(IPackageManager.java:2707)
09-07 21:42:07.652  1456  2162 W PackageParser: 	at com.android.server.pm.PackageManagerService.onTransact(PackageManagerService.java:3955)
09-07 21:42:07.652  1456  2162 W PackageParser: 	at android.os.Binder.execTransact(Binder.java:697)
09-07 21:42:07.687  1016  1911 E         : Couldn't opendir /data/app/vmdl194220856.tmp: No such file or directory
09-07 21:42:07.687  1016  1911 E installd: Failed to delete /data/app/vmdl194220856.tmp: No such file or directory
09-07 21:42:08.731 32566 32580 I zygote  : Waiting for a blocking GC ProfileSaver
09-07 21:42:08.975 32592 32625 I zygote  : Waiting for a blocking GC ProfileSaver
09-07 21:42:12.811  1456  2162 I ActivityManager: START u0 {act=android.intent.action.MAIN cat=[android.intent.category.LAUNCHER] flg=0x10000000 cmp=org.mozilla.fenix.nightly/org.mozilla.fenix.HomeActivity} from uid 2000
09-07 21:42:12.812   794   839 E ANDR-PERF-RESOURCEQS: Failed to apply optimization [4, 0]
09-07 21:42:22.850  1456  2063 D WifiNative-wlan0: Scan issued for specific freq..
09-07 21:42:22.857   769   769 I MotoSensors: Sensorhub hal setDelay: 1 - 20
09-07 21:42:22.857   769   769 I MotoSensors: Sensorhub hal setdelay: 1 - 20
09-07 21:42:22.857 32221 32221 I Finsky  : [2] com.google.android.finsky.scheduler.JobSchedulerEngine$PhoneskyJobSchedulerJobService.onStartJob(3): onJobSchedulerWakeup with jobId 9002
09-07 21:42:22.857   769   769 I MotoSensors: HubSensors::updateAccelRate 200
09-07 21:42:22.858   769   769 I MotoSensors: Sensorhub hal enable: 1 - 1
09-07 21:42:22.858   769   769 I MotoSensors: HubSensors::updateAccelRate 20
09-07 21:42:22.861 32221 32221 I Finsky  : [2] rsl.a(22): Scheduling fallback job with id: 9034, and delay: 43200000 ms
09-07 21:42:22.865 32221 32221 I Finsky  : [2] rsl.a(5): Scheduling fallback in 64799998 (absolute: 499816324)
09-07 21:42:22.932  1456  1471 W ActivityManager: Invalid packageName: org.mozilla.fenix.nightly
09-07 21:42:23.029  1456  1471 I ActivityManager: START u0 {act=android.intent.action.MAIN cat=[android.intent.category.LAUNCHER] flg=0x10000000 cmp=org.mozilla.fenix.nightly/org.mozilla.fenix.HomeActivity} from uid 2000
09-07 21:42:23.030   794   839 E ANDR-PERF-RESOURCEQS: Failed to apply optimization [4, 0]
09-07 21:42:23.384   769   769 I MotoSensors: Sensorhub hal enable: 1 - 0
09-07 21:42:25.464  1456  1471 D WificondControl: Scan result ready event
09-07 21:42:25.469 32221 32221 I Finsky  : [2] rsw.handleMessage(9): DeviceState: DeviceState{currentTime=1567906945464, isCharging=true, isIdle=false, netAny=true, netNotRoaming=true, netUnmetered=true, batteryPercent=100.0}
09-07 21:42:25.475 32221 32584 I Finsky  : [2810] rui.b(7): Jobs in database: 1-1337 3-290 12-1 24-77777777 26-1414141414 
09-07 21:42:25.484  1456  1471 D WifiPermissionsUtil: Denied: no location permission
09-07 21:42:25.485  1456  2162 D WifiPermissionsUtil: Denied: no location permission
09-07 21:42:25.486 32221 32221 I Finsky  : [2] rsp.a(22): Running job: 12-1
09-07 21:42:25.487 32221 32221 I Finsky  : [2] com.google.android.finsky.contentsync.ContentSyncJob.a(19): ContentSyncJob started
09-07 21:42:25.488 32221 32221 I Finsky  : [2] rsw.handleMessage(101): RunningQueue size: 1, PendingQueue size: 0
09-07 21:42:25.488 32221 32221 I Finsky  : [2] rsw.handleMessage(110): Running queue: 12-1 
09-07 21:42:25.733 32221 32228 I zygote  : Do full code cache collection, code=116KB, data=110KB
09-07 21:42:25.736 32221 32228 I zygote  : After code cache collection, code=96KB, data=82KB
09-07 21:42:25.780 32221 32228 I zygote  : Do partial code cache collection, code=104KB, data=90KB
09-07 21:42:25.782 32221 32228 I zygote  : After code cache collection, code=104KB, data=90KB
09-07 21:42:25.782 32221 32228 I zygote  : Increasing code cache capacity to 512KB
09-07 21:42:25.920 32221 32630 I zygote  : Deoptimizing java.lang.Object j$.util.concurrent.ConcurrentHashMap.putVal(java.lang.Object, java.lang.Object, boolean) due to JIT inline cache
09-07 21:42:26.009 32221 32630 I Finsky  : [2824] ebw.a(14): Completed 0 account content syncs with 0 successful.
09-07 21:42:26.010 32221 32221 I Finsky  : [2] com.google.android.finsky.contentsync.ContentSyncJob.a(17): Installation state replication succeeded.
09-07 21:42:26.010 32221 32221 I Finsky  : [2] ruf.a(28): jobFinished: 12-1. TimeElapsed: 523ms.
09-07 21:42:26.011 32221 32221 I Finsky  : [2] rsp.c(6): Job 12-1 finished. Not rescheduling.
09-07 21:42:26.012 32221 32221 I Finsky  : [2] rsw.handleMessage(101): RunningQueue size: 0, PendingQueue size: 0
09-07 21:42:26.012 32221 32221 I Finsky  : [2] rsw.handleMessage(48): Executor finished
09-07 21:42:26.023 32221 32221 I Finsky  : [2] rui.b(7): Jobs in database: 1-1337 3-290 24-77777777 26-1414141414 
09-07 21:42:26.028 32221 32221 I Finsky  : [2] rrm.a(59): ConstraintMapping: 24-77777777,  -> L: 0ms, D: 56922366ms, C: false, I: true, N: 0
09-07 21:42:26.029 32221 32221 I Finsky  : [2] rrm.a(59): ConstraintMapping: 1-1337,  -> L: 17312318ms, D: 60512318ms, C: false, I: false, N: 1
09-07 21:42:26.029 32221 32221 I Finsky  : [2] rrm.a(59): ConstraintMapping: 3-290,  -> L: 0ms, D: 83665661ms, C: true, I: true, N: 2
09-07 21:42:26.030 32221 32221 I Finsky  : [2] rrm.a(59): ConstraintMapping: 26-1414141414,  -> L: 40467312ms, D: 41367312ms, C: false, I: false, N: 0
09-07 21:42:26.038 32221 32221 I Finsky  : [2] rtr.a(45): Cancelling existing jobscheduler jobs: 9007 9003 9001 
09-07 21:42:26.039 32221 32221 I Finsky  : [2] rtr.a(15): Throttling wakeup for job 9000 (expected to run in 0 ms) due to recent wakeup
09-07 21:42:26.040 32221 32221 I Finsky  : [2] rtr.a(1): Scheduling job Id: 9000, L: 30000, D: 56922366, C: false, I: true, N: 0
09-07 21:42:26.042 32221 32221 I Finsky  : [2] rtr.a(1): Scheduling job Id: 9004, L: 17312318, D: 60512318, C: false, I: false, N: 1
09-07 21:42:26.044 32221 32221 I Finsky  : [2] rtr.a(15): Throttling wakeup for job 9005 (expected to run in 0 ms) due to recent wakeup
09-07 21:42:26.045 32221 32221 I Finsky  : [2] rtr.a(1): Scheduling job Id: 9005, L: 30000, D: 83665661, C: true, I: true, N: 2
09-07 21:42:26.047 32221 32221 I Finsky  : [2] rtr.a(1): Scheduling job Id: 9006, L: 40467312, D: 41367312, C: false, I: false, N: 0
09-07 21:42:33.146  1456  1471 W ActivityManager: Invalid packageName: org.mozilla.fenix.nightly
09-07 21:42:33.240  1456  1471 I ActivityManager: START u0 {act=android.intent.action.MAIN cat=[android.intent.category.LAUNCHER] flg=0x10000000 cmp=org.mozilla.fenix.nightly/org.mozilla.fenix.HomeActivity} from uid 2000
09-07 21:42:33.241   794   839 E ANDR-PERF-RESOURCEQS: Failed to apply optimization [4, 0]
09-07 21:42:43.356  1456  1471 W ActivityManager: Invalid packageName: org.mozilla.fenix.nightly
09-07 21:42:43.449  1456  1471 I ActivityManager: START u0 {act=android.intent.action.MAIN cat=[android.intent.category.LAUNCHER] flg=0x10000000 cmp=org.mozilla.fenix.nightly/org.mozilla.fenix.HomeActivity} from uid 2000
09-07 21:42:53.567  1456  1471 W ActivityManager: Invalid packageName: org.mozilla.fenix.nightly
09-07 21:42:53.662  1456  1471 I ActivityManager: START u0 {act=android.intent.action.MAIN cat=[android.intent.category.LAUNCHER] flg=0x10000000 cmp=org.mozilla.fenix.nightly/org.mozilla.fenix.HomeActivity} from uid 2000
09-07 21:42:43.450   794   839 I chatty  : uid=0(root) vendor.qti.hard identical 1 line
09-07 21:42:53.663   794   839 E ANDR-PERF-RESOURCEQS: Failed to apply optimization [4, 0]
09-07 21:42:53.859  1456  1466 I zygote  : Background concurrent copying GC freed 67226(3MB) AllocSpace objects, 42(1656KB) LOS objects, 42% free, 16MB/29MB, paused 769us total 201.594ms
09-07 21:43:03.780  1456  2162 W ActivityManager: Invalid packageName: org.mozilla.fenix.nightly
