Downloading apk.
Done downloading apk.
Running tests
* daemon not running; starting now at tcp:5037
* daemon started successfully
Performing Streamed Install
Success
Starting by using am start-activity org.mozilla.fenix.nightly/org.mozilla.fenix.HomeActivity
Starting: Intent { act=android.intent.action.MAIN cat=[android.intent.category.LAUNCHER] cmp=org.mozilla.fenix.nightly/org.mozilla.fenix.HomeActivity }
Starting by using am start-activity org.mozilla.fenix.nightly/org.mozilla.fenix.HomeActivity
Starting: Intent { act=android.intent.action.MAIN cat=[android.intent.category.LAUNCHER] cmp=org.mozilla.fenix.nightly/org.mozilla.fenix.HomeActivity }
Starting by using am start-activity org.mozilla.fenix.nightly/org.mozilla.fenix.HomeActivity
Starting: Intent { act=android.intent.action.MAIN cat=[android.intent.category.LAUNCHER] cmp=org.mozilla.fenix.nightly/org.mozilla.fenix.HomeActivity }
Starting by using am start-activity org.mozilla.fenix.nightly/org.mozilla.fenix.HomeActivity
Starting: Intent { act=android.intent.action.MAIN cat=[android.intent.category.LAUNCHER] cmp=org.mozilla.fenix.nightly/org.mozilla.fenix.HomeActivity }
Starting by using am start-activity org.mozilla.fenix.nightly/org.mozilla.fenix.HomeActivity
Starting: Intent { act=android.intent.action.MAIN cat=[android.intent.category.LAUNCHER] cmp=org.mozilla.fenix.nightly/org.mozilla.fenix.HomeActivity }
Performing Streamed Install
Success
Starting by using am start-activity -t "text/html" -d "about:blank" -a android.intent.action.VIEW org.mozilla.fenix.nightly/org.mozilla.fenix.IntentReceiverActivity
Starting: Intent { act=android.intent.action.VIEW dat=about:blank typ=text/html cmp=org.mozilla.fenix.nightly/org.mozilla.fenix.IntentReceiverActivity }
Starting by using am start-activity -t "text/html" -d "about:blank" -a android.intent.action.VIEW org.mozilla.fenix.nightly/org.mozilla.fenix.IntentReceiverActivity
Starting: Intent { act=android.intent.action.VIEW dat=about:blank typ=text/html cmp=org.mozilla.fenix.nightly/org.mozilla.fenix.IntentReceiverActivity }
Starting by using am start-activity -t "text/html" -d "about:blank" -a android.intent.action.VIEW org.mozilla.fenix.nightly/org.mozilla.fenix.IntentReceiverActivity
Starting: Intent { act=android.intent.action.VIEW dat=about:blank typ=text/html cmp=org.mozilla.fenix.nightly/org.mozilla.fenix.IntentReceiverActivity }
Starting by using am start-activity -t "text/html" -d "about:blank" -a android.intent.action.VIEW org.mozilla.fenix.nightly/org.mozilla.fenix.IntentReceiverActivity
Starting: Intent { act=android.intent.action.VIEW dat=about:blank typ=text/html cmp=org.mozilla.fenix.nightly/org.mozilla.fenix.IntentReceiverActivity }
Starting by using am start-activity -t "text/html" -d "about:blank" -a android.intent.action.VIEW org.mozilla.fenix.nightly/org.mozilla.fenix.IntentReceiverActivity
Starting: Intent { act=android.intent.action.VIEW dat=about:blank typ=text/html cmp=org.mozilla.fenix.nightly/org.mozilla.fenix.IntentReceiverActivity }
Downloading apk.
Done downloading apk.
Trying again to download the nightly apk (error 22).
Downloading apk.
Done downloading apk.
Trying again to download the nightly apk (error 22).
Downloading apk.
Done downloading apk.
Trying again to download the nightly apk (error 22).
Downloading apk.
Done downloading apk.
Trying again to download the nightly apk (error 22).
Downloading apk.
Done downloading apk.
Trying again to download the nightly apk (error 22).
Failed to download an APK.
