Downloading apk.
Done downloading apk.
Running tests
finish onboarding: 
Not downloading a new apk; using existing.
Running tests
finish onboarding: 1
Not downloading a new apk; using existing.
Running tests
I am not NOT going to finish onboarding.
Not downloading a new apk; using existing.
Running tests
I am going to finish onboarding.
Not downloading a new apk; using existing.
Running tests
I am not NOT going to finish onboarding.
Not downloading a new apk; using existing.
Running tests
I am going to finish onboarding:am start --ez finishonboarding true-activity -t "text/html" -d "about:blank" -a android.intent.action.VIEW org.mozilla.fenix.performancetest/org.mozilla.fenix.IntentReceiverActivity
Not downloading a new apk; using existing.
Running tests
I am going to finish onboarding:am start-activity --ez finishonboarding true -t "text/html" -d "about:blank" -a android.intent.action.VIEW org.mozilla.fenix.performancetest/org.mozilla.fenix.IntentReceiverActivity
Not downloading a new apk; using existing.
Running tests
I am going to finish onboarding:am start-activity --ez finishonboarding true org.mozilla.fenix.performancetest/org.mozilla.fenix.HomeActivity
Not downloading a new apk; using existing.
Running tests
I am going to finish onboarding:am start-activity --ez finishonboarding true org.mozilla.fenix.performancetest/org.mozilla.fenix.HomeActivity
Not downloading a new apk; using existing.
Running tests
Warmup start command: 
Not downloading a new apk; using existing.
Running tests
Warmup start command: am start-activity org.mozilla.fenix.performancetest/org.mozilla.fenix.HomeActivity
Not downloading a new apk; using existing.
Running tests
Warmup start command: am start-activity org.mozilla.fenix.performancetest/org.mozilla.fenix.HomeActivity
Warmup start command: am start-activity -t "text/html" -d "about:blank" -a android.intent.action.VIEW org.mozilla.fenix.performancetest/org.mozilla.fenix.IntentReceiverActivity
Warmup start command: am start-activity --ez finishonboarding true org.mozilla.fenix.performancetest/org.mozilla.fenix.HomeActivity
Not downloading a new apk; using existing.
Running tests
Warmup start command: am start-activity org.mozilla.fenix.performancetest/org.mozilla.fenix.HomeActivity
Warmup start command: am start-activity -t "text/html" -d "about:blank" -a android.intent.action.VIEW org.mozilla.fenix.performancetest/org.mozilla.fenix.IntentReceiverActivity
Warmup start command: am start-activity --ez finishonboarding true org.mozilla.fenix.performancetest/org.mozilla.fenix.HomeActivity
Not downloading a new apk; using existing.
Running tests
Performing Streamed Install
Success
Starting: Intent { act=android.intent.action.MAIN cat=[android.intent.category.LAUNCHER] cmp=org.mozilla.fenix.performancetest/org.mozilla.fenix.HomeActivity (has extras) }
Starting by using am start-activity org.mozilla.fenix.performancetest/org.mozilla.fenix.HomeActivity
Starting: Intent { act=android.intent.action.MAIN cat=[android.intent.category.LAUNCHER] cmp=org.mozilla.fenix.performancetest/org.mozilla.fenix.HomeActivity }
Starting by using am start-activity org.mozilla.fenix.performancetest/org.mozilla.fenix.HomeActivity
Starting: Intent { act=android.intent.action.MAIN cat=[android.intent.category.LAUNCHER] cmp=org.mozilla.fenix.performancetest/org.mozilla.fenix.HomeActivity }
Starting by using am start-activity org.mozilla.fenix.performancetest/org.mozilla.fenix.HomeActivity
Starting: Intent { act=android.intent.action.MAIN cat=[android.intent.category.LAUNCHER] cmp=org.mozilla.fenix.performancetest/org.mozilla.fenix.HomeActivity }
Starting by using am start-activity org.mozilla.fenix.performancetest/org.mozilla.fenix.HomeActivity
Starting: Intent { act=android.intent.action.MAIN cat=[android.intent.category.LAUNCHER] cmp=org.mozilla.fenix.performancetest/org.mozilla.fenix.HomeActivity }
Starting by using am start-activity org.mozilla.fenix.performancetest/org.mozilla.fenix.HomeActivity
Starting: Intent { act=android.intent.action.MAIN cat=[android.intent.category.LAUNCHER] cmp=org.mozilla.fenix.performancetest/org.mozilla.fenix.HomeActivity }
Starting by using am start-activity org.mozilla.fenix.performancetest/org.mozilla.fenix.HomeActivity
Starting: Intent { act=android.intent.action.MAIN cat=[android.intent.category.LAUNCHER] cmp=org.mozilla.fenix.performancetest/org.mozilla.fenix.HomeActivity }
Starting by using am start-activity org.mozilla.fenix.performancetest/org.mozilla.fenix.HomeActivity
Starting: Intent { act=android.intent.action.MAIN cat=[android.intent.category.LAUNCHER] cmp=org.mozilla.fenix.performancetest/org.mozilla.fenix.HomeActivity }
Starting by using am start-activity org.mozilla.fenix.performancetest/org.mozilla.fenix.HomeActivity
Starting: Intent { act=android.intent.action.MAIN cat=[android.intent.category.LAUNCHER] cmp=org.mozilla.fenix.performancetest/org.mozilla.fenix.HomeActivity }
Starting by using am start-activity org.mozilla.fenix.performancetest/org.mozilla.fenix.HomeActivity
Starting: Intent { act=android.intent.action.MAIN cat=[android.intent.category.LAUNCHER] cmp=org.mozilla.fenix.performancetest/org.mozilla.fenix.HomeActivity }
Starting by using am start-activity org.mozilla.fenix.performancetest/org.mozilla.fenix.HomeActivity
Starting: Intent { act=android.intent.action.MAIN cat=[android.intent.category.LAUNCHER] cmp=org.mozilla.fenix.performancetest/org.mozilla.fenix.HomeActivity }
Starting by using am start-activity org.mozilla.fenix.performancetest/org.mozilla.fenix.HomeActivity
Starting: Intent { act=android.intent.action.MAIN cat=[android.intent.category.LAUNCHER] cmp=org.mozilla.fenix.performancetest/org.mozilla.fenix.HomeActivity }
Starting by using am start-activity org.mozilla.fenix.performancetest/org.mozilla.fenix.HomeActivity
Starting: Intent { act=android.intent.action.MAIN cat=[android.intent.category.LAUNCHER] cmp=org.mozilla.fenix.performancetest/org.mozilla.fenix.HomeActivity }
Starting by using am start-activity org.mozilla.fenix.performancetest/org.mozilla.fenix.HomeActivity
Starting: Intent { act=android.intent.action.MAIN cat=[android.intent.category.LAUNCHER] cmp=org.mozilla.fenix.performancetest/org.mozilla.fenix.HomeActivity }
Starting by using am start-activity org.mozilla.fenix.performancetest/org.mozilla.fenix.HomeActivity
Starting: Intent { act=android.intent.action.MAIN cat=[android.intent.category.LAUNCHER] cmp=org.mozilla.fenix.performancetest/org.mozilla.fenix.HomeActivity }
Starting by using am start-activity org.mozilla.fenix.performancetest/org.mozilla.fenix.HomeActivity
Starting: Intent { act=android.intent.action.MAIN cat=[android.intent.category.LAUNCHER] cmp=org.mozilla.fenix.performancetest/org.mozilla.fenix.HomeActivity }
Starting by using am start-activity org.mozilla.fenix.performancetest/org.mozilla.fenix.HomeActivity
Starting: Intent { act=android.intent.action.MAIN cat=[android.intent.category.LAUNCHER] cmp=org.mozilla.fenix.performancetest/org.mozilla.fenix.HomeActivity }
Starting by using am start-activity org.mozilla.fenix.performancetest/org.mozilla.fenix.HomeActivity
Starting: Intent { act=android.intent.action.MAIN cat=[android.intent.category.LAUNCHER] cmp=org.mozilla.fenix.performancetest/org.mozilla.fenix.HomeActivity }
Starting by using am start-activity org.mozilla.fenix.performancetest/org.mozilla.fenix.HomeActivity
Starting: Intent { act=android.intent.action.MAIN cat=[android.intent.category.LAUNCHER] cmp=org.mozilla.fenix.performancetest/org.mozilla.fenix.HomeActivity }
Starting by using am start-activity org.mozilla.fenix.performancetest/org.mozilla.fenix.HomeActivity
Starting: Intent { act=android.intent.action.MAIN cat=[android.intent.category.LAUNCHER] cmp=org.mozilla.fenix.performancetest/org.mozilla.fenix.HomeActivity }
Starting by using am start-activity org.mozilla.fenix.performancetest/org.mozilla.fenix.HomeActivity
Starting: Intent { act=android.intent.action.MAIN cat=[android.intent.category.LAUNCHER] cmp=org.mozilla.fenix.performancetest/org.mozilla.fenix.HomeActivity }
Starting by using am start-activity org.mozilla.fenix.performancetest/org.mozilla.fenix.HomeActivity
Starting: Intent { act=android.intent.action.MAIN cat=[android.intent.category.LAUNCHER] cmp=org.mozilla.fenix.performancetest/org.mozilla.fenix.HomeActivity }
Starting by using am start-activity org.mozilla.fenix.performancetest/org.mozilla.fenix.HomeActivity
Starting: Intent { act=android.intent.action.MAIN cat=[android.intent.category.LAUNCHER] cmp=org.mozilla.fenix.performancetest/org.mozilla.fenix.HomeActivity }
Starting by using am start-activity org.mozilla.fenix.performancetest/org.mozilla.fenix.HomeActivity
Starting: Intent { act=android.intent.action.MAIN cat=[android.intent.category.LAUNCHER] cmp=org.mozilla.fenix.performancetest/org.mozilla.fenix.HomeActivity }
Starting by using am start-activity org.mozilla.fenix.performancetest/org.mozilla.fenix.HomeActivity
Starting: Intent { act=android.intent.action.MAIN cat=[android.intent.category.LAUNCHER] cmp=org.mozilla.fenix.performancetest/org.mozilla.fenix.HomeActivity }
Starting by using am start-activity org.mozilla.fenix.performancetest/org.mozilla.fenix.HomeActivity
Starting: Intent { act=android.intent.action.MAIN cat=[android.intent.category.LAUNCHER] cmp=org.mozilla.fenix.performancetest/org.mozilla.fenix.HomeActivity }
Starting by using am start-activity org.mozilla.fenix.performancetest/org.mozilla.fenix.HomeActivity
Starting: Intent { act=android.intent.action.MAIN cat=[android.intent.category.LAUNCHER] cmp=org.mozilla.fenix.performancetest/org.mozilla.fenix.HomeActivity }
Starting by using am start-activity org.mozilla.fenix.performancetest/org.mozilla.fenix.HomeActivity
Starting: Intent { act=android.intent.action.MAIN cat=[android.intent.category.LAUNCHER] cmp=org.mozilla.fenix.performancetest/org.mozilla.fenix.HomeActivity }
Starting by using am start-activity org.mozilla.fenix.performancetest/org.mozilla.fenix.HomeActivity
Starting: Intent { act=android.intent.action.MAIN cat=[android.intent.category.LAUNCHER] cmp=org.mozilla.fenix.performancetest/org.mozilla.fenix.HomeActivity }
Starting by using am start-activity org.mozilla.fenix.performancetest/org.mozilla.fenix.HomeActivity
Starting: Intent { act=android.intent.action.MAIN cat=[android.intent.category.LAUNCHER] cmp=org.mozilla.fenix.performancetest/org.mozilla.fenix.HomeActivity }
Starting by using am start-activity org.mozilla.fenix.performancetest/org.mozilla.fenix.HomeActivity
Starting: Intent { act=android.intent.action.MAIN cat=[android.intent.category.LAUNCHER] cmp=org.mozilla.fenix.performancetest/org.mozilla.fenix.HomeActivity }
Starting by using am start-activity org.mozilla.fenix.performancetest/org.mozilla.fenix.HomeActivity
Starting: Intent { act=android.intent.action.MAIN cat=[android.intent.category.LAUNCHER] cmp=org.mozilla.fenix.performancetest/org.mozilla.fenix.HomeActivity }
Starting by using am start-activity org.mozilla.fenix.performancetest/org.mozilla.fenix.HomeActivity
Starting: Intent { act=android.intent.action.MAIN cat=[android.intent.category.LAUNCHER] cmp=org.mozilla.fenix.performancetest/org.mozilla.fenix.HomeActivity }
Starting by using am start-activity org.mozilla.fenix.performancetest/org.mozilla.fenix.HomeActivity
Starting: Intent { act=android.intent.action.MAIN cat=[android.intent.category.LAUNCHER] cmp=org.mozilla.fenix.performancetest/org.mozilla.fenix.HomeActivity }
Starting by using am start-activity org.mozilla.fenix.performancetest/org.mozilla.fenix.HomeActivity
Starting: Intent { act=android.intent.action.MAIN cat=[android.intent.category.LAUNCHER] cmp=org.mozilla.fenix.performancetest/org.mozilla.fenix.HomeActivity }
Starting by using am start-activity org.mozilla.fenix.performancetest/org.mozilla.fenix.HomeActivity
Starting: Intent { act=android.intent.action.MAIN cat=[android.intent.category.LAUNCHER] cmp=org.mozilla.fenix.performancetest/org.mozilla.fenix.HomeActivity }
Starting by using am start-activity org.mozilla.fenix.performancetest/org.mozilla.fenix.HomeActivity
Starting: Intent { act=android.intent.action.MAIN cat=[android.intent.category.LAUNCHER] cmp=org.mozilla.fenix.performancetest/org.mozilla.fenix.HomeActivity }
Starting by using am start-activity org.mozilla.fenix.performancetest/org.mozilla.fenix.HomeActivity
Starting: Intent { act=android.intent.action.MAIN cat=[android.intent.category.LAUNCHER] cmp=org.mozilla.fenix.performancetest/org.mozilla.fenix.HomeActivity }
Starting by using am start-activity org.mozilla.fenix.performancetest/org.mozilla.fenix.HomeActivity
Starting: Intent { act=android.intent.action.MAIN cat=[android.intent.category.LAUNCHER] cmp=org.mozilla.fenix.performancetest/org.mozilla.fenix.HomeActivity }
Starting by using am start-activity org.mozilla.fenix.performancetest/org.mozilla.fenix.HomeActivity
Starting: Intent { act=android.intent.action.MAIN cat=[android.intent.category.LAUNCHER] cmp=org.mozilla.fenix.performancetest/org.mozilla.fenix.HomeActivity }
Starting by using am start-activity org.mozilla.fenix.performancetest/org.mozilla.fenix.HomeActivity
Starting: Intent { act=android.intent.action.MAIN cat=[android.intent.category.LAUNCHER] cmp=org.mozilla.fenix.performancetest/org.mozilla.fenix.HomeActivity }
Starting by using am start-activity org.mozilla.fenix.performancetest/org.mozilla.fenix.HomeActivity
Starting: Intent { act=android.intent.action.MAIN cat=[android.intent.category.LAUNCHER] cmp=org.mozilla.fenix.performancetest/org.mozilla.fenix.HomeActivity }
Starting by using am start-activity org.mozilla.fenix.performancetest/org.mozilla.fenix.HomeActivity
Starting: Intent { act=android.intent.action.MAIN cat=[android.intent.category.LAUNCHER] cmp=org.mozilla.fenix.performancetest/org.mozilla.fenix.HomeActivity }
Starting by using am start-activity org.mozilla.fenix.performancetest/org.mozilla.fenix.HomeActivity
Starting: Intent { act=android.intent.action.MAIN cat=[android.intent.category.LAUNCHER] cmp=org.mozilla.fenix.performancetest/org.mozilla.fenix.HomeActivity }
Starting by using am start-activity org.mozilla.fenix.performancetest/org.mozilla.fenix.HomeActivity
Starting: Intent { act=android.intent.action.MAIN cat=[android.intent.category.LAUNCHER] cmp=org.mozilla.fenix.performancetest/org.mozilla.fenix.HomeActivity }
Starting by using am start-activity org.mozilla.fenix.performancetest/org.mozilla.fenix.HomeActivity
Starting: Intent { act=android.intent.action.MAIN cat=[android.intent.category.LAUNCHER] cmp=org.mozilla.fenix.performancetest/org.mozilla.fenix.HomeActivity }
Starting by using am start-activity org.mozilla.fenix.performancetest/org.mozilla.fenix.HomeActivity
Starting: Intent { act=android.intent.action.MAIN cat=[android.intent.category.LAUNCHER] cmp=org.mozilla.fenix.performancetest/org.mozilla.fenix.HomeActivity }
Starting by using am start-activity org.mozilla.fenix.performancetest/org.mozilla.fenix.HomeActivity
Starting: Intent { act=android.intent.action.MAIN cat=[android.intent.category.LAUNCHER] cmp=org.mozilla.fenix.performancetest/org.mozilla.fenix.HomeActivity }
Starting by using am start-activity org.mozilla.fenix.performancetest/org.mozilla.fenix.HomeActivity
Starting: Intent { act=android.intent.action.MAIN cat=[android.intent.category.LAUNCHER] cmp=org.mozilla.fenix.performancetest/org.mozilla.fenix.HomeActivity }
Starting by using am start-activity org.mozilla.fenix.performancetest/org.mozilla.fenix.HomeActivity
Starting: Intent { act=android.intent.action.MAIN cat=[android.intent.category.LAUNCHER] cmp=org.mozilla.fenix.performancetest/org.mozilla.fenix.HomeActivity }
Starting by using am start-activity org.mozilla.fenix.performancetest/org.mozilla.fenix.HomeActivity
Starting: Intent { act=android.intent.action.MAIN cat=[android.intent.category.LAUNCHER] cmp=org.mozilla.fenix.performancetest/org.mozilla.fenix.HomeActivity }
Starting by using am start-activity org.mozilla.fenix.performancetest/org.mozilla.fenix.HomeActivity
Starting: Intent { act=android.intent.action.MAIN cat=[android.intent.category.LAUNCHER] cmp=org.mozilla.fenix.performancetest/org.mozilla.fenix.HomeActivity }
Starting by using am start-activity org.mozilla.fenix.performancetest/org.mozilla.fenix.HomeActivity
Starting: Intent { act=android.intent.action.MAIN cat=[android.intent.category.LAUNCHER] cmp=org.mozilla.fenix.performancetest/org.mozilla.fenix.HomeActivity }
Starting by using am start-activity org.mozilla.fenix.performancetest/org.mozilla.fenix.HomeActivity
Starting: Intent { act=android.intent.action.MAIN cat=[android.intent.category.LAUNCHER] cmp=org.mozilla.fenix.performancetest/org.mozilla.fenix.HomeActivity }
Starting by using am start-activity org.mozilla.fenix.performancetest/org.mozilla.fenix.HomeActivity
Starting: Intent { act=android.intent.action.MAIN cat=[android.intent.category.LAUNCHER] cmp=org.mozilla.fenix.performancetest/org.mozilla.fenix.HomeActivity }
Starting by using am start-activity org.mozilla.fenix.performancetest/org.mozilla.fenix.HomeActivity
Starting: Intent { act=android.intent.action.MAIN cat=[android.intent.category.LAUNCHER] cmp=org.mozilla.fenix.performancetest/org.mozilla.fenix.HomeActivity }
Starting by using am start-activity org.mozilla.fenix.performancetest/org.mozilla.fenix.HomeActivity
Starting: Intent { act=android.intent.action.MAIN cat=[android.intent.category.LAUNCHER] cmp=org.mozilla.fenix.performancetest/org.mozilla.fenix.HomeActivity }
Starting by using am start-activity org.mozilla.fenix.performancetest/org.mozilla.fenix.HomeActivity
Starting: Intent { act=android.intent.action.MAIN cat=[android.intent.category.LAUNCHER] cmp=org.mozilla.fenix.performancetest/org.mozilla.fenix.HomeActivity }
Starting by using am start-activity org.mozilla.fenix.performancetest/org.mozilla.fenix.HomeActivity
Starting: Intent { act=android.intent.action.MAIN cat=[android.intent.category.LAUNCHER] cmp=org.mozilla.fenix.performancetest/org.mozilla.fenix.HomeActivity }
Starting by using am start-activity org.mozilla.fenix.performancetest/org.mozilla.fenix.HomeActivity
Starting: Intent { act=android.intent.action.MAIN cat=[android.intent.category.LAUNCHER] cmp=org.mozilla.fenix.performancetest/org.mozilla.fenix.HomeActivity }
Starting by using am start-activity org.mozilla.fenix.performancetest/org.mozilla.fenix.HomeActivity
Starting: Intent { act=android.intent.action.MAIN cat=[android.intent.category.LAUNCHER] cmp=org.mozilla.fenix.performancetest/org.mozilla.fenix.HomeActivity }
Starting by using am start-activity org.mozilla.fenix.performancetest/org.mozilla.fenix.HomeActivity
Starting: Intent { act=android.intent.action.MAIN cat=[android.intent.category.LAUNCHER] cmp=org.mozilla.fenix.performancetest/org.mozilla.fenix.HomeActivity }
Starting by using am start-activity org.mozilla.fenix.performancetest/org.mozilla.fenix.HomeActivity
Starting: Intent { act=android.intent.action.MAIN cat=[android.intent.category.LAUNCHER] cmp=org.mozilla.fenix.performancetest/org.mozilla.fenix.HomeActivity }
Starting by using am start-activity org.mozilla.fenix.performancetest/org.mozilla.fenix.HomeActivity
Starting: Intent { act=android.intent.action.MAIN cat=[android.intent.category.LAUNCHER] cmp=org.mozilla.fenix.performancetest/org.mozilla.fenix.HomeActivity }
Starting by using am start-activity org.mozilla.fenix.performancetest/org.mozilla.fenix.HomeActivity
Starting: Intent { act=android.intent.action.MAIN cat=[android.intent.category.LAUNCHER] cmp=org.mozilla.fenix.performancetest/org.mozilla.fenix.HomeActivity }
Starting by using am start-activity org.mozilla.fenix.performancetest/org.mozilla.fenix.HomeActivity
Starting: Intent { act=android.intent.action.MAIN cat=[android.intent.category.LAUNCHER] cmp=org.mozilla.fenix.performancetest/org.mozilla.fenix.HomeActivity }
Starting by using am start-activity org.mozilla.fenix.performancetest/org.mozilla.fenix.HomeActivity
Starting: Intent { act=android.intent.action.MAIN cat=[android.intent.category.LAUNCHER] cmp=org.mozilla.fenix.performancetest/org.mozilla.fenix.HomeActivity }
Starting by using am start-activity org.mozilla.fenix.performancetest/org.mozilla.fenix.HomeActivity
Starting: Intent { act=android.intent.action.MAIN cat=[android.intent.category.LAUNCHER] cmp=org.mozilla.fenix.performancetest/org.mozilla.fenix.HomeActivity }
Starting by using am start-activity org.mozilla.fenix.performancetest/org.mozilla.fenix.HomeActivity
Starting: Intent { act=android.intent.action.MAIN cat=[android.intent.category.LAUNCHER] cmp=org.mozilla.fenix.performancetest/org.mozilla.fenix.HomeActivity }
Starting by using am start-activity org.mozilla.fenix.performancetest/org.mozilla.fenix.HomeActivity
Starting: Intent { act=android.intent.action.MAIN cat=[android.intent.category.LAUNCHER] cmp=org.mozilla.fenix.performancetest/org.mozilla.fenix.HomeActivity }
Starting by using am start-activity org.mozilla.fenix.performancetest/org.mozilla.fenix.HomeActivity
Starting: Intent { act=android.intent.action.MAIN cat=[android.intent.category.LAUNCHER] cmp=org.mozilla.fenix.performancetest/org.mozilla.fenix.HomeActivity }
Starting by using am start-activity org.mozilla.fenix.performancetest/org.mozilla.fenix.HomeActivity
Starting: Intent { act=android.intent.action.MAIN cat=[android.intent.category.LAUNCHER] cmp=org.mozilla.fenix.performancetest/org.mozilla.fenix.HomeActivity }
Starting by using am start-activity org.mozilla.fenix.performancetest/org.mozilla.fenix.HomeActivity
Starting: Intent { act=android.intent.action.MAIN cat=[android.intent.category.LAUNCHER] cmp=org.mozilla.fenix.performancetest/org.mozilla.fenix.HomeActivity }
Starting by using am start-activity org.mozilla.fenix.performancetest/org.mozilla.fenix.HomeActivity
Starting: Intent { act=android.intent.action.MAIN cat=[android.intent.category.LAUNCHER] cmp=org.mozilla.fenix.performancetest/org.mozilla.fenix.HomeActivity }
Starting by using am start-activity org.mozilla.fenix.performancetest/org.mozilla.fenix.HomeActivity
Starting: Intent { act=android.intent.action.MAIN cat=[android.intent.category.LAUNCHER] cmp=org.mozilla.fenix.performancetest/org.mozilla.fenix.HomeActivity }
Starting by using am start-activity org.mozilla.fenix.performancetest/org.mozilla.fenix.HomeActivity
Starting: Intent { act=android.intent.action.MAIN cat=[android.intent.category.LAUNCHER] cmp=org.mozilla.fenix.performancetest/org.mozilla.fenix.HomeActivity }
Starting by using am start-activity org.mozilla.fenix.performancetest/org.mozilla.fenix.HomeActivity
Starting: Intent { act=android.intent.action.MAIN cat=[android.intent.category.LAUNCHER] cmp=org.mozilla.fenix.performancetest/org.mozilla.fenix.HomeActivity }
Starting by using am start-activity org.mozilla.fenix.performancetest/org.mozilla.fenix.HomeActivity
Starting: Intent { act=android.intent.action.MAIN cat=[android.intent.category.LAUNCHER] cmp=org.mozilla.fenix.performancetest/org.mozilla.fenix.HomeActivity }
Starting by using am start-activity org.mozilla.fenix.performancetest/org.mozilla.fenix.HomeActivity
Starting: Intent { act=android.intent.action.MAIN cat=[android.intent.category.LAUNCHER] cmp=org.mozilla.fenix.performancetest/org.mozilla.fenix.HomeActivity }
Starting by using am start-activity org.mozilla.fenix.performancetest/org.mozilla.fenix.HomeActivity
Starting: Intent { act=android.intent.action.MAIN cat=[android.intent.category.LAUNCHER] cmp=org.mozilla.fenix.performancetest/org.mozilla.fenix.HomeActivity }
Starting by using am start-activity org.mozilla.fenix.performancetest/org.mozilla.fenix.HomeActivity
Starting: Intent { act=android.intent.action.MAIN cat=[android.intent.category.LAUNCHER] cmp=org.mozilla.fenix.performancetest/org.mozilla.fenix.HomeActivity }
Starting by using am start-activity org.mozilla.fenix.performancetest/org.mozilla.fenix.HomeActivity
Starting: Intent { act=android.intent.action.MAIN cat=[android.intent.category.LAUNCHER] cmp=org.mozilla.fenix.performancetest/org.mozilla.fenix.HomeActivity }
Starting by using am start-activity org.mozilla.fenix.performancetest/org.mozilla.fenix.HomeActivity
Starting: Intent { act=android.intent.action.MAIN cat=[android.intent.category.LAUNCHER] cmp=org.mozilla.fenix.performancetest/org.mozilla.fenix.HomeActivity }
Starting by using am start-activity org.mozilla.fenix.performancetest/org.mozilla.fenix.HomeActivity
Starting: Intent { act=android.intent.action.MAIN cat=[android.intent.category.LAUNCHER] cmp=org.mozilla.fenix.performancetest/org.mozilla.fenix.HomeActivity }
Starting by using am start-activity org.mozilla.fenix.performancetest/org.mozilla.fenix.HomeActivity
Starting: Intent { act=android.intent.action.MAIN cat=[android.intent.category.LAUNCHER] cmp=org.mozilla.fenix.performancetest/org.mozilla.fenix.HomeActivity }
Starting by using am start-activity org.mozilla.fenix.performancetest/org.mozilla.fenix.HomeActivity
Starting: Intent { act=android.intent.action.MAIN cat=[android.intent.category.LAUNCHER] cmp=org.mozilla.fenix.performancetest/org.mozilla.fenix.HomeActivity }
Starting by using am start-activity org.mozilla.fenix.performancetest/org.mozilla.fenix.HomeActivity
Starting: Intent { act=android.intent.action.MAIN cat=[android.intent.category.LAUNCHER] cmp=org.mozilla.fenix.performancetest/org.mozilla.fenix.HomeActivity }
Starting by using am start-activity org.mozilla.fenix.performancetest/org.mozilla.fenix.HomeActivity
Starting: Intent { act=android.intent.action.MAIN cat=[android.intent.category.LAUNCHER] cmp=org.mozilla.fenix.performancetest/org.mozilla.fenix.HomeActivity }
Starting by using am start-activity org.mozilla.fenix.performancetest/org.mozilla.fenix.HomeActivity
Starting: Intent { act=android.intent.action.MAIN cat=[android.intent.category.LAUNCHER] cmp=org.mozilla.fenix.performancetest/org.mozilla.fenix.HomeActivity }
Starting by using am start-activity org.mozilla.fenix.performancetest/org.mozilla.fenix.HomeActivity
Starting: Intent { act=android.intent.action.MAIN cat=[android.intent.category.LAUNCHER] cmp=org.mozilla.fenix.performancetest/org.mozilla.fenix.HomeActivity }
Starting by using am start-activity org.mozilla.fenix.performancetest/org.mozilla.fenix.HomeActivity
Starting: Intent { act=android.intent.action.MAIN cat=[android.intent.category.LAUNCHER] cmp=org.mozilla.fenix.performancetest/org.mozilla.fenix.HomeActivity }
Starting by using am start-activity org.mozilla.fenix.performancetest/org.mozilla.fenix.HomeActivity
Starting: Intent { act=android.intent.action.MAIN cat=[android.intent.category.LAUNCHER] cmp=org.mozilla.fenix.performancetest/org.mozilla.fenix.HomeActivity }
Starting by using am start-activity org.mozilla.fenix.performancetest/org.mozilla.fenix.HomeActivity
Starting: Intent { act=android.intent.action.MAIN cat=[android.intent.category.LAUNCHER] cmp=org.mozilla.fenix.performancetest/org.mozilla.fenix.HomeActivity }
Starting by using am start-activity org.mozilla.fenix.performancetest/org.mozilla.fenix.HomeActivity
Starting: Intent { act=android.intent.action.MAIN cat=[android.intent.category.LAUNCHER] cmp=org.mozilla.fenix.performancetest/org.mozilla.fenix.HomeActivity }
Starting by using am start-activity org.mozilla.fenix.performancetest/org.mozilla.fenix.HomeActivity
Starting: Intent { act=android.intent.action.MAIN cat=[android.intent.category.LAUNCHER] cmp=org.mozilla.fenix.performancetest/org.mozilla.fenix.HomeActivity }
Starting by using am start-activity org.mozilla.fenix.performancetest/org.mozilla.fenix.HomeActivity
Starting: Intent { act=android.intent.action.MAIN cat=[android.intent.category.LAUNCHER] cmp=org.mozilla.fenix.performancetest/org.mozilla.fenix.HomeActivity }
Starting by using am start-activity org.mozilla.fenix.performancetest/org.mozilla.fenix.HomeActivity
Starting: Intent { act=android.intent.action.MAIN cat=[android.intent.category.LAUNCHER] cmp=org.mozilla.fenix.performancetest/org.mozilla.fenix.HomeActivity }
Starting by using am start-activity org.mozilla.fenix.performancetest/org.mozilla.fenix.HomeActivity
Starting: Intent { act=android.intent.action.MAIN cat=[android.intent.category.LAUNCHER] cmp=org.mozilla.fenix.performancetest/org.mozilla.fenix.HomeActivity }
Starting by using am start-activity org.mozilla.fenix.performancetest/org.mozilla.fenix.HomeActivity
Starting: Intent { act=android.intent.action.MAIN cat=[android.intent.category.LAUNCHER] cmp=org.mozilla.fenix.performancetest/org.mozilla.fenix.HomeActivity }
Starting by using am start-activity org.mozilla.fenix.performancetest/org.mozilla.fenix.HomeActivity
Starting: Intent { act=android.intent.action.MAIN cat=[android.intent.category.LAUNCHER] cmp=org.mozilla.fenix.performancetest/org.mozilla.fenix.HomeActivity }
Starting by using am start-activity org.mozilla.fenix.performancetest/org.mozilla.fenix.HomeActivity
Starting: Intent { act=android.intent.action.MAIN cat=[android.intent.category.LAUNCHER] cmp=org.mozilla.fenix.performancetest/org.mozilla.fenix.HomeActivity }
