Downloading apk.
Done downloading apk.
Downloaded the nightly APK.
Profiling...
Performing Streamed Install
Success
simpleperf'ing
INFO:root:prepare profiling
INFO:root:start profiling
INFO:root:run adb cmd: ['adb', 'shell', '/data/local/tmp/simpleperf', 'record', '-o', '/data/local/tmp/perf.data', '-e task-clock:u -f 1000 -g --duration 10', '--log', 'info', '--app', 'org.mozilla.fenix.performancetest']
simpleperf W dso.cpp:384] /data/app/org.mozilla.fenix.performancetest-Pm2MrSy8lnI0Zr3jxiQLjw==/oat/arm/base.odex doesn't contain symbol table
simpleperf W dso.cpp:493] failed to read min virtual address of /dev/ashmem/dalvik-jit-code-cache: File not found
simpleperf W dso.cpp:386] failed to read symbols from /dev/ashmem/dalvik-jit-code-cache: File not found
simpleperf W dso.cpp:384] /data/app/org.mozilla.fenix.performancetest-Pm2MrSy8lnI0Zr3jxiQLjw==/lib/arm/libfenix.so doesn't contain symbol table
simpleperf W dso.cpp:384] /data/app/org.mozilla.fenix.performancetest-Pm2MrSy8lnI0Zr3jxiQLjw==/lib/arm/libmozglue.so doesn't contain symbol table
simpleperf W dso.cpp:384] /data/app/org.mozilla.fenix.performancetest-Pm2MrSy8lnI0Zr3jxiQLjw==/lib/arm/libxul.so doesn't contain symbol table
simpleperf W dso.cpp:384] /data/app/org.mozilla.fenix.performancetest-Pm2MrSy8lnI0Zr3jxiQLjw==/lib/arm/libnss3.so doesn't contain symbol table
simpleperf W dso.cpp:493] failed to read min virtual address of //anon: File not found
simpleperf W dso.cpp:386] failed to read symbols from //anon: File not found
simpleperf W dso.cpp:384] /data/app/org.mozilla.fenix.performancetest-Pm2MrSy8lnI0Zr3jxiQLjw==/lib/arm/libglean_ffi.so doesn't contain symbol table
simpleperf W dso.cpp:384] /data/app/org.mozilla.fenix.performancetest-Pm2MrSy8lnI0Zr3jxiQLjw==/lib/arm/libsoftokn3.so doesn't contain symbol table
simpleperf W dso.cpp:384] /data/app/org.mozilla.fenix.performancetest-Pm2MrSy8lnI0Zr3jxiQLjw==/lib/arm/libfreebl3.so doesn't contain symbol table
simpleperf W dso.cpp:384] /data/app/org.mozilla.fenix.performancetest-Pm2MrSy8lnI0Zr3jxiQLjw==/lib/arm/libnssckbi.so doesn't contain symbol table
simpleperf I cmd_record.cpp:658] Samples recorded: 17857 (cut 1886). Samples lost: 0.
INFO:root:collect profiling data
INFO:root:use current file in binary_cache: binary_cache/system/framework/arm/boot-core-libart.oat
INFO:root:use current file in binary_cache: binary_cache/system/lib/libc.so
INFO:root:use current file in binary_cache: binary_cache/system/lib/libicuuc.so
INFO:root:use current file in binary_cache: binary_cache/system/bin/app_process32
INFO:root:pull file to binary_cache: /data/app/org.mozilla.fenix.performancetest-Pm2MrSy8lnI0Zr3jxiQLjw==/lib/arm/libmozglue.so to binary_cache/data/app/org.mozilla.fenix.performancetest-Pm2MrSy8lnI0Zr3jxiQLjw==/lib/arm/libmozglue.so
INFO:root:use current file in binary_cache: binary_cache/system/lib/libEGL.so
INFO:root:use current file in binary_cache: binary_cache/system/lib/libgui.so
INFO:root:use current file in binary_cache: binary_cache/system/lib/libopenjdkjvm.so
INFO:root:use current file in binary_cache: binary_cache/system/lib/libpng.so
INFO:root:use current file in binary_cache: binary_cache/system/lib/libft2.so
INFO:root:use current file in binary_cache: binary_cache/system/lib/libm.so
INFO:root:use current file in binary_cache: binary_cache/system/bin/linker
INFO:root:use current file in binary_cache: binary_cache/system/lib/libnativeloader.so
INFO:root:use current file in binary_cache: binary_cache/system/lib/libsqlite.so
INFO:root:use current file in binary_cache: binary_cache/system/lib/libdl.so
INFO:root:use current file in binary_cache: binary_cache/system/lib/libcutils.so
INFO:root:use current file in binary_cache: binary_cache/system/lib/libcrypto.so
INFO:root:use current file in binary_cache: binary_cache/system/lib/libziparchive.so
INFO:root:pull file to binary_cache: /data/app/org.mozilla.fenix.performancetest-Pm2MrSy8lnI0Zr3jxiQLjw==/lib/arm/libnssckbi.so to binary_cache/data/app/org.mozilla.fenix.performancetest-Pm2MrSy8lnI0Zr3jxiQLjw==/lib/arm/libnssckbi.so
INFO:root:pull file to binary_cache: /data/app/org.mozilla.fenix.performancetest-Pm2MrSy8lnI0Zr3jxiQLjw==/oat/arm/base.odex to binary_cache/data/app/org.mozilla.fenix.performancetest-Pm2MrSy8lnI0Zr3jxiQLjw==/oat/arm/base.odex
INFO:root:use current file in binary_cache: binary_cache/system/lib/libandroid_runtime.so
INFO:root:use current file in binary_cache: binary_cache/system/lib/libhwui.so
INFO:root:use current file in binary_cache: binary_cache/system/lib/libicui18n.so
INFO:root:use current file in binary_cache: binary_cache/system/framework/arm/boot-conscrypt.oat
INFO:root:pull file to binary_cache: /data/app/org.mozilla.fenix.performancetest-Pm2MrSy8lnI0Zr3jxiQLjw==/lib/arm/libnss3.so to binary_cache/data/app/org.mozilla.fenix.performancetest-Pm2MrSy8lnI0Zr3jxiQLjw==/lib/arm/libnss3.so
INFO:root:use current file in binary_cache: binary_cache/system/lib/libc++.so
INFO:root:pull file to binary_cache: /data/app/org.mozilla.fenix.performancetest-Pm2MrSy8lnI0Zr3jxiQLjw==/lib/arm/libfenix.so to binary_cache/data/app/org.mozilla.fenix.performancetest-Pm2MrSy8lnI0Zr3jxiQLjw==/lib/arm/libfenix.so
INFO:root:pull file to binary_cache: /data/app/org.mozilla.fenix.performancetest-Pm2MrSy8lnI0Zr3jxiQLjw==/lib/arm/libfreebl3.so to binary_cache/data/app/org.mozilla.fenix.performancetest-Pm2MrSy8lnI0Zr3jxiQLjw==/lib/arm/libfreebl3.so
INFO:root:use current file in binary_cache: binary_cache/system/vendor/lib/egl/eglSubDriverAndroid.so
INFO:root:use current file in binary_cache: binary_cache/system/lib/libskia.so
INFO:root:use current file in binary_cache: binary_cache/system/lib/libharfbuzz_ng.so
INFO:root:use current file in binary_cache: binary_cache/system/lib/libminikin.so
INFO:root:use current file in binary_cache: binary_cache/system/lib/libart.so
INFO:root:use current file in binary_cache: binary_cache/system/lib/libart-compiler.so
INFO:root:use current file in binary_cache: binary_cache/system/lib/libjavacrypto.so
INFO:root:use current file in binary_cache: binary_cache/system/vendor/lib/egl/libESXGLESv2_adreno.so
INFO:root:use current file in binary_cache: binary_cache/system/lib/libhardware.so
INFO:root:use current file in binary_cache: binary_cache/system/framework/arm/boot-core-oj.oat
INFO:root:use current file in binary_cache: binary_cache/system/lib/libbinder.so
INFO:root:use current file in binary_cache: binary_cache/system/lib/libutils.so
INFO:root:pull file to binary_cache: /data/app/org.mozilla.fenix.performancetest-Pm2MrSy8lnI0Zr3jxiQLjw==/lib/arm/libglean_ffi.so to binary_cache/data/app/org.mozilla.fenix.performancetest-Pm2MrSy8lnI0Zr3jxiQLjw==/lib/arm/libglean_ffi.so
INFO:root:use current file in binary_cache: binary_cache/system/lib/libopenjdk.so
INFO:root:use current file in binary_cache: binary_cache/system/lib/liblog.so
INFO:root:use current file in binary_cache: binary_cache/system/vendor/lib/libllvm-glnext.so
INFO:root:use current file in binary_cache: binary_cache/system/lib/libjavacore.so
INFO:root:pull file to binary_cache: /data/app/org.mozilla.fenix.performancetest-Pm2MrSy8lnI0Zr3jxiQLjw==/lib/arm/libxul.so to binary_cache/data/app/org.mozilla.fenix.performancetest-Pm2MrSy8lnI0Zr3jxiQLjw==/lib/arm/libxul.so
INFO:root:use current file in binary_cache: binary_cache/system/lib/libandroidfw.so
INFO:root:pull file to binary_cache: /data/app/org.mozilla.fenix.performancetest-Pm2MrSy8lnI0Zr3jxiQLjw==/lib/arm/libjnidispatch.so to binary_cache/data/app/org.mozilla.fenix.performancetest-Pm2MrSy8lnI0Zr3jxiQLjw==/lib/arm/libjnidispatch.so
INFO:root:use current file in binary_cache: binary_cache/system/lib/libz.so
INFO:root:use current file in binary_cache: binary_cache/system/framework/arm/boot-framework.oat
INFO:root:pull file to binary_cache: /data/app/org.mozilla.fenix.performancetest-Pm2MrSy8lnI0Zr3jxiQLjw==/lib/arm/libsoftokn3.so to binary_cache/data/app/org.mozilla.fenix.performancetest-Pm2MrSy8lnI0Zr3jxiQLjw==/lib/arm/libsoftokn3.so
INFO:root:use current file in binary_cache: binary_cache/system/lib/libvixl-arm.so
INFO:root:pull file to binary_cache: /system/lib/libnativehelper.so to binary_cache/system/lib/libnativehelper.so
INFO:root:profiling is finished.
Stopping the leftover process.
Done profiling...
Not downloading a new apk; using existing.
Downloaded the nightly APK.
Profiling...
Performing Streamed Install
Success
simpleperf'ing
INFO:root:prepare profiling
INFO:root:start profiling
INFO:root:run adb cmd: ['adb', 'shell', '/data/local/tmp/simpleperf', 'record', '-o', '/data/local/tmp/perf.data', '-e task-clock:u -f 1000 -g --duration 10', '--log', 'info', '--app', 'org.mozilla.fenix.performancetest']
simpleperf W dso.cpp:384] /data/app/org.mozilla.fenix.performancetest-IEqNbGNDlQq3lgGDWpcvHQ==/oat/arm/base.odex doesn't contain symbol table
simpleperf W dso.cpp:493] failed to read min virtual address of /dev/ashmem/dalvik-jit-code-cache: File not found
simpleperf W dso.cpp:386] failed to read symbols from /dev/ashmem/dalvik-jit-code-cache: File not found
simpleperf W dso.cpp:384] /data/app/org.mozilla.fenix.performancetest-IEqNbGNDlQq3lgGDWpcvHQ==/lib/arm/libfenix.so doesn't contain symbol table
simpleperf W dso.cpp:384] /data/app/org.mozilla.fenix.performancetest-IEqNbGNDlQq3lgGDWpcvHQ==/lib/arm/libmozglue.so doesn't contain symbol table
simpleperf W dso.cpp:384] /data/app/org.mozilla.fenix.performancetest-IEqNbGNDlQq3lgGDWpcvHQ==/lib/arm/libxul.so doesn't contain symbol table
simpleperf W dso.cpp:384] /data/app/org.mozilla.fenix.performancetest-IEqNbGNDlQq3lgGDWpcvHQ==/lib/arm/libnss3.so doesn't contain symbol table
simpleperf W dso.cpp:493] failed to read min virtual address of //anon: File not found
simpleperf W dso.cpp:386] failed to read symbols from //anon: File not found
simpleperf W dso.cpp:384] /data/app/org.mozilla.fenix.performancetest-IEqNbGNDlQq3lgGDWpcvHQ==/lib/arm/libglean_ffi.so doesn't contain symbol table
simpleperf W dso.cpp:384] /data/app/org.mozilla.fenix.performancetest-IEqNbGNDlQq3lgGDWpcvHQ==/lib/arm/libsoftokn3.so doesn't contain symbol table
simpleperf W dso.cpp:384] /data/app/org.mozilla.fenix.performancetest-IEqNbGNDlQq3lgGDWpcvHQ==/lib/arm/libfreebl3.so doesn't contain symbol table
simpleperf W dso.cpp:384] /data/app/org.mozilla.fenix.performancetest-IEqNbGNDlQq3lgGDWpcvHQ==/lib/arm/libnssckbi.so doesn't contain symbol table
simpleperf I cmd_record.cpp:658] Samples recorded: 13945 (cut 1218). Samples lost: 0.
INFO:root:collect profiling data
INFO:root:use current file in binary_cache: binary_cache/system/framework/arm/boot-core-libart.oat
INFO:root:pull file to binary_cache: /data/app/org.mozilla.fenix.performancetest-IEqNbGNDlQq3lgGDWpcvHQ==/lib/arm/libnssckbi.so to binary_cache/data/app/org.mozilla.fenix.performancetest-IEqNbGNDlQq3lgGDWpcvHQ==/lib/arm/libnssckbi.so
INFO:root:use current file in binary_cache: binary_cache/system/lib/libc.so
INFO:root:use current file in binary_cache: binary_cache/system/lib/libicuuc.so
INFO:root:pull file to binary_cache: /data/app/org.mozilla.fenix.performancetest-IEqNbGNDlQq3lgGDWpcvHQ==/lib/arm/libglean_ffi.so to binary_cache/data/app/org.mozilla.fenix.performancetest-IEqNbGNDlQq3lgGDWpcvHQ==/lib/arm/libglean_ffi.so
INFO:root:use current file in binary_cache: binary_cache/system/bin/app_process32
INFO:root:pull file to binary_cache: /data/app/org.mozilla.fenix.performancetest-IEqNbGNDlQq3lgGDWpcvHQ==/lib/arm/libjnidispatch.so to binary_cache/data/app/org.mozilla.fenix.performancetest-IEqNbGNDlQq3lgGDWpcvHQ==/lib/arm/libjnidispatch.so
INFO:root:use current file in binary_cache: binary_cache/system/lib/libEGL.so
INFO:root:use current file in binary_cache: binary_cache/system/lib/libgui.so
INFO:root:use current file in binary_cache: binary_cache/system/lib/libopenjdkjvm.so
INFO:root:use current file in binary_cache: binary_cache/system/lib/libpng.so
INFO:root:use current file in binary_cache: binary_cache/system/bin/linker
INFO:root:pull file to binary_cache: /data/app/org.mozilla.fenix.performancetest-IEqNbGNDlQq3lgGDWpcvHQ==/lib/arm/libsoftokn3.so to binary_cache/data/app/org.mozilla.fenix.performancetest-IEqNbGNDlQq3lgGDWpcvHQ==/lib/arm/libsoftokn3.so
INFO:root:use current file in binary_cache: binary_cache/system/lib/libnativeloader.so
INFO:root:pull file to binary_cache: /data/app/org.mozilla.fenix.performancetest-IEqNbGNDlQq3lgGDWpcvHQ==/lib/arm/libfreebl3.so to binary_cache/data/app/org.mozilla.fenix.performancetest-IEqNbGNDlQq3lgGDWpcvHQ==/lib/arm/libfreebl3.so
INFO:root:use current file in binary_cache: binary_cache/system/lib/libsqlite.so
INFO:root:use current file in binary_cache: binary_cache/system/lib/android.hardware.graphics.mapper@2.0.so
INFO:root:use current file in binary_cache: binary_cache/system/vendor/lib/libgsl.so
INFO:root:use current file in binary_cache: binary_cache/system/lib/libdl.so
INFO:root:use current file in binary_cache: binary_cache/system/lib/libcutils.so
INFO:root:use current file in binary_cache: binary_cache/system/lib/libziparchive.so
INFO:root:use current file in binary_cache: binary_cache/system/lib/libcrypto.so
INFO:root:use current file in binary_cache: binary_cache/system/lib/libui.so
INFO:root:use current file in binary_cache: binary_cache/system/vendor/lib/egl/libESXEGL_adreno.so
INFO:root:use current file in binary_cache: binary_cache/system/lib/libandroid_runtime.so
INFO:root:pull file to binary_cache: /data/app/org.mozilla.fenix.performancetest-IEqNbGNDlQq3lgGDWpcvHQ==/oat/arm/base.odex to binary_cache/data/app/org.mozilla.fenix.performancetest-IEqNbGNDlQq3lgGDWpcvHQ==/oat/arm/base.odex
INFO:root:use current file in binary_cache: binary_cache/system/lib/libhwui.so
INFO:root:use current file in binary_cache: binary_cache/system/lib/libicui18n.so
INFO:root:use current file in binary_cache: binary_cache/system/lib/libc++.so
INFO:root:use current file in binary_cache: binary_cache/system/framework/arm/boot-conscrypt.oat
INFO:root:pull file to binary_cache: /system/lib/libbase.so to binary_cache/system/lib/libbase.so
INFO:root:pull file to binary_cache: /data/app/org.mozilla.fenix.performancetest-IEqNbGNDlQq3lgGDWpcvHQ==/lib/arm/libnss3.so to binary_cache/data/app/org.mozilla.fenix.performancetest-IEqNbGNDlQq3lgGDWpcvHQ==/lib/arm/libnss3.so
INFO:root:use current file in binary_cache: binary_cache/system/lib/libhidltransport.so
INFO:root:use current file in binary_cache: binary_cache/system/lib/libskia.so
INFO:root:use current file in binary_cache: binary_cache/system/lib/libharfbuzz_ng.so
INFO:root:use current file in binary_cache: binary_cache/system/lib/libminikin.so
INFO:root:use current file in binary_cache: binary_cache/system/lib/libart.so
INFO:root:use current file in binary_cache: binary_cache/system/lib/libart-compiler.so
INFO:root:use current file in binary_cache: binary_cache/system/lib/libjavacrypto.so
INFO:root:use current file in binary_cache: binary_cache/system/vendor/lib/egl/libESXGLESv2_adreno.so
INFO:root:use current file in binary_cache: binary_cache/system/lib/libhardware.so
INFO:root:use current file in binary_cache: binary_cache/system/framework/arm/boot-core-oj.oat
INFO:root:use current file in binary_cache: binary_cache/system/lib/libbinder.so
INFO:root:use current file in binary_cache: binary_cache/system/lib/libutils.so
INFO:root:pull file to binary_cache: /data/app/org.mozilla.fenix.performancetest-IEqNbGNDlQq3lgGDWpcvHQ==/lib/arm/libfenix.so to binary_cache/data/app/org.mozilla.fenix.performancetest-IEqNbGNDlQq3lgGDWpcvHQ==/lib/arm/libfenix.so
INFO:root:use current file in binary_cache: binary_cache/system/vendor/lib/egl/eglSubDriverAndroid.so
INFO:root:use current file in binary_cache: binary_cache/system/lib/libopenjdk.so
INFO:root:use current file in binary_cache: binary_cache/system/lib/liblog.so
INFO:root:pull file to binary_cache: /data/app/org.mozilla.fenix.performancetest-IEqNbGNDlQq3lgGDWpcvHQ==/lib/arm/libxul.so to binary_cache/data/app/org.mozilla.fenix.performancetest-IEqNbGNDlQq3lgGDWpcvHQ==/lib/arm/libxul.so
INFO:root:use current file in binary_cache: binary_cache/system/lib/libjavacore.so
INFO:root:use current file in binary_cache: binary_cache/system/vendor/lib/libllvm-glnext.so
INFO:root:use current file in binary_cache: binary_cache/system/vendor/lib/hw/android.hardware.graphics.mapper@2.0-impl.so
INFO:root:use current file in binary_cache: binary_cache/system/lib/libft2.so
INFO:root:use current file in binary_cache: binary_cache/system/lib/libandroidfw.so
INFO:root:pull file to binary_cache: /system/lib/android.hardware.configstore-utils.so to binary_cache/system/lib/android.hardware.configstore-utils.so
INFO:root:use current file in binary_cache: binary_cache/system/lib/libz.so
INFO:root:use current file in binary_cache: binary_cache/system/framework/arm/boot-framework.oat
INFO:root:pull file to binary_cache: /data/app/org.mozilla.fenix.performancetest-IEqNbGNDlQq3lgGDWpcvHQ==/lib/arm/libmozglue.so to binary_cache/data/app/org.mozilla.fenix.performancetest-IEqNbGNDlQq3lgGDWpcvHQ==/lib/arm/libmozglue.so
INFO:root:use current file in binary_cache: binary_cache/system/lib/libvixl-arm.so
INFO:root:use current file in binary_cache: binary_cache/system/lib/libnativehelper.so
INFO:root:profiling is finished.
Stopping the leftover process.
Done profiling...
Not downloading a new apk; using existing.
Downloaded the nightly APK.
Profiling...
Performing Streamed Install
Success
simpleperf'ing
INFO:root:prepare profiling
INFO:root:start profiling
INFO:root:run adb cmd: ['adb', 'shell', '/data/local/tmp/simpleperf', 'record', '-o', '/data/local/tmp/perf.data', '-e task-clock:u -f 1000 -g --duration 10', '--log', 'info', '--app', 'org.mozilla.fenix.performancetest']
simpleperf W dso.cpp:384] /data/app/org.mozilla.fenix.performancetest-6rsnbkM888GYgLLMWN4c3Q==/oat/arm/base.odex doesn't contain symbol table
simpleperf W dso.cpp:493] failed to read min virtual address of /dev/ashmem/dalvik-jit-code-cache: File not found
simpleperf W dso.cpp:386] failed to read symbols from /dev/ashmem/dalvik-jit-code-cache: File not found
simpleperf W dso.cpp:384] /data/app/org.mozilla.fenix.performancetest-6rsnbkM888GYgLLMWN4c3Q==/lib/arm/libfenix.so doesn't contain symbol table
simpleperf W dso.cpp:384] /data/app/org.mozilla.fenix.performancetest-6rsnbkM888GYgLLMWN4c3Q==/lib/arm/libmozglue.so doesn't contain symbol table
simpleperf W dso.cpp:384] /data/app/org.mozilla.fenix.performancetest-6rsnbkM888GYgLLMWN4c3Q==/lib/arm/libnss3.so doesn't contain symbol table
simpleperf W dso.cpp:384] /data/app/org.mozilla.fenix.performancetest-6rsnbkM888GYgLLMWN4c3Q==/lib/arm/libxul.so doesn't contain symbol table
simpleperf W dso.cpp:493] failed to read min virtual address of //anon: File not found
simpleperf W dso.cpp:386] failed to read symbols from //anon: File not found
simpleperf W dso.cpp:384] /data/app/org.mozilla.fenix.performancetest-6rsnbkM888GYgLLMWN4c3Q==/lib/arm/libglean_ffi.so doesn't contain symbol table
simpleperf W dso.cpp:384] /data/app/org.mozilla.fenix.performancetest-6rsnbkM888GYgLLMWN4c3Q==/lib/arm/libsoftokn3.so doesn't contain symbol table
simpleperf W dso.cpp:384] /data/app/org.mozilla.fenix.performancetest-6rsnbkM888GYgLLMWN4c3Q==/lib/arm/libfreebl3.so doesn't contain symbol table
simpleperf W dso.cpp:384] /data/app/org.mozilla.fenix.performancetest-6rsnbkM888GYgLLMWN4c3Q==/lib/arm/libnssckbi.so doesn't contain symbol table
simpleperf I cmd_record.cpp:658] Samples recorded: 13261 (cut 848). Samples lost: 0.
INFO:root:collect profiling data
INFO:root:use current file in binary_cache: binary_cache/system/framework/arm/boot-core-libart.oat
INFO:root:use current file in binary_cache: binary_cache/system/lib/libc.so
INFO:root:use current file in binary_cache: binary_cache/system/lib/libicuuc.so
INFO:root:use current file in binary_cache: binary_cache/system/bin/app_process32
INFO:root:use current file in binary_cache: binary_cache/system/lib/libEGL.so
INFO:root:use current file in binary_cache: binary_cache/system/lib/libgui.so
INFO:root:use current file in binary_cache: binary_cache/system/lib/libopenjdkjvm.so
INFO:root:use current file in binary_cache: binary_cache/system/lib/libpng.so
INFO:root:use current file in binary_cache: binary_cache/system/lib/libm.so
INFO:root:use current file in binary_cache: binary_cache/system/bin/linker
INFO:root:use current file in binary_cache: binary_cache/system/lib/libnativeloader.so
INFO:root:pull file to binary_cache: /data/app/org.mozilla.fenix.performancetest-6rsnbkM888GYgLLMWN4c3Q==/lib/arm/libxul.so to binary_cache/data/app/org.mozilla.fenix.performancetest-6rsnbkM888GYgLLMWN4c3Q==/lib/arm/libxul.so
INFO:root:use current file in binary_cache: binary_cache/system/lib/libsqlite.so
INFO:root:pull file to binary_cache: /data/app/org.mozilla.fenix.performancetest-6rsnbkM888GYgLLMWN4c3Q==/lib/arm/libfenix.so to binary_cache/data/app/org.mozilla.fenix.performancetest-6rsnbkM888GYgLLMWN4c3Q==/lib/arm/libfenix.so
INFO:root:use current file in binary_cache: binary_cache/system/lib/android.hardware.graphics.mapper@2.0.so
INFO:root:pull file to binary_cache: /data/app/org.mozilla.fenix.performancetest-6rsnbkM888GYgLLMWN4c3Q==/lib/arm/libsoftokn3.so to binary_cache/data/app/org.mozilla.fenix.performancetest-6rsnbkM888GYgLLMWN4c3Q==/lib/arm/libsoftokn3.so
INFO:root:use current file in binary_cache: binary_cache/system/vendor/lib/libgsl.so
INFO:root:use current file in binary_cache: binary_cache/system/lib/libdl.so
INFO:root:use current file in binary_cache: binary_cache/system/lib/libcutils.so
INFO:root:pull file to binary_cache: /data/app/org.mozilla.fenix.performancetest-6rsnbkM888GYgLLMWN4c3Q==/lib/arm/libjnidispatch.so to binary_cache/data/app/org.mozilla.fenix.performancetest-6rsnbkM888GYgLLMWN4c3Q==/lib/arm/libjnidispatch.so
INFO:root:use current file in binary_cache: binary_cache/system/lib/libziparchive.so
INFO:root:use current file in binary_cache: binary_cache/system/lib/libcrypto.so
INFO:root:use current file in binary_cache: binary_cache/system/lib/libui.so
INFO:root:pull file to binary_cache: /data/app/org.mozilla.fenix.performancetest-6rsnbkM888GYgLLMWN4c3Q==/lib/arm/libnss3.so to binary_cache/data/app/org.mozilla.fenix.performancetest-6rsnbkM888GYgLLMWN4c3Q==/lib/arm/libnss3.so
INFO:root:pull file to binary_cache: /data/app/org.mozilla.fenix.performancetest-6rsnbkM888GYgLLMWN4c3Q==/oat/arm/base.odex to binary_cache/data/app/org.mozilla.fenix.performancetest-6rsnbkM888GYgLLMWN4c3Q==/oat/arm/base.odex
INFO:root:use current file in binary_cache: binary_cache/system/vendor/lib/egl/libESXEGL_adreno.so
INFO:root:use current file in binary_cache: binary_cache/system/lib/libandroid_runtime.so
INFO:root:use current file in binary_cache: binary_cache/system/lib/libhwui.so
INFO:root:use current file in binary_cache: binary_cache/system/lib/libutils.so
INFO:root:pull file to binary_cache: /system/vendor/lib/egl/libGLESv2_adreno.so to binary_cache/system/vendor/lib/egl/libGLESv2_adreno.so
INFO:root:use current file in binary_cache: binary_cache/system/lib/libc++.so
INFO:root:use current file in binary_cache: binary_cache/system/framework/arm/boot-conscrypt.oat
INFO:root:pull file to binary_cache: /data/app/org.mozilla.fenix.performancetest-6rsnbkM888GYgLLMWN4c3Q==/lib/arm/libmozglue.so to binary_cache/data/app/org.mozilla.fenix.performancetest-6rsnbkM888GYgLLMWN4c3Q==/lib/arm/libmozglue.so
INFO:root:use current file in binary_cache: binary_cache/system/lib/libhwbinder.so
INFO:root:use current file in binary_cache: binary_cache/system/lib/libhidltransport.so
INFO:root:use current file in binary_cache: binary_cache/system/vendor/lib/egl/eglSubDriverAndroid.so
INFO:root:use current file in binary_cache: binary_cache/system/lib/libskia.so
INFO:root:use current file in binary_cache: binary_cache/system/lib/libharfbuzz_ng.so
INFO:root:use current file in binary_cache: binary_cache/system/lib/libminikin.so
INFO:root:use current file in binary_cache: binary_cache/system/lib/libart.so
INFO:root:pull file to binary_cache: /data/app/org.mozilla.fenix.performancetest-6rsnbkM888GYgLLMWN4c3Q==/lib/arm/libfreebl3.so to binary_cache/data/app/org.mozilla.fenix.performancetest-6rsnbkM888GYgLLMWN4c3Q==/lib/arm/libfreebl3.so
INFO:root:use current file in binary_cache: binary_cache/system/lib/libart-compiler.so
INFO:root:use current file in binary_cache: binary_cache/system/lib/libjavacrypto.so
INFO:root:use current file in binary_cache: binary_cache/system/vendor/lib/egl/libESXGLESv2_adreno.so
INFO:root:pull file to binary_cache: /data/app/org.mozilla.fenix.performancetest-6rsnbkM888GYgLLMWN4c3Q==/lib/arm/libnssckbi.so to binary_cache/data/app/org.mozilla.fenix.performancetest-6rsnbkM888GYgLLMWN4c3Q==/lib/arm/libnssckbi.so
INFO:root:use current file in binary_cache: binary_cache/system/framework/arm/boot-core-oj.oat
INFO:root:use current file in binary_cache: binary_cache/system/lib/libbinder.so
INFO:root:use current file in binary_cache: binary_cache/system/lib/libicui18n.so
INFO:root:use current file in binary_cache: binary_cache/system/lib/android.hardware.configstore@1.0.so
INFO:root:use current file in binary_cache: binary_cache/system/lib/libopenjdk.so
INFO:root:use current file in binary_cache: binary_cache/system/lib/liblog.so
INFO:root:use current file in binary_cache: binary_cache/system/vendor/lib/libllvm-glnext.so
INFO:root:pull file to binary_cache: /data/app/org.mozilla.fenix.performancetest-6rsnbkM888GYgLLMWN4c3Q==/lib/arm/libglean_ffi.so to binary_cache/data/app/org.mozilla.fenix.performancetest-6rsnbkM888GYgLLMWN4c3Q==/lib/arm/libglean_ffi.so
INFO:root:use current file in binary_cache: binary_cache/system/lib/libjavacore.so
INFO:root:use current file in binary_cache: binary_cache/system/lib/libft2.so
INFO:root:use current file in binary_cache: binary_cache/system/lib/libandroidfw.so
INFO:root:use current file in binary_cache: binary_cache/system/lib/libnetd_client.so
INFO:root:use current file in binary_cache: binary_cache/system/lib/libz.so
INFO:root:use current file in binary_cache: binary_cache/system/framework/arm/boot-framework.oat
INFO:root:use current file in binary_cache: binary_cache/system/lib/libvixl-arm.so
INFO:root:profiling is finished.
Stopping the leftover process.
Done profiling...
