Not downloading a new apk; using existing.
Running tests
adb: invalid transport id
adb: invalid transport id
adb: invalid transport id
Downloading apk.
Done downloading apk.
Running tests
Performing Streamed Install
Success
Starting: Intent { act=android.intent.action.MAIN cat=[android.intent.category.LAUNCHER] cmp=org.mozilla.fennec_aurora/.App }
Starting by using am start-activity org.mozilla.fennec_aurora/.App
Starting: Intent { act=android.intent.action.MAIN cat=[android.intent.category.LAUNCHER] cmp=org.mozilla.fennec_aurora/.App }
Starting by using am start-activity org.mozilla.fennec_aurora/.App
Starting: Intent { act=android.intent.action.MAIN cat=[android.intent.category.LAUNCHER] cmp=org.mozilla.fennec_aurora/.App }
Starting by using am start-activity org.mozilla.fennec_aurora/.App
Starting: Intent { act=android.intent.action.MAIN cat=[android.intent.category.LAUNCHER] cmp=org.mozilla.fennec_aurora/.App }
Starting by using am start-activity org.mozilla.fennec_aurora/.App
Starting: Intent { act=android.intent.action.MAIN cat=[android.intent.category.LAUNCHER] cmp=org.mozilla.fennec_aurora/.App }
Starting by using am start-activity org.mozilla.fennec_aurora/.App
Starting: Intent { act=android.intent.action.MAIN cat=[android.intent.category.LAUNCHER] cmp=org.mozilla.fennec_aurora/.App }
Starting by using am start-activity org.mozilla.fennec_aurora/.App
Starting: Intent { act=android.intent.action.MAIN cat=[android.intent.category.LAUNCHER] cmp=org.mozilla.fennec_aurora/.App }
Starting by using am start-activity org.mozilla.fennec_aurora/.App
Starting: Intent { act=android.intent.action.MAIN cat=[android.intent.category.LAUNCHER] cmp=org.mozilla.fennec_aurora/.App }
Starting by using am start-activity org.mozilla.fennec_aurora/.App
Starting: Intent { act=android.intent.action.MAIN cat=[android.intent.category.LAUNCHER] cmp=org.mozilla.fennec_aurora/.App }
Starting by using am start-activity org.mozilla.fennec_aurora/.App
Starting: Intent { act=android.intent.action.MAIN cat=[android.intent.category.LAUNCHER] cmp=org.mozilla.fennec_aurora/.App }
Starting by using am start-activity org.mozilla.fennec_aurora/.App
Starting: Intent { act=android.intent.action.MAIN cat=[android.intent.category.LAUNCHER] cmp=org.mozilla.fennec_aurora/.App }
Starting by using am start-activity org.mozilla.fennec_aurora/.App
Starting: Intent { act=android.intent.action.MAIN cat=[android.intent.category.LAUNCHER] cmp=org.mozilla.fennec_aurora/.App }
Starting by using am start-activity org.mozilla.fennec_aurora/.App
Starting: Intent { act=android.intent.action.MAIN cat=[android.intent.category.LAUNCHER] cmp=org.mozilla.fennec_aurora/.App }
Starting by using am start-activity org.mozilla.fennec_aurora/.App
Starting: Intent { act=android.intent.action.MAIN cat=[android.intent.category.LAUNCHER] cmp=org.mozilla.fennec_aurora/.App }
Starting by using am start-activity org.mozilla.fennec_aurora/.App
Starting: Intent { act=android.intent.action.MAIN cat=[android.intent.category.LAUNCHER] cmp=org.mozilla.fennec_aurora/.App }
Starting by using am start-activity org.mozilla.fennec_aurora/.App
Starting: Intent { act=android.intent.action.MAIN cat=[android.intent.category.LAUNCHER] cmp=org.mozilla.fennec_aurora/.App }
Starting by using am start-activity org.mozilla.fennec_aurora/.App
Starting: Intent { act=android.intent.action.MAIN cat=[android.intent.category.LAUNCHER] cmp=org.mozilla.fennec_aurora/.App }
Starting by using am start-activity org.mozilla.fennec_aurora/.App
Starting: Intent { act=android.intent.action.MAIN cat=[android.intent.category.LAUNCHER] cmp=org.mozilla.fennec_aurora/.App }
Starting by using am start-activity org.mozilla.fennec_aurora/.App
Starting: Intent { act=android.intent.action.MAIN cat=[android.intent.category.LAUNCHER] cmp=org.mozilla.fennec_aurora/.App }
Starting by using am start-activity org.mozilla.fennec_aurora/.App
Starting: Intent { act=android.intent.action.MAIN cat=[android.intent.category.LAUNCHER] cmp=org.mozilla.fennec_aurora/.App }
Starting by using am start-activity org.mozilla.fennec_aurora/.App
Starting: Intent { act=android.intent.action.MAIN cat=[android.intent.category.LAUNCHER] cmp=org.mozilla.fennec_aurora/.App }
Starting by using am start-activity org.mozilla.fennec_aurora/.App
Starting: Intent { act=android.intent.action.MAIN cat=[android.intent.category.LAUNCHER] cmp=org.mozilla.fennec_aurora/.App }
Starting by using am start-activity org.mozilla.fennec_aurora/.App
Starting: Intent { act=android.intent.action.MAIN cat=[android.intent.category.LAUNCHER] cmp=org.mozilla.fennec_aurora/.App }
Starting by using am start-activity org.mozilla.fennec_aurora/.App
Starting: Intent { act=android.intent.action.MAIN cat=[android.intent.category.LAUNCHER] cmp=org.mozilla.fennec_aurora/.App }
Starting by using am start-activity org.mozilla.fennec_aurora/.App
Starting: Intent { act=android.intent.action.MAIN cat=[android.intent.category.LAUNCHER] cmp=org.mozilla.fennec_aurora/.App }
Starting by using am start-activity org.mozilla.fennec_aurora/.App
Starting: Intent { act=android.intent.action.MAIN cat=[android.intent.category.LAUNCHER] cmp=org.mozilla.fennec_aurora/.App }
Starting by using am start-activity org.mozilla.fennec_aurora/.App
Starting: Intent { act=android.intent.action.MAIN cat=[android.intent.category.LAUNCHER] cmp=org.mozilla.fennec_aurora/.App }
Starting by using am start-activity org.mozilla.fennec_aurora/.App
Starting: Intent { act=android.intent.action.MAIN cat=[android.intent.category.LAUNCHER] cmp=org.mozilla.fennec_aurora/.App }
Starting by using am start-activity org.mozilla.fennec_aurora/.App
Starting: Intent { act=android.intent.action.MAIN cat=[android.intent.category.LAUNCHER] cmp=org.mozilla.fennec_aurora/.App }
Starting by using am start-activity org.mozilla.fennec_aurora/.App
Starting: Intent { act=android.intent.action.MAIN cat=[android.intent.category.LAUNCHER] cmp=org.mozilla.fennec_aurora/.App }
Starting by using am start-activity org.mozilla.fennec_aurora/.App
Starting: Intent { act=android.intent.action.MAIN cat=[android.intent.category.LAUNCHER] cmp=org.mozilla.fennec_aurora/.App }
Starting by using am start-activity org.mozilla.fennec_aurora/.App
Starting: Intent { act=android.intent.action.MAIN cat=[android.intent.category.LAUNCHER] cmp=org.mozilla.fennec_aurora/.App }
Starting by using am start-activity org.mozilla.fennec_aurora/.App
Starting: Intent { act=android.intent.action.MAIN cat=[android.intent.category.LAUNCHER] cmp=org.mozilla.fennec_aurora/.App }
Starting by using am start-activity org.mozilla.fennec_aurora/.App
Starting: Intent { act=android.intent.action.MAIN cat=[android.intent.category.LAUNCHER] cmp=org.mozilla.fennec_aurora/.App }
Starting by using am start-activity org.mozilla.fennec_aurora/.App
Starting: Intent { act=android.intent.action.MAIN cat=[android.intent.category.LAUNCHER] cmp=org.mozilla.fennec_aurora/.App }
Starting by using am start-activity org.mozilla.fennec_aurora/.App
Starting: Intent { act=android.intent.action.MAIN cat=[android.intent.category.LAUNCHER] cmp=org.mozilla.fennec_aurora/.App }
Starting by using am start-activity org.mozilla.fennec_aurora/.App
Starting: Intent { act=android.intent.action.MAIN cat=[android.intent.category.LAUNCHER] cmp=org.mozilla.fennec_aurora/.App }
Starting by using am start-activity org.mozilla.fennec_aurora/.App
Starting: Intent { act=android.intent.action.MAIN cat=[android.intent.category.LAUNCHER] cmp=org.mozilla.fennec_aurora/.App }
Starting by using am start-activity org.mozilla.fennec_aurora/.App
Starting: Intent { act=android.intent.action.MAIN cat=[android.intent.category.LAUNCHER] cmp=org.mozilla.fennec_aurora/.App }
Starting by using am start-activity org.mozilla.fennec_aurora/.App
Starting: Intent { act=android.intent.action.MAIN cat=[android.intent.category.LAUNCHER] cmp=org.mozilla.fennec_aurora/.App }
Starting by using am start-activity org.mozilla.fennec_aurora/.App
Starting: Intent { act=android.intent.action.MAIN cat=[android.intent.category.LAUNCHER] cmp=org.mozilla.fennec_aurora/.App }
Starting by using am start-activity org.mozilla.fennec_aurora/.App
Starting: Intent { act=android.intent.action.MAIN cat=[android.intent.category.LAUNCHER] cmp=org.mozilla.fennec_aurora/.App }
Starting by using am start-activity org.mozilla.fennec_aurora/.App
Starting: Intent { act=android.intent.action.MAIN cat=[android.intent.category.LAUNCHER] cmp=org.mozilla.fennec_aurora/.App }
Starting by using am start-activity org.mozilla.fennec_aurora/.App
Starting: Intent { act=android.intent.action.MAIN cat=[android.intent.category.LAUNCHER] cmp=org.mozilla.fennec_aurora/.App }
Starting by using am start-activity org.mozilla.fennec_aurora/.App
Starting: Intent { act=android.intent.action.MAIN cat=[android.intent.category.LAUNCHER] cmp=org.mozilla.fennec_aurora/.App }
Starting by using am start-activity org.mozilla.fennec_aurora/.App
Starting: Intent { act=android.intent.action.MAIN cat=[android.intent.category.LAUNCHER] cmp=org.mozilla.fennec_aurora/.App }
Starting by using am start-activity org.mozilla.fennec_aurora/.App
Starting: Intent { act=android.intent.action.MAIN cat=[android.intent.category.LAUNCHER] cmp=org.mozilla.fennec_aurora/.App }
Starting by using am start-activity org.mozilla.fennec_aurora/.App
Starting: Intent { act=android.intent.action.MAIN cat=[android.intent.category.LAUNCHER] cmp=org.mozilla.fennec_aurora/.App }
Starting by using am start-activity org.mozilla.fennec_aurora/.App
Starting: Intent { act=android.intent.action.MAIN cat=[android.intent.category.LAUNCHER] cmp=org.mozilla.fennec_aurora/.App }
Starting by using am start-activity org.mozilla.fennec_aurora/.App
Starting: Intent { act=android.intent.action.MAIN cat=[android.intent.category.LAUNCHER] cmp=org.mozilla.fennec_aurora/.App }
Starting by using am start-activity org.mozilla.fennec_aurora/.App
Starting: Intent { act=android.intent.action.MAIN cat=[android.intent.category.LAUNCHER] cmp=org.mozilla.fennec_aurora/.App }
Starting by using am start-activity org.mozilla.fennec_aurora/.App
Starting: Intent { act=android.intent.action.MAIN cat=[android.intent.category.LAUNCHER] cmp=org.mozilla.fennec_aurora/.App }
Starting by using am start-activity org.mozilla.fennec_aurora/.App
Starting: Intent { act=android.intent.action.MAIN cat=[android.intent.category.LAUNCHER] cmp=org.mozilla.fennec_aurora/.App }
Starting by using am start-activity org.mozilla.fennec_aurora/.App
Starting: Intent { act=android.intent.action.MAIN cat=[android.intent.category.LAUNCHER] cmp=org.mozilla.fennec_aurora/.App }
Starting by using am start-activity org.mozilla.fennec_aurora/.App
Starting: Intent { act=android.intent.action.MAIN cat=[android.intent.category.LAUNCHER] cmp=org.mozilla.fennec_aurora/.App }
Starting by using am start-activity org.mozilla.fennec_aurora/.App
Starting: Intent { act=android.intent.action.MAIN cat=[android.intent.category.LAUNCHER] cmp=org.mozilla.fennec_aurora/.App }
Starting by using am start-activity org.mozilla.fennec_aurora/.App
Starting: Intent { act=android.intent.action.MAIN cat=[android.intent.category.LAUNCHER] cmp=org.mozilla.fennec_aurora/.App }
Starting by using am start-activity org.mozilla.fennec_aurora/.App
Starting: Intent { act=android.intent.action.MAIN cat=[android.intent.category.LAUNCHER] cmp=org.mozilla.fennec_aurora/.App }
Starting by using am start-activity org.mozilla.fennec_aurora/.App
Starting: Intent { act=android.intent.action.MAIN cat=[android.intent.category.LAUNCHER] cmp=org.mozilla.fennec_aurora/.App }
Starting by using am start-activity org.mozilla.fennec_aurora/.App
Starting: Intent { act=android.intent.action.MAIN cat=[android.intent.category.LAUNCHER] cmp=org.mozilla.fennec_aurora/.App }
Starting by using am start-activity org.mozilla.fennec_aurora/.App
Starting: Intent { act=android.intent.action.MAIN cat=[android.intent.category.LAUNCHER] cmp=org.mozilla.fennec_aurora/.App }
Starting by using am start-activity org.mozilla.fennec_aurora/.App
Starting: Intent { act=android.intent.action.MAIN cat=[android.intent.category.LAUNCHER] cmp=org.mozilla.fennec_aurora/.App }
Starting by using am start-activity org.mozilla.fennec_aurora/.App
Starting: Intent { act=android.intent.action.MAIN cat=[android.intent.category.LAUNCHER] cmp=org.mozilla.fennec_aurora/.App }
Starting by using am start-activity org.mozilla.fennec_aurora/.App
Starting: Intent { act=android.intent.action.MAIN cat=[android.intent.category.LAUNCHER] cmp=org.mozilla.fennec_aurora/.App }
Starting by using am start-activity org.mozilla.fennec_aurora/.App
Starting: Intent { act=android.intent.action.MAIN cat=[android.intent.category.LAUNCHER] cmp=org.mozilla.fennec_aurora/.App }
Starting by using am start-activity org.mozilla.fennec_aurora/.App
Starting: Intent { act=android.intent.action.MAIN cat=[android.intent.category.LAUNCHER] cmp=org.mozilla.fennec_aurora/.App }
Starting by using am start-activity org.mozilla.fennec_aurora/.App
Starting: Intent { act=android.intent.action.MAIN cat=[android.intent.category.LAUNCHER] cmp=org.mozilla.fennec_aurora/.App }
Starting by using am start-activity org.mozilla.fennec_aurora/.App
Starting: Intent { act=android.intent.action.MAIN cat=[android.intent.category.LAUNCHER] cmp=org.mozilla.fennec_aurora/.App }
Starting by using am start-activity org.mozilla.fennec_aurora/.App
Starting: Intent { act=android.intent.action.MAIN cat=[android.intent.category.LAUNCHER] cmp=org.mozilla.fennec_aurora/.App }
Starting by using am start-activity org.mozilla.fennec_aurora/.App
Starting: Intent { act=android.intent.action.MAIN cat=[android.intent.category.LAUNCHER] cmp=org.mozilla.fennec_aurora/.App }
Starting by using am start-activity org.mozilla.fennec_aurora/.App
Starting: Intent { act=android.intent.action.MAIN cat=[android.intent.category.LAUNCHER] cmp=org.mozilla.fennec_aurora/.App }
Starting by using am start-activity org.mozilla.fennec_aurora/.App
Starting: Intent { act=android.intent.action.MAIN cat=[android.intent.category.LAUNCHER] cmp=org.mozilla.fennec_aurora/.App }
Starting by using am start-activity org.mozilla.fennec_aurora/.App
Starting: Intent { act=android.intent.action.MAIN cat=[android.intent.category.LAUNCHER] cmp=org.mozilla.fennec_aurora/.App }
Starting by using am start-activity org.mozilla.fennec_aurora/.App
Starting: Intent { act=android.intent.action.MAIN cat=[android.intent.category.LAUNCHER] cmp=org.mozilla.fennec_aurora/.App }
Starting by using am start-activity org.mozilla.fennec_aurora/.App
Starting: Intent { act=android.intent.action.MAIN cat=[android.intent.category.LAUNCHER] cmp=org.mozilla.fennec_aurora/.App }
Starting by using am start-activity org.mozilla.fennec_aurora/.App
Starting: Intent { act=android.intent.action.MAIN cat=[android.intent.category.LAUNCHER] cmp=org.mozilla.fennec_aurora/.App }
Starting by using am start-activity org.mozilla.fennec_aurora/.App
Starting: Intent { act=android.intent.action.MAIN cat=[android.intent.category.LAUNCHER] cmp=org.mozilla.fennec_aurora/.App }
Starting by using am start-activity org.mozilla.fennec_aurora/.App
Starting: Intent { act=android.intent.action.MAIN cat=[android.intent.category.LAUNCHER] cmp=org.mozilla.fennec_aurora/.App }
Starting by using am start-activity org.mozilla.fennec_aurora/.App
Starting: Intent { act=android.intent.action.MAIN cat=[android.intent.category.LAUNCHER] cmp=org.mozilla.fennec_aurora/.App }
Starting by using am start-activity org.mozilla.fennec_aurora/.App
Starting: Intent { act=android.intent.action.MAIN cat=[android.intent.category.LAUNCHER] cmp=org.mozilla.fennec_aurora/.App }
Starting by using am start-activity org.mozilla.fennec_aurora/.App
Starting: Intent { act=android.intent.action.MAIN cat=[android.intent.category.LAUNCHER] cmp=org.mozilla.fennec_aurora/.App }
Starting by using am start-activity org.mozilla.fennec_aurora/.App
Starting: Intent { act=android.intent.action.MAIN cat=[android.intent.category.LAUNCHER] cmp=org.mozilla.fennec_aurora/.App }
Starting by using am start-activity org.mozilla.fennec_aurora/.App
Starting: Intent { act=android.intent.action.MAIN cat=[android.intent.category.LAUNCHER] cmp=org.mozilla.fennec_aurora/.App }
Starting by using am start-activity org.mozilla.fennec_aurora/.App
Starting: Intent { act=android.intent.action.MAIN cat=[android.intent.category.LAUNCHER] cmp=org.mozilla.fennec_aurora/.App }
Starting by using am start-activity org.mozilla.fennec_aurora/.App
Starting: Intent { act=android.intent.action.MAIN cat=[android.intent.category.LAUNCHER] cmp=org.mozilla.fennec_aurora/.App }
Starting by using am start-activity org.mozilla.fennec_aurora/.App
Starting: Intent { act=android.intent.action.MAIN cat=[android.intent.category.LAUNCHER] cmp=org.mozilla.fennec_aurora/.App }
Starting by using am start-activity org.mozilla.fennec_aurora/.App
Starting: Intent { act=android.intent.action.MAIN cat=[android.intent.category.LAUNCHER] cmp=org.mozilla.fennec_aurora/.App }
Starting by using am start-activity org.mozilla.fennec_aurora/.App
Starting: Intent { act=android.intent.action.MAIN cat=[android.intent.category.LAUNCHER] cmp=org.mozilla.fennec_aurora/.App }
Starting by using am start-activity org.mozilla.fennec_aurora/.App
Starting: Intent { act=android.intent.action.MAIN cat=[android.intent.category.LAUNCHER] cmp=org.mozilla.fennec_aurora/.App }
Starting by using am start-activity org.mozilla.fennec_aurora/.App
Starting: Intent { act=android.intent.action.MAIN cat=[android.intent.category.LAUNCHER] cmp=org.mozilla.fennec_aurora/.App }
Starting by using am start-activity org.mozilla.fennec_aurora/.App
Starting: Intent { act=android.intent.action.MAIN cat=[android.intent.category.LAUNCHER] cmp=org.mozilla.fennec_aurora/.App }
Starting by using am start-activity org.mozilla.fennec_aurora/.App
Starting: Intent { act=android.intent.action.MAIN cat=[android.intent.category.LAUNCHER] cmp=org.mozilla.fennec_aurora/.App }
Starting by using am start-activity org.mozilla.fennec_aurora/.App
Starting: Intent { act=android.intent.action.MAIN cat=[android.intent.category.LAUNCHER] cmp=org.mozilla.fennec_aurora/.App }
Starting by using am start-activity org.mozilla.fennec_aurora/.App
Starting: Intent { act=android.intent.action.MAIN cat=[android.intent.category.LAUNCHER] cmp=org.mozilla.fennec_aurora/.App }
Starting by using am start-activity org.mozilla.fennec_aurora/.App
Starting: Intent { act=android.intent.action.MAIN cat=[android.intent.category.LAUNCHER] cmp=org.mozilla.fennec_aurora/.App }
Starting by using am start-activity org.mozilla.fennec_aurora/.App
Starting: Intent { act=android.intent.action.MAIN cat=[android.intent.category.LAUNCHER] cmp=org.mozilla.fennec_aurora/.App }
Starting by using am start-activity org.mozilla.fennec_aurora/.App
Starting: Intent { act=android.intent.action.MAIN cat=[android.intent.category.LAUNCHER] cmp=org.mozilla.fennec_aurora/.App }
Starting by using am start-activity org.mozilla.fennec_aurora/.App
Starting: Intent { act=android.intent.action.MAIN cat=[android.intent.category.LAUNCHER] cmp=org.mozilla.fennec_aurora/.App }
Starting by using am start-activity org.mozilla.fennec_aurora/.App
Starting: Intent { act=android.intent.action.MAIN cat=[android.intent.category.LAUNCHER] cmp=org.mozilla.fennec_aurora/.App }
Starting by using am start-activity org.mozilla.fennec_aurora/.App
Starting: Intent { act=android.intent.action.MAIN cat=[android.intent.category.LAUNCHER] cmp=org.mozilla.fennec_aurora/.App }
Starting by using am start-activity org.mozilla.fennec_aurora/.App
Starting: Intent { act=android.intent.action.MAIN cat=[android.intent.category.LAUNCHER] cmp=org.mozilla.fennec_aurora/.App }
Performing Streamed Install
Success
Starting: Intent { act=android.intent.action.VIEW dat=https://example.com/... typ=text/html cmp=org.mozilla.fennec_aurora/org.mozilla.fenix.IntentReceiverActivity }
Starting by using am start-activity -t 'text/html' -d 'https://example.com' -a android.intent.action.VIEW org.mozilla.fennec_aurora/org.mozilla.fenix.IntentReceiverActivity
Starting: Intent { act=android.intent.action.VIEW dat=https://example.com/... typ=text/html cmp=org.mozilla.fennec_aurora/org.mozilla.fenix.IntentReceiverActivity }
Starting by using am start-activity -t 'text/html' -d 'https://example.com' -a android.intent.action.VIEW org.mozilla.fennec_aurora/org.mozilla.fenix.IntentReceiverActivity
Starting: Intent { act=android.intent.action.VIEW dat=https://example.com/... typ=text/html cmp=org.mozilla.fennec_aurora/org.mozilla.fenix.IntentReceiverActivity }
Starting by using am start-activity -t 'text/html' -d 'https://example.com' -a android.intent.action.VIEW org.mozilla.fennec_aurora/org.mozilla.fenix.IntentReceiverActivity
Starting: Intent { act=android.intent.action.VIEW dat=https://example.com/... typ=text/html cmp=org.mozilla.fennec_aurora/org.mozilla.fenix.IntentReceiverActivity }
Starting by using am start-activity -t 'text/html' -d 'https://example.com' -a android.intent.action.VIEW org.mozilla.fennec_aurora/org.mozilla.fenix.IntentReceiverActivity
Starting: Intent { act=android.intent.action.VIEW dat=https://example.com/... typ=text/html cmp=org.mozilla.fennec_aurora/org.mozilla.fenix.IntentReceiverActivity }
Starting by using am start-activity -t 'text/html' -d 'https://example.com' -a android.intent.action.VIEW org.mozilla.fennec_aurora/org.mozilla.fenix.IntentReceiverActivity
Starting: Intent { act=android.intent.action.VIEW dat=https://example.com/... typ=text/html cmp=org.mozilla.fennec_aurora/org.mozilla.fenix.IntentReceiverActivity }
Starting by using am start-activity -t 'text/html' -d 'https://example.com' -a android.intent.action.VIEW org.mozilla.fennec_aurora/org.mozilla.fenix.IntentReceiverActivity
Starting: Intent { act=android.intent.action.VIEW dat=https://example.com/... typ=text/html cmp=org.mozilla.fennec_aurora/org.mozilla.fenix.IntentReceiverActivity }
Starting by using am start-activity -t 'text/html' -d 'https://example.com' -a android.intent.action.VIEW org.mozilla.fennec_aurora/org.mozilla.fenix.IntentReceiverActivity
Starting: Intent { act=android.intent.action.VIEW dat=https://example.com/... typ=text/html cmp=org.mozilla.fennec_aurora/org.mozilla.fenix.IntentReceiverActivity }
Starting by using am start-activity -t 'text/html' -d 'https://example.com' -a android.intent.action.VIEW org.mozilla.fennec_aurora/org.mozilla.fenix.IntentReceiverActivity
Starting: Intent { act=android.intent.action.VIEW dat=https://example.com/... typ=text/html cmp=org.mozilla.fennec_aurora/org.mozilla.fenix.IntentReceiverActivity }
Starting by using am start-activity -t 'text/html' -d 'https://example.com' -a android.intent.action.VIEW org.mozilla.fennec_aurora/org.mozilla.fenix.IntentReceiverActivity
Starting: Intent { act=android.intent.action.VIEW dat=https://example.com/... typ=text/html cmp=org.mozilla.fennec_aurora/org.mozilla.fenix.IntentReceiverActivity }
Starting by using am start-activity -t 'text/html' -d 'https://example.com' -a android.intent.action.VIEW org.mozilla.fennec_aurora/org.mozilla.fenix.IntentReceiverActivity
Starting: Intent { act=android.intent.action.VIEW dat=https://example.com/... typ=text/html cmp=org.mozilla.fennec_aurora/org.mozilla.fenix.IntentReceiverActivity }
Starting by using am start-activity -t 'text/html' -d 'https://example.com' -a android.intent.action.VIEW org.mozilla.fennec_aurora/org.mozilla.fenix.IntentReceiverActivity
Starting: Intent { act=android.intent.action.VIEW dat=https://example.com/... typ=text/html cmp=org.mozilla.fennec_aurora/org.mozilla.fenix.IntentReceiverActivity }
Starting by using am start-activity -t 'text/html' -d 'https://example.com' -a android.intent.action.VIEW org.mozilla.fennec_aurora/org.mozilla.fenix.IntentReceiverActivity
Starting: Intent { act=android.intent.action.VIEW dat=https://example.com/... typ=text/html cmp=org.mozilla.fennec_aurora/org.mozilla.fenix.IntentReceiverActivity }
Starting by using am start-activity -t 'text/html' -d 'https://example.com' -a android.intent.action.VIEW org.mozilla.fennec_aurora/org.mozilla.fenix.IntentReceiverActivity
Starting: Intent { act=android.intent.action.VIEW dat=https://example.com/... typ=text/html cmp=org.mozilla.fennec_aurora/org.mozilla.fenix.IntentReceiverActivity }
Starting by using am start-activity -t 'text/html' -d 'https://example.com' -a android.intent.action.VIEW org.mozilla.fennec_aurora/org.mozilla.fenix.IntentReceiverActivity
Starting: Intent { act=android.intent.action.VIEW dat=https://example.com/... typ=text/html cmp=org.mozilla.fennec_aurora/org.mozilla.fenix.IntentReceiverActivity }
Starting by using am start-activity -t 'text/html' -d 'https://example.com' -a android.intent.action.VIEW org.mozilla.fennec_aurora/org.mozilla.fenix.IntentReceiverActivity
Starting: Intent { act=android.intent.action.VIEW dat=https://example.com/... typ=text/html cmp=org.mozilla.fennec_aurora/org.mozilla.fenix.IntentReceiverActivity }
Starting by using am start-activity -t 'text/html' -d 'https://example.com' -a android.intent.action.VIEW org.mozilla.fennec_aurora/org.mozilla.fenix.IntentReceiverActivity
Starting: Intent { act=android.intent.action.VIEW dat=https://example.com/... typ=text/html cmp=org.mozilla.fennec_aurora/org.mozilla.fenix.IntentReceiverActivity }
Starting by using am start-activity -t 'text/html' -d 'https://example.com' -a android.intent.action.VIEW org.mozilla.fennec_aurora/org.mozilla.fenix.IntentReceiverActivity
Starting: Intent { act=android.intent.action.VIEW dat=https://example.com/... typ=text/html cmp=org.mozilla.fennec_aurora/org.mozilla.fenix.IntentReceiverActivity }
Starting by using am start-activity -t 'text/html' -d 'https://example.com' -a android.intent.action.VIEW org.mozilla.fennec_aurora/org.mozilla.fenix.IntentReceiverActivity
Starting: Intent { act=android.intent.action.VIEW dat=https://example.com/... typ=text/html cmp=org.mozilla.fennec_aurora/org.mozilla.fenix.IntentReceiverActivity }
Starting by using am start-activity -t 'text/html' -d 'https://example.com' -a android.intent.action.VIEW org.mozilla.fennec_aurora/org.mozilla.fenix.IntentReceiverActivity
Starting: Intent { act=android.intent.action.VIEW dat=https://example.com/... typ=text/html cmp=org.mozilla.fennec_aurora/org.mozilla.fenix.IntentReceiverActivity }
Starting by using am start-activity -t 'text/html' -d 'https://example.com' -a android.intent.action.VIEW org.mozilla.fennec_aurora/org.mozilla.fenix.IntentReceiverActivity
Starting: Intent { act=android.intent.action.VIEW dat=https://example.com/... typ=text/html cmp=org.mozilla.fennec_aurora/org.mozilla.fenix.IntentReceiverActivity }
Starting by using am start-activity -t 'text/html' -d 'https://example.com' -a android.intent.action.VIEW org.mozilla.fennec_aurora/org.mozilla.fenix.IntentReceiverActivity
Starting: Intent { act=android.intent.action.VIEW dat=https://example.com/... typ=text/html cmp=org.mozilla.fennec_aurora/org.mozilla.fenix.IntentReceiverActivity }
Starting by using am start-activity -t 'text/html' -d 'https://example.com' -a android.intent.action.VIEW org.mozilla.fennec_aurora/org.mozilla.fenix.IntentReceiverActivity
Starting: Intent { act=android.intent.action.VIEW dat=https://example.com/... typ=text/html cmp=org.mozilla.fennec_aurora/org.mozilla.fenix.IntentReceiverActivity }
Starting by using am start-activity -t 'text/html' -d 'https://example.com' -a android.intent.action.VIEW org.mozilla.fennec_aurora/org.mozilla.fenix.IntentReceiverActivity
Starting: Intent { act=android.intent.action.VIEW dat=https://example.com/... typ=text/html cmp=org.mozilla.fennec_aurora/org.mozilla.fenix.IntentReceiverActivity }
Starting by using am start-activity -t 'text/html' -d 'https://example.com' -a android.intent.action.VIEW org.mozilla.fennec_aurora/org.mozilla.fenix.IntentReceiverActivity
Starting: Intent { act=android.intent.action.VIEW dat=https://example.com/... typ=text/html cmp=org.mozilla.fennec_aurora/org.mozilla.fenix.IntentReceiverActivity }
Starting by using am start-activity -t 'text/html' -d 'https://example.com' -a android.intent.action.VIEW org.mozilla.fennec_aurora/org.mozilla.fenix.IntentReceiverActivity
Starting: Intent { act=android.intent.action.VIEW dat=https://example.com/... typ=text/html cmp=org.mozilla.fennec_aurora/org.mozilla.fenix.IntentReceiverActivity }
Performing Streamed Install
Success
Starting: Intent { act=android.intent.action.MAIN cat=[android.intent.category.LAUNCHER] cmp=org.mozilla.fennec_aurora/.App (has extras) }
Starting by using am start-activity org.mozilla.fennec_aurora/.App
Starting: Intent { act=android.intent.action.MAIN cat=[android.intent.category.LAUNCHER] cmp=org.mozilla.fennec_aurora/.App }
Starting by using am start-activity org.mozilla.fennec_aurora/.App
Starting: Intent { act=android.intent.action.MAIN cat=[android.intent.category.LAUNCHER] cmp=org.mozilla.fennec_aurora/.App }
Starting by using am start-activity org.mozilla.fennec_aurora/.App
Starting: Intent { act=android.intent.action.MAIN cat=[android.intent.category.LAUNCHER] cmp=org.mozilla.fennec_aurora/.App }
Starting by using am start-activity org.mozilla.fennec_aurora/.App
Starting: Intent { act=android.intent.action.MAIN cat=[android.intent.category.LAUNCHER] cmp=org.mozilla.fennec_aurora/.App }
Starting by using am start-activity org.mozilla.fennec_aurora/.App
Starting: Intent { act=android.intent.action.MAIN cat=[android.intent.category.LAUNCHER] cmp=org.mozilla.fennec_aurora/.App }
Starting by using am start-activity org.mozilla.fennec_aurora/.App
Starting: Intent { act=android.intent.action.MAIN cat=[android.intent.category.LAUNCHER] cmp=org.mozilla.fennec_aurora/.App }
Starting by using am start-activity org.mozilla.fennec_aurora/.App
Starting: Intent { act=android.intent.action.MAIN cat=[android.intent.category.LAUNCHER] cmp=org.mozilla.fennec_aurora/.App }
Starting by using am start-activity org.mozilla.fennec_aurora/.App
Starting: Intent { act=android.intent.action.MAIN cat=[android.intent.category.LAUNCHER] cmp=org.mozilla.fennec_aurora/.App }
Starting by using am start-activity org.mozilla.fennec_aurora/.App
Starting: Intent { act=android.intent.action.MAIN cat=[android.intent.category.LAUNCHER] cmp=org.mozilla.fennec_aurora/.App }
Starting by using am start-activity org.mozilla.fennec_aurora/.App
Starting: Intent { act=android.intent.action.MAIN cat=[android.intent.category.LAUNCHER] cmp=org.mozilla.fennec_aurora/.App }
Starting by using am start-activity org.mozilla.fennec_aurora/.App
Starting: Intent { act=android.intent.action.MAIN cat=[android.intent.category.LAUNCHER] cmp=org.mozilla.fennec_aurora/.App }
Starting by using am start-activity org.mozilla.fennec_aurora/.App
Starting: Intent { act=android.intent.action.MAIN cat=[android.intent.category.LAUNCHER] cmp=org.mozilla.fennec_aurora/.App }
Starting by using am start-activity org.mozilla.fennec_aurora/.App
Starting: Intent { act=android.intent.action.MAIN cat=[android.intent.category.LAUNCHER] cmp=org.mozilla.fennec_aurora/.App }
Starting by using am start-activity org.mozilla.fennec_aurora/.App
Starting: Intent { act=android.intent.action.MAIN cat=[android.intent.category.LAUNCHER] cmp=org.mozilla.fennec_aurora/.App }
Starting by using am start-activity org.mozilla.fennec_aurora/.App
Starting: Intent { act=android.intent.action.MAIN cat=[android.intent.category.LAUNCHER] cmp=org.mozilla.fennec_aurora/.App }
Starting by using am start-activity org.mozilla.fennec_aurora/.App
Starting: Intent { act=android.intent.action.MAIN cat=[android.intent.category.LAUNCHER] cmp=org.mozilla.fennec_aurora/.App }
Starting by using am start-activity org.mozilla.fennec_aurora/.App
Starting: Intent { act=android.intent.action.MAIN cat=[android.intent.category.LAUNCHER] cmp=org.mozilla.fennec_aurora/.App }
Starting by using am start-activity org.mozilla.fennec_aurora/.App
Starting: Intent { act=android.intent.action.MAIN cat=[android.intent.category.LAUNCHER] cmp=org.mozilla.fennec_aurora/.App }
Starting by using am start-activity org.mozilla.fennec_aurora/.App
Starting: Intent { act=android.intent.action.MAIN cat=[android.intent.category.LAUNCHER] cmp=org.mozilla.fennec_aurora/.App }
Starting by using am start-activity org.mozilla.fennec_aurora/.App
Starting: Intent { act=android.intent.action.MAIN cat=[android.intent.category.LAUNCHER] cmp=org.mozilla.fennec_aurora/.App }
Starting by using am start-activity org.mozilla.fennec_aurora/.App
Starting: Intent { act=android.intent.action.MAIN cat=[android.intent.category.LAUNCHER] cmp=org.mozilla.fennec_aurora/.App }
Starting by using am start-activity org.mozilla.fennec_aurora/.App
Starting: Intent { act=android.intent.action.MAIN cat=[android.intent.category.LAUNCHER] cmp=org.mozilla.fennec_aurora/.App }
Starting by using am start-activity org.mozilla.fennec_aurora/.App
Starting: Intent { act=android.intent.action.MAIN cat=[android.intent.category.LAUNCHER] cmp=org.mozilla.fennec_aurora/.App }
Starting by using am start-activity org.mozilla.fennec_aurora/.App
Starting: Intent { act=android.intent.action.MAIN cat=[android.intent.category.LAUNCHER] cmp=org.mozilla.fennec_aurora/.App }
Starting by using am start-activity org.mozilla.fennec_aurora/.App
Starting: Intent { act=android.intent.action.MAIN cat=[android.intent.category.LAUNCHER] cmp=org.mozilla.fennec_aurora/.App }
Starting by using am start-activity org.mozilla.fennec_aurora/.App
Starting: Intent { act=android.intent.action.MAIN cat=[android.intent.category.LAUNCHER] cmp=org.mozilla.fennec_aurora/.App }
Starting by using am start-activity org.mozilla.fennec_aurora/.App
Starting: Intent { act=android.intent.action.MAIN cat=[android.intent.category.LAUNCHER] cmp=org.mozilla.fennec_aurora/.App }
Starting by using am start-activity org.mozilla.fennec_aurora/.App
Starting: Intent { act=android.intent.action.MAIN cat=[android.intent.category.LAUNCHER] cmp=org.mozilla.fennec_aurora/.App }
Starting by using am start-activity org.mozilla.fennec_aurora/.App
Starting: Intent { act=android.intent.action.MAIN cat=[android.intent.category.LAUNCHER] cmp=org.mozilla.fennec_aurora/.App }
Starting by using am start-activity org.mozilla.fennec_aurora/.App
Starting: Intent { act=android.intent.action.MAIN cat=[android.intent.category.LAUNCHER] cmp=org.mozilla.fennec_aurora/.App }
Starting by using am start-activity org.mozilla.fennec_aurora/.App
Starting: Intent { act=android.intent.action.MAIN cat=[android.intent.category.LAUNCHER] cmp=org.mozilla.fennec_aurora/.App }
Starting by using am start-activity org.mozilla.fennec_aurora/.App
Starting: Intent { act=android.intent.action.MAIN cat=[android.intent.category.LAUNCHER] cmp=org.mozilla.fennec_aurora/.App }
Starting by using am start-activity org.mozilla.fennec_aurora/.App
Starting: Intent { act=android.intent.action.MAIN cat=[android.intent.category.LAUNCHER] cmp=org.mozilla.fennec_aurora/.App }
Starting by using am start-activity org.mozilla.fennec_aurora/.App
Starting: Intent { act=android.intent.action.MAIN cat=[android.intent.category.LAUNCHER] cmp=org.mozilla.fennec_aurora/.App }
Starting by using am start-activity org.mozilla.fennec_aurora/.App
Starting: Intent { act=android.intent.action.MAIN cat=[android.intent.category.LAUNCHER] cmp=org.mozilla.fennec_aurora/.App }
Starting by using am start-activity org.mozilla.fennec_aurora/.App
Starting: Intent { act=android.intent.action.MAIN cat=[android.intent.category.LAUNCHER] cmp=org.mozilla.fennec_aurora/.App }
Starting by using am start-activity org.mozilla.fennec_aurora/.App
Starting: Intent { act=android.intent.action.MAIN cat=[android.intent.category.LAUNCHER] cmp=org.mozilla.fennec_aurora/.App }
Starting by using am start-activity org.mozilla.fennec_aurora/.App
Starting: Intent { act=android.intent.action.MAIN cat=[android.intent.category.LAUNCHER] cmp=org.mozilla.fennec_aurora/.App }
Starting by using am start-activity org.mozilla.fennec_aurora/.App
Starting: Intent { act=android.intent.action.MAIN cat=[android.intent.category.LAUNCHER] cmp=org.mozilla.fennec_aurora/.App }
Starting by using am start-activity org.mozilla.fennec_aurora/.App
Starting: Intent { act=android.intent.action.MAIN cat=[android.intent.category.LAUNCHER] cmp=org.mozilla.fennec_aurora/.App }
Starting by using am start-activity org.mozilla.fennec_aurora/.App
Starting: Intent { act=android.intent.action.MAIN cat=[android.intent.category.LAUNCHER] cmp=org.mozilla.fennec_aurora/.App }
Starting by using am start-activity org.mozilla.fennec_aurora/.App
Starting: Intent { act=android.intent.action.MAIN cat=[android.intent.category.LAUNCHER] cmp=org.mozilla.fennec_aurora/.App }
Starting by using am start-activity org.mozilla.fennec_aurora/.App
Starting: Intent { act=android.intent.action.MAIN cat=[android.intent.category.LAUNCHER] cmp=org.mozilla.fennec_aurora/.App }
Starting by using am start-activity org.mozilla.fennec_aurora/.App
Starting: Intent { act=android.intent.action.MAIN cat=[android.intent.category.LAUNCHER] cmp=org.mozilla.fennec_aurora/.App }
Starting by using am start-activity org.mozilla.fennec_aurora/.App
Starting: Intent { act=android.intent.action.MAIN cat=[android.intent.category.LAUNCHER] cmp=org.mozilla.fennec_aurora/.App }
Starting by using am start-activity org.mozilla.fennec_aurora/.App
Starting: Intent { act=android.intent.action.MAIN cat=[android.intent.category.LAUNCHER] cmp=org.mozilla.fennec_aurora/.App }
Starting by using am start-activity org.mozilla.fennec_aurora/.App
Starting: Intent { act=android.intent.action.MAIN cat=[android.intent.category.LAUNCHER] cmp=org.mozilla.fennec_aurora/.App }
Starting by using am start-activity org.mozilla.fennec_aurora/.App
Starting: Intent { act=android.intent.action.MAIN cat=[android.intent.category.LAUNCHER] cmp=org.mozilla.fennec_aurora/.App }
Starting by using am start-activity org.mozilla.fennec_aurora/.App
Starting: Intent { act=android.intent.action.MAIN cat=[android.intent.category.LAUNCHER] cmp=org.mozilla.fennec_aurora/.App }
Starting by using am start-activity org.mozilla.fennec_aurora/.App
Starting: Intent { act=android.intent.action.MAIN cat=[android.intent.category.LAUNCHER] cmp=org.mozilla.fennec_aurora/.App }
Starting by using am start-activity org.mozilla.fennec_aurora/.App
Starting: Intent { act=android.intent.action.MAIN cat=[android.intent.category.LAUNCHER] cmp=org.mozilla.fennec_aurora/.App }
Starting by using am start-activity org.mozilla.fennec_aurora/.App
Starting: Intent { act=android.intent.action.MAIN cat=[android.intent.category.LAUNCHER] cmp=org.mozilla.fennec_aurora/.App }
Starting by using am start-activity org.mozilla.fennec_aurora/.App
Starting: Intent { act=android.intent.action.MAIN cat=[android.intent.category.LAUNCHER] cmp=org.mozilla.fennec_aurora/.App }
Starting by using am start-activity org.mozilla.fennec_aurora/.App
Starting: Intent { act=android.intent.action.MAIN cat=[android.intent.category.LAUNCHER] cmp=org.mozilla.fennec_aurora/.App }
Starting by using am start-activity org.mozilla.fennec_aurora/.App
Starting: Intent { act=android.intent.action.MAIN cat=[android.intent.category.LAUNCHER] cmp=org.mozilla.fennec_aurora/.App }
Starting by using am start-activity org.mozilla.fennec_aurora/.App
Starting: Intent { act=android.intent.action.MAIN cat=[android.intent.category.LAUNCHER] cmp=org.mozilla.fennec_aurora/.App }
Starting by using am start-activity org.mozilla.fennec_aurora/.App
Starting: Intent { act=android.intent.action.MAIN cat=[android.intent.category.LAUNCHER] cmp=org.mozilla.fennec_aurora/.App }
Starting by using am start-activity org.mozilla.fennec_aurora/.App
Starting: Intent { act=android.intent.action.MAIN cat=[android.intent.category.LAUNCHER] cmp=org.mozilla.fennec_aurora/.App }
Starting by using am start-activity org.mozilla.fennec_aurora/.App
Starting: Intent { act=android.intent.action.MAIN cat=[android.intent.category.LAUNCHER] cmp=org.mozilla.fennec_aurora/.App }
Starting by using am start-activity org.mozilla.fennec_aurora/.App
Starting: Intent { act=android.intent.action.MAIN cat=[android.intent.category.LAUNCHER] cmp=org.mozilla.fennec_aurora/.App }
Starting by using am start-activity org.mozilla.fennec_aurora/.App
Starting: Intent { act=android.intent.action.MAIN cat=[android.intent.category.LAUNCHER] cmp=org.mozilla.fennec_aurora/.App }
Starting by using am start-activity org.mozilla.fennec_aurora/.App
Starting: Intent { act=android.intent.action.MAIN cat=[android.intent.category.LAUNCHER] cmp=org.mozilla.fennec_aurora/.App }
Starting by using am start-activity org.mozilla.fennec_aurora/.App
Starting: Intent { act=android.intent.action.MAIN cat=[android.intent.category.LAUNCHER] cmp=org.mozilla.fennec_aurora/.App }
Starting by using am start-activity org.mozilla.fennec_aurora/.App
Starting: Intent { act=android.intent.action.MAIN cat=[android.intent.category.LAUNCHER] cmp=org.mozilla.fennec_aurora/.App }
Starting by using am start-activity org.mozilla.fennec_aurora/.App
Starting: Intent { act=android.intent.action.MAIN cat=[android.intent.category.LAUNCHER] cmp=org.mozilla.fennec_aurora/.App }
Starting by using am start-activity org.mozilla.fennec_aurora/.App
Starting: Intent { act=android.intent.action.MAIN cat=[android.intent.category.LAUNCHER] cmp=org.mozilla.fennec_aurora/.App }
Starting by using am start-activity org.mozilla.fennec_aurora/.App
Starting: Intent { act=android.intent.action.MAIN cat=[android.intent.category.LAUNCHER] cmp=org.mozilla.fennec_aurora/.App }
Starting by using am start-activity org.mozilla.fennec_aurora/.App
Starting: Intent { act=android.intent.action.MAIN cat=[android.intent.category.LAUNCHER] cmp=org.mozilla.fennec_aurora/.App }
Starting by using am start-activity org.mozilla.fennec_aurora/.App
Starting: Intent { act=android.intent.action.MAIN cat=[android.intent.category.LAUNCHER] cmp=org.mozilla.fennec_aurora/.App }
Starting by using am start-activity org.mozilla.fennec_aurora/.App
Starting: Intent { act=android.intent.action.MAIN cat=[android.intent.category.LAUNCHER] cmp=org.mozilla.fennec_aurora/.App }
Starting by using am start-activity org.mozilla.fennec_aurora/.App
Starting: Intent { act=android.intent.action.MAIN cat=[android.intent.category.LAUNCHER] cmp=org.mozilla.fennec_aurora/.App }
Starting by using am start-activity org.mozilla.fennec_aurora/.App
Starting: Intent { act=android.intent.action.MAIN cat=[android.intent.category.LAUNCHER] cmp=org.mozilla.fennec_aurora/.App }
Starting by using am start-activity org.mozilla.fennec_aurora/.App
Starting: Intent { act=android.intent.action.MAIN cat=[android.intent.category.LAUNCHER] cmp=org.mozilla.fennec_aurora/.App }
Starting by using am start-activity org.mozilla.fennec_aurora/.App
Starting: Intent { act=android.intent.action.MAIN cat=[android.intent.category.LAUNCHER] cmp=org.mozilla.fennec_aurora/.App }
Starting by using am start-activity org.mozilla.fennec_aurora/.App
Starting: Intent { act=android.intent.action.MAIN cat=[android.intent.category.LAUNCHER] cmp=org.mozilla.fennec_aurora/.App }
Starting by using am start-activity org.mozilla.fennec_aurora/.App
Starting: Intent { act=android.intent.action.MAIN cat=[android.intent.category.LAUNCHER] cmp=org.mozilla.fennec_aurora/.App }
Starting by using am start-activity org.mozilla.fennec_aurora/.App
Starting: Intent { act=android.intent.action.MAIN cat=[android.intent.category.LAUNCHER] cmp=org.mozilla.fennec_aurora/.App }
Starting by using am start-activity org.mozilla.fennec_aurora/.App
Starting: Intent { act=android.intent.action.MAIN cat=[android.intent.category.LAUNCHER] cmp=org.mozilla.fennec_aurora/.App }
Starting by using am start-activity org.mozilla.fennec_aurora/.App
Starting: Intent { act=android.intent.action.MAIN cat=[android.intent.category.LAUNCHER] cmp=org.mozilla.fennec_aurora/.App }
Starting by using am start-activity org.mozilla.fennec_aurora/.App
Starting: Intent { act=android.intent.action.MAIN cat=[android.intent.category.LAUNCHER] cmp=org.mozilla.fennec_aurora/.App }
Starting by using am start-activity org.mozilla.fennec_aurora/.App
Starting: Intent { act=android.intent.action.MAIN cat=[android.intent.category.LAUNCHER] cmp=org.mozilla.fennec_aurora/.App }
Starting by using am start-activity org.mozilla.fennec_aurora/.App
Starting: Intent { act=android.intent.action.MAIN cat=[android.intent.category.LAUNCHER] cmp=org.mozilla.fennec_aurora/.App }
Starting by using am start-activity org.mozilla.fennec_aurora/.App
Starting: Intent { act=android.intent.action.MAIN cat=[android.intent.category.LAUNCHER] cmp=org.mozilla.fennec_aurora/.App }
Starting by using am start-activity org.mozilla.fennec_aurora/.App
Starting: Intent { act=android.intent.action.MAIN cat=[android.intent.category.LAUNCHER] cmp=org.mozilla.fennec_aurora/.App }
Starting by using am start-activity org.mozilla.fennec_aurora/.App
Starting: Intent { act=android.intent.action.MAIN cat=[android.intent.category.LAUNCHER] cmp=org.mozilla.fennec_aurora/.App }
Starting by using am start-activity org.mozilla.fennec_aurora/.App
Starting: Intent { act=android.intent.action.MAIN cat=[android.intent.category.LAUNCHER] cmp=org.mozilla.fennec_aurora/.App }
Starting by using am start-activity org.mozilla.fennec_aurora/.App
Starting: Intent { act=android.intent.action.MAIN cat=[android.intent.category.LAUNCHER] cmp=org.mozilla.fennec_aurora/.App }
Starting by using am start-activity org.mozilla.fennec_aurora/.App
Starting: Intent { act=android.intent.action.MAIN cat=[android.intent.category.LAUNCHER] cmp=org.mozilla.fennec_aurora/.App }
Starting by using am start-activity org.mozilla.fennec_aurora/.App
Starting: Intent { act=android.intent.action.MAIN cat=[android.intent.category.LAUNCHER] cmp=org.mozilla.fennec_aurora/.App }
Starting by using am start-activity org.mozilla.fennec_aurora/.App
Starting: Intent { act=android.intent.action.MAIN cat=[android.intent.category.LAUNCHER] cmp=org.mozilla.fennec_aurora/.App }
Starting by using am start-activity org.mozilla.fennec_aurora/.App
Starting: Intent { act=android.intent.action.MAIN cat=[android.intent.category.LAUNCHER] cmp=org.mozilla.fennec_aurora/.App }
Starting by using am start-activity org.mozilla.fennec_aurora/.App
Starting: Intent { act=android.intent.action.MAIN cat=[android.intent.category.LAUNCHER] cmp=org.mozilla.fennec_aurora/.App }
Starting by using am start-activity org.mozilla.fennec_aurora/.App
Starting: Intent { act=android.intent.action.MAIN cat=[android.intent.category.LAUNCHER] cmp=org.mozilla.fennec_aurora/.App }
Starting by using am start-activity org.mozilla.fennec_aurora/.App
Starting: Intent { act=android.intent.action.MAIN cat=[android.intent.category.LAUNCHER] cmp=org.mozilla.fennec_aurora/.App }
Starting by using am start-activity org.mozilla.fennec_aurora/.App
Starting: Intent { act=android.intent.action.MAIN cat=[android.intent.category.LAUNCHER] cmp=org.mozilla.fennec_aurora/.App }
Starting by using am start-activity org.mozilla.fennec_aurora/.App
Starting: Intent { act=android.intent.action.MAIN cat=[android.intent.category.LAUNCHER] cmp=org.mozilla.fennec_aurora/.App }
Starting by using am start-activity org.mozilla.fennec_aurora/.App
Starting: Intent { act=android.intent.action.MAIN cat=[android.intent.category.LAUNCHER] cmp=org.mozilla.fennec_aurora/.App }
Starting by using am start-activity org.mozilla.fennec_aurora/.App
Starting: Intent { act=android.intent.action.MAIN cat=[android.intent.category.LAUNCHER] cmp=org.mozilla.fennec_aurora/.App }
Starting by using am start-activity org.mozilla.fennec_aurora/.App
Starting: Intent { act=android.intent.action.MAIN cat=[android.intent.category.LAUNCHER] cmp=org.mozilla.fennec_aurora/.App }
Starting by using am start-activity org.mozilla.fennec_aurora/.App
Starting: Intent { act=android.intent.action.MAIN cat=[android.intent.category.LAUNCHER] cmp=org.mozilla.fennec_aurora/.App }
