Downloading apk.
Done downloading apk.
Running tests
Using fenix-nightly as a variant!
Using fenix-nightly as a variant!
Using fenix-nightly as a variant!
Using fenix-nightly as a variant!
Using fenix-nightly as a variant!
Using fenix-nightly as a variant!
Using fenix-nightly as a variant!
Using fenix-nightly as a variant!
Using fenix-nightly as a variant!
Using fenix-nightly as a variant!
Using fenix-nightly as a variant!
Using fenix-nightly as a variant!
Using fenix-nightly as a variant!
Using fenix-nightly as a variant!
Using fenix-nightly as a variant!
Using fenix-nightly as a variant!
Using fenix-nightly as a variant!
Using fenix-nightly as a variant!
Using fenix-nightly as a variant!
Using fenix-nightly as a variant!
Using fenix-nightly as a variant!
Using fenix-nightly as a variant!
Using fenix-nightly as a variant!
Using fenix-nightly as a variant!
Using fenix-nightly as a variant!
Using fenix-nightly as a variant!
Using fenix-nightly as a variant!
Using fenix-nightly as a variant!
Using fenix-nightly as a variant!
Using fenix-nightly as a variant!
Using fenix-nightly as a variant!
Using fenix-nightly as a variant!
Using fenix-nightly as a variant!
Using fenix-nightly as a variant!
Using fenix-nightly as a variant!
Using fenix-nightly as a variant!
Using fenix-nightly as a variant!
Using fenix-nightly as a variant!
Using fenix-nightly as a variant!
Using fenix-nightly as a variant!
Using fenix-nightly as a variant!
Using fenix-nightly as a variant!
Using fenix-nightly as a variant!
Using fenix-nightly as a variant!
Using fenix-nightly as a variant!
Using fenix-nightly as a variant!
Using fenix-nightly as a variant!
Using fenix-nightly as a variant!
Using fenix-nightly as a variant!
Using fenix-nightly as a variant!
Using fenix-nightly as a variant!
Using fenix-nightly as a variant!
Using fenix-nightly as a variant!
Using fenix-nightly as a variant!
Using fenix-nightly as a variant!
Using fenix-nightly as a variant!
Using fenix-nightly as a variant!
Using fenix-nightly as a variant!
Using fenix-nightly as a variant!
Using fenix-nightly as a variant!
Using fenix-nightly as a variant!
Using fenix-nightly as a variant!
Using fenix-nightly as a variant!
Using fenix-nightly as a variant!
Using fenix-nightly as a variant!
Using fenix-nightly as a variant!
Using fenix-nightly as a variant!
Using fenix-nightly as a variant!
Using fenix-nightly as a variant!
Using fenix-nightly as a variant!
Using fenix-nightly as a variant!
Using fenix-nightly as a variant!
Using fenix-nightly as a variant!
Using fenix-nightly as a variant!
Using fenix-nightly as a variant!
Using fenix-nightly as a variant!
Using fenix-nightly as a variant!
Using fenix-nightly as a variant!
Using fenix-nightly as a variant!
Using fenix-nightly as a variant!
Using fenix-nightly as a variant!
Using fenix-nightly as a variant!
Using fenix-nightly as a variant!
Using fenix-nightly as a variant!
Using fenix-nightly as a variant!
Using fenix-nightly as a variant!
Using fenix-nightly as a variant!
Using fenix-nightly as a variant!
Using fenix-nightly as a variant!
Using fenix-nightly as a variant!
Using fenix-nightly as a variant!
Using fenix-nightly as a variant!
Using fenix-nightly as a variant!
Using fenix-nightly as a variant!
Using fenix-nightly as a variant!
Using fenix-nightly as a variant!
Using fenix-nightly as a variant!
Using fenix-nightly as a variant!
Using fenix-nightly as a variant!
Using fenix-nightly as a variant!
Using fenix-nightly as a variant!
Using fenix-nightly as a variant!
Using fenix-nightly as a variant!
Using fenix-nightly as a variant!
Using fenix-nightly as a variant!
Using fenix-nightly as a variant!
Using fenix-nightly as a variant!
Using fenix-nightly as a variant!
Using fenix-nightly as a variant!
Using fenix-nightly as a variant!
Using fenix-nightly as a variant!
Using fenix-nightly as a variant!
Using fenix-nightly as a variant!
Using fenix-nightly as a variant!
Using fenix-nightly as a variant!
Using fenix-nightly as a variant!
Using fenix-nightly as a variant!
Using fenix-nightly as a variant!
Using fenix-nightly as a variant!
Using fenix-nightly as a variant!
Using fenix-nightly as a variant!
Using fenix-nightly as a variant!
Using fenix-nightly as a variant!
Using fenix-nightly as a variant!
Using fenix-nightly as a variant!
Using fenix-nightly as a variant!
Using fenix-nightly as a variant!
Using fenix-nightly as a variant!
Using fenix-nightly as a variant!
Using fenix-nightly as a variant!
Using fenix-nightly as a variant!
Using fenix-nightly as a variant!
Using fenix-nightly as a variant!
Using fenix-nightly as a variant!
Using fenix-nightly as a variant!
Using fenix-nightly as a variant!
Using fenix-nightly as a variant!
Using fenix-nightly as a variant!
Using fenix-nightly as a variant!
Using fenix-nightly as a variant!
Using fenix-nightly as a variant!
Using fenix-nightly as a variant!
Using fenix-nightly as a variant!
Using fenix-nightly as a variant!
Using fenix-nightly as a variant!
Using fenix-nightly as a variant!
Using fenix-nightly as a variant!
Using fenix-nightly as a variant!
Using fenix-nightly as a variant!
Using fenix-nightly as a variant!
Using fenix-nightly as a variant!
Using fenix-nightly as a variant!
Using fenix-nightly as a variant!
Using fenix-nightly as a variant!
Using fenix-nightly as a variant!
Using fenix-nightly as a variant!
Using fenix-nightly as a variant!
Using fenix-nightly as a variant!
Using fenix-nightly as a variant!
Using fenix-nightly as a variant!
Using fenix-nightly as a variant!
Using fenix-nightly as a variant!
Using fenix-nightly as a variant!
Using fenix-nightly as a variant!
Using fenix-nightly as a variant!
Using fenix-nightly as a variant!
Using fenix-nightly as a variant!
Using fenix-nightly as a variant!
Using fenix-nightly as a variant!
Using fenix-nightly as a variant!
Using fenix-nightly as a variant!
Using fenix-nightly as a variant!
Using fenix-nightly as a variant!
Using fenix-nightly as a variant!
Using fenix-nightly as a variant!
Using fenix-nightly as a variant!
Using fenix-nightly as a variant!
Using fenix-nightly as a variant!
Using fenix-nightly as a variant!
Using fenix-nightly as a variant!
Using fenix-nightly as a variant!
Using fenix-nightly as a variant!
Using fenix-nightly as a variant!
Using fenix-nightly as a variant!
Using fenix-nightly as a variant!
Using fenix-nightly as a variant!
Using fenix-nightly as a variant!
Using fenix-nightly as a variant!
Using fenix-nightly as a variant!
Using fenix-nightly as a variant!
Using fenix-nightly as a variant!
Using fenix-nightly as a variant!
Using fenix-nightly as a variant!
Using fenix-nightly as a variant!
Using fenix-nightly as a variant!
Using fenix-nightly as a variant!
Using fenix-nightly as a variant!
Using fenix-nightly as a variant!
Using fenix-nightly as a variant!
Using fenix-nightly as a variant!
Using fenix-nightly as a variant!
Using fenix-nightly as a variant!
Using fenix-nightly as a variant!
Using fenix-nightly as a variant!
Using fenix-nightly as a variant!
Using fenix-nightly as a variant!
Using fenix-nightly as a variant!
Using fenix-nightly as a variant!
Using fenix-nightly as a variant!
Using fenix-nightly as a variant!
Using fenix-nightly as a variant!
Using fenix-nightly as a variant!
Using fenix-nightly as a variant!
Using fenix-nightly as a variant!
Using fenix-nightly as a variant!
Using fenix-nightly as a variant!
Using fenix-nightly as a variant!
Using fenix-nightly as a variant!
Using fenix-nightly as a variant!
Using fenix-nightly as a variant!
Using fenix-nightly as a variant!
Using fenix-nightly as a variant!
Using fenix-nightly as a variant!
Using fenix-nightly as a variant!
Using fenix-nightly as a variant!
Using fenix-nightly as a variant!
Using fenix-nightly as a variant!
Using fenix-nightly as a variant!
Using fenix-nightly as a variant!
Using fenix-nightly as a variant!
Using fenix-nightly as a variant!
Using fenix-nightly as a variant!
Using fenix-nightly as a variant!
Using fenix-nightly as a variant!
Using fenix-nightly as a variant!
Using fenix-nightly as a variant!
Using fenix-nightly as a variant!
Using fenix-nightly as a variant!
Using fenix-nightly as a variant!
Using fenix-nightly as a variant!
Using fenix-nightly as a variant!
Using fenix-nightly as a variant!
Using fenix-nightly as a variant!
Using fenix-nightly as a variant!
Using fenix-nightly as a variant!
Using fenix-nightly as a variant!
Using fenix-nightly as a variant!
Using fenix-nightly as a variant!
Using fenix-nightly as a variant!
Using fenix-nightly as a variant!
Using fenix-nightly as a variant!
Using fenix-nightly as a variant!
Using fenix-nightly as a variant!
Using fenix-nightly as a variant!
Using fenix-nightly as a variant!
Using fenix-nightly as a variant!
Using fenix-nightly as a variant!
Using fenix-nightly as a variant!
Using fenix-nightly as a variant!
Using fenix-nightly as a variant!
Using fenix-nightly as a variant!
Using fenix-nightly as a variant!
Using fenix-nightly as a variant!
Using fenix-nightly as a variant!
Using fenix-nightly as a variant!
Using fenix-nightly as a variant!
Using fenix-nightly as a variant!
Using fenix-nightly as a variant!
Using fenix-nightly as a variant!
Using fenix-nightly as a variant!
Using fenix-nightly as a variant!
Using fenix-nightly as a variant!
Using fenix-nightly as a variant!
Using fenix-nightly as a variant!
Using fenix-nightly as a variant!
Using fenix-nightly as a variant!
Using fenix-nightly as a variant!
Using fenix-nightly as a variant!
Using fenix-nightly as a variant!
Using fenix-nightly as a variant!
Using fenix-nightly as a variant!
Using fenix-nightly as a variant!
Using fenix-nightly as a variant!
Using fenix-nightly as a variant!
Using fenix-nightly as a variant!
Using fenix-nightly as a variant!
Using fenix-nightly as a variant!
Using fenix-nightly as a variant!
Using fenix-nightly as a variant!
Using fenix-nightly as a variant!
Using fenix-nightly as a variant!
Using fenix-nightly as a variant!
Using fenix-nightly as a variant!
Using fenix-nightly as a variant!
adb: failed to install /opt/fnprms/FNPRMS/2020/02/16//nightly.apk: Failure [INSTALL_FAILED_ALREADY_EXISTS: Attempt to re-install org.mozilla.fenix.nightly without first uninstalling.]
Performing Streamed Install
Performing Streamed Install
Success
Starting: Intent { act=android.intent.action.VIEW dat=about:blank typ=text/html cmp=org.mozilla.fenix.nightly/org.mozilla.fenix.IntentReceiverActivity }
Starting by using am start-activity -t "text/html" -d "about:blank" -a android.intent.action.VIEW org.mozilla.fenix.nightly/org.mozilla.fenix.IntentReceiverActivity
Starting: Intent { act=android.intent.action.VIEW dat=about:blank typ=text/html cmp=org.mozilla.fenix.nightly/org.mozilla.fenix.IntentReceiverActivity }
Error type 3
Error: Activity class {org.mozilla.fenix.nightly/org.mozilla.fenix.IntentReceiverActivity} does not exist.
Starting by using am start-activity -t "text/html" -d "about:blank" -a android.intent.action.VIEW org.mozilla.fenix.nightly/org.mozilla.fenix.IntentReceiverActivity
Starting: Intent { act=android.intent.action.VIEW dat=about:blank typ=text/html cmp=org.mozilla.fenix.nightly/org.mozilla.fenix.IntentReceiverActivity }
Starting by using am start-activity -t "text/html" -d "about:blank" -a android.intent.action.VIEW org.mozilla.fenix.nightly/org.mozilla.fenix.IntentReceiverActivity
Starting: Intent { act=android.intent.action.VIEW dat=about:blank typ=text/html cmp=org.mozilla.fenix.nightly/org.mozilla.fenix.IntentReceiverActivity }
Starting by using am start-activity -t "text/html" -d "about:blank" -a android.intent.action.VIEW org.mozilla.fenix.nightly/org.mozilla.fenix.IntentReceiverActivity
Starting: Intent { act=android.intent.action.VIEW dat=about:blank typ=text/html cmp=org.mozilla.fenix.nightly/org.mozilla.fenix.IntentReceiverActivity }
Starting by using am start-activity -t "text/html" -d "about:blank" -a android.intent.action.VIEW org.mozilla.fenix.nightly/org.mozilla.fenix.IntentReceiverActivity
Starting: Intent { act=android.intent.action.VIEW dat=about:blank typ=text/html cmp=org.mozilla.fenix.nightly/org.mozilla.fenix.IntentReceiverActivity }
Starting by using am start-activity -t "text/html" -d "about:blank" -a android.intent.action.VIEW org.mozilla.fenix.nightly/org.mozilla.fenix.IntentReceiverActivity
Starting: Intent { act=android.intent.action.VIEW dat=about:blank typ=text/html cmp=org.mozilla.fenix.nightly/org.mozilla.fenix.IntentReceiverActivity }
Starting by using am start-activity -t "text/html" -d "about:blank" -a android.intent.action.VIEW org.mozilla.fenix.nightly/org.mozilla.fenix.IntentReceiverActivity
Starting: Intent { act=android.intent.action.VIEW dat=about:blank typ=text/html cmp=org.mozilla.fenix.nightly/org.mozilla.fenix.IntentReceiverActivity }
Starting by using am start-activity -t "text/html" -d "about:blank" -a android.intent.action.VIEW org.mozilla.fenix.nightly/org.mozilla.fenix.IntentReceiverActivity
Starting: Intent { act=android.intent.action.VIEW dat=about:blank typ=text/html cmp=org.mozilla.fenix.nightly/org.mozilla.fenix.IntentReceiverActivity }
Starting by using am start-activity -t "text/html" -d "about:blank" -a android.intent.action.VIEW org.mozilla.fenix.nightly/org.mozilla.fenix.IntentReceiverActivity
Starting: Intent { act=android.intent.action.VIEW dat=about:blank typ=text/html cmp=org.mozilla.fenix.nightly/org.mozilla.fenix.IntentReceiverActivity }
Starting by using am start-activity -t "text/html" -d "about:blank" -a android.intent.action.VIEW org.mozilla.fenix.nightly/org.mozilla.fenix.IntentReceiverActivity
Starting: Intent { act=android.intent.action.VIEW dat=about:blank typ=text/html cmp=org.mozilla.fenix.nightly/org.mozilla.fenix.IntentReceiverActivity }
Starting by using am start-activity -t "text/html" -d "about:blank" -a android.intent.action.VIEW org.mozilla.fenix.nightly/org.mozilla.fenix.IntentReceiverActivity
Starting: Intent { act=android.intent.action.VIEW dat=about:blank typ=text/html cmp=org.mozilla.fenix.nightly/org.mozilla.fenix.IntentReceiverActivity }
Starting by using am start-activity -t "text/html" -d "about:blank" -a android.intent.action.VIEW org.mozilla.fenix.nightly/org.mozilla.fenix.IntentReceiverActivity
Starting: Intent { act=android.intent.action.VIEW dat=about:blank typ=text/html cmp=org.mozilla.fenix.nightly/org.mozilla.fenix.IntentReceiverActivity }
Starting by using am start-activity -t "text/html" -d "about:blank" -a android.intent.action.VIEW org.mozilla.fenix.nightly/org.mozilla.fenix.IntentReceiverActivity
Starting: Intent { act=android.intent.action.VIEW dat=about:blank typ=text/html cmp=org.mozilla.fenix.nightly/org.mozilla.fenix.IntentReceiverActivity }
Starting by using am start-activity -t "text/html" -d "about:blank" -a android.intent.action.VIEW org.mozilla.fenix.nightly/org.mozilla.fenix.IntentReceiverActivity
Starting: Intent { act=android.intent.action.VIEW dat=about:blank typ=text/html cmp=org.mozilla.fenix.nightly/org.mozilla.fenix.IntentReceiverActivity }
Starting by using am start-activity -t "text/html" -d "about:blank" -a android.intent.action.VIEW org.mozilla.fenix.nightly/org.mozilla.fenix.IntentReceiverActivity
Starting: Intent { act=android.intent.action.VIEW dat=about:blank typ=text/html cmp=org.mozilla.fenix.nightly/org.mozilla.fenix.IntentReceiverActivity }
Starting by using am start-activity -t "text/html" -d "about:blank" -a android.intent.action.VIEW org.mozilla.fenix.nightly/org.mozilla.fenix.IntentReceiverActivity
Starting: Intent { act=android.intent.action.VIEW dat=about:blank typ=text/html cmp=org.mozilla.fenix.nightly/org.mozilla.fenix.IntentReceiverActivity }
Starting by using am start-activity -t "text/html" -d "about:blank" -a android.intent.action.VIEW org.mozilla.fenix.nightly/org.mozilla.fenix.IntentReceiverActivity
Starting: Intent { act=android.intent.action.VIEW dat=about:blank typ=text/html cmp=org.mozilla.fenix.nightly/org.mozilla.fenix.IntentReceiverActivity }
Starting by using am start-activity -t "text/html" -d "about:blank" -a android.intent.action.VIEW org.mozilla.fenix.nightly/org.mozilla.fenix.IntentReceiverActivity
Starting: Intent { act=android.intent.action.VIEW dat=about:blank typ=text/html cmp=org.mozilla.fenix.nightly/org.mozilla.fenix.IntentReceiverActivity }
Starting by using am start-activity -t "text/html" -d "about:blank" -a android.intent.action.VIEW org.mozilla.fenix.nightly/org.mozilla.fenix.IntentReceiverActivity
Starting: Intent { act=android.intent.action.VIEW dat=about:blank typ=text/html cmp=org.mozilla.fenix.nightly/org.mozilla.fenix.IntentReceiverActivity }
Starting by using am start-activity -t "text/html" -d "about:blank" -a android.intent.action.VIEW org.mozilla.fenix.nightly/org.mozilla.fenix.IntentReceiverActivity
Starting: Intent { act=android.intent.action.VIEW dat=about:blank typ=text/html cmp=org.mozilla.fenix.nightly/org.mozilla.fenix.IntentReceiverActivity }
Starting by using am start-activity -t "text/html" -d "about:blank" -a android.intent.action.VIEW org.mozilla.fenix.nightly/org.mozilla.fenix.IntentReceiverActivity
Starting: Intent { act=android.intent.action.VIEW dat=about:blank typ=text/html cmp=org.mozilla.fenix.nightly/org.mozilla.fenix.IntentReceiverActivity }
Starting by using am start-activity -t "text/html" -d "about:blank" -a android.intent.action.VIEW org.mozilla.fenix.nightly/org.mozilla.fenix.IntentReceiverActivity
Starting: Intent { act=android.intent.action.VIEW dat=about:blank typ=text/html cmp=org.mozilla.fenix.nightly/org.mozilla.fenix.IntentReceiverActivity }
Starting by using am start-activity -t "text/html" -d "about:blank" -a android.intent.action.VIEW org.mozilla.fenix.nightly/org.mozilla.fenix.IntentReceiverActivity
Starting: Intent { act=android.intent.action.VIEW dat=about:blank typ=text/html cmp=org.mozilla.fenix.nightly/org.mozilla.fenix.IntentReceiverActivity }
Starting by using am start-activity -t "text/html" -d "about:blank" -a android.intent.action.VIEW org.mozilla.fenix.nightly/org.mozilla.fenix.IntentReceiverActivity
Starting: Intent { act=android.intent.action.VIEW dat=about:blank typ=text/html cmp=org.mozilla.fenix.nightly/org.mozilla.fenix.IntentReceiverActivity }
Starting by using am start-activity -t "text/html" -d "about:blank" -a android.intent.action.VIEW org.mozilla.fenix.nightly/org.mozilla.fenix.IntentReceiverActivity
Starting: Intent { act=android.intent.action.VIEW dat=about:blank typ=text/html cmp=org.mozilla.fenix.nightly/org.mozilla.fenix.IntentReceiverActivity }
Performing Streamed Install
Success
Starting: Intent { act=android.intent.action.MAIN cat=[android.intent.category.LAUNCHER] cmp=org.mozilla.fenix.nightly/org.mozilla.fenix.HomeActivity (has extras) }
Warning: Activity not started, its current task has been brought to the front
Starting by using am start-activity org.mozilla.fenix.nightly/org.mozilla.fenix.HomeActivity
Starting: Intent { act=android.intent.action.MAIN cat=[android.intent.category.LAUNCHER] cmp=org.mozilla.fenix.nightly/org.mozilla.fenix.HomeActivity }
Starting by using am start-activity org.mozilla.fenix.nightly/org.mozilla.fenix.HomeActivity
Starting: Intent { act=android.intent.action.MAIN cat=[android.intent.category.LAUNCHER] cmp=org.mozilla.fenix.nightly/org.mozilla.fenix.HomeActivity }
Starting by using am start-activity org.mozilla.fenix.nightly/org.mozilla.fenix.HomeActivity
Starting: Intent { act=android.intent.action.MAIN cat=[android.intent.category.LAUNCHER] cmp=org.mozilla.fenix.nightly/org.mozilla.fenix.HomeActivity }
Starting by using am start-activity org.mozilla.fenix.nightly/org.mozilla.fenix.HomeActivity
Starting: Intent { act=android.intent.action.MAIN cat=[android.intent.category.LAUNCHER] cmp=org.mozilla.fenix.nightly/org.mozilla.fenix.HomeActivity }
Starting by using am start-activity org.mozilla.fenix.nightly/org.mozilla.fenix.HomeActivity
Starting: Intent { act=android.intent.action.MAIN cat=[android.intent.category.LAUNCHER] cmp=org.mozilla.fenix.nightly/org.mozilla.fenix.HomeActivity }
Starting by using am start-activity org.mozilla.fenix.nightly/org.mozilla.fenix.HomeActivity
Starting: Intent { act=android.intent.action.MAIN cat=[android.intent.category.LAUNCHER] cmp=org.mozilla.fenix.nightly/org.mozilla.fenix.HomeActivity }
Starting by using am start-activity org.mozilla.fenix.nightly/org.mozilla.fenix.HomeActivity
Starting: Intent { act=android.intent.action.MAIN cat=[android.intent.category.LAUNCHER] cmp=org.mozilla.fenix.nightly/org.mozilla.fenix.HomeActivity }
Starting by using am start-activity org.mozilla.fenix.nightly/org.mozilla.fenix.HomeActivity
Starting: Intent { act=android.intent.action.MAIN cat=[android.intent.category.LAUNCHER] cmp=org.mozilla.fenix.nightly/org.mozilla.fenix.HomeActivity }
Starting by using am start-activity org.mozilla.fenix.nightly/org.mozilla.fenix.HomeActivity
Starting: Intent { act=android.intent.action.MAIN cat=[android.intent.category.LAUNCHER] cmp=org.mozilla.fenix.nightly/org.mozilla.fenix.HomeActivity }
Starting by using am start-activity org.mozilla.fenix.nightly/org.mozilla.fenix.HomeActivity
Starting: Intent { act=android.intent.action.MAIN cat=[android.intent.category.LAUNCHER] cmp=org.mozilla.fenix.nightly/org.mozilla.fenix.HomeActivity }
Starting by using am start-activity org.mozilla.fenix.nightly/org.mozilla.fenix.HomeActivity
Starting: Intent { act=android.intent.action.MAIN cat=[android.intent.category.LAUNCHER] cmp=org.mozilla.fenix.nightly/org.mozilla.fenix.HomeActivity }
Starting by using am start-activity org.mozilla.fenix.nightly/org.mozilla.fenix.HomeActivity
Starting: Intent { act=android.intent.action.MAIN cat=[android.intent.category.LAUNCHER] cmp=org.mozilla.fenix.nightly/org.mozilla.fenix.HomeActivity }
Starting by using am start-activity org.mozilla.fenix.nightly/org.mozilla.fenix.HomeActivity
Starting: Intent { act=android.intent.action.MAIN cat=[android.intent.category.LAUNCHER] cmp=org.mozilla.fenix.nightly/org.mozilla.fenix.HomeActivity }
Starting by using am start-activity org.mozilla.fenix.nightly/org.mozilla.fenix.HomeActivity
Starting: Intent { act=android.intent.action.MAIN cat=[android.intent.category.LAUNCHER] cmp=org.mozilla.fenix.nightly/org.mozilla.fenix.HomeActivity }
Starting by using am start-activity org.mozilla.fenix.nightly/org.mozilla.fenix.HomeActivity
Starting: Intent { act=android.intent.action.MAIN cat=[android.intent.category.LAUNCHER] cmp=org.mozilla.fenix.nightly/org.mozilla.fenix.HomeActivity }
Starting by using am start-activity org.mozilla.fenix.nightly/org.mozilla.fenix.HomeActivity
Starting: Intent { act=android.intent.action.MAIN cat=[android.intent.category.LAUNCHER] cmp=org.mozilla.fenix.nightly/org.mozilla.fenix.HomeActivity }
Starting by using am start-activity org.mozilla.fenix.nightly/org.mozilla.fenix.HomeActivity
Starting: Intent { act=android.intent.action.MAIN cat=[android.intent.category.LAUNCHER] cmp=org.mozilla.fenix.nightly/org.mozilla.fenix.HomeActivity }
Starting by using am start-activity org.mozilla.fenix.nightly/org.mozilla.fenix.HomeActivity
Starting: Intent { act=android.intent.action.MAIN cat=[android.intent.category.LAUNCHER] cmp=org.mozilla.fenix.nightly/org.mozilla.fenix.HomeActivity }
Starting by using am start-activity org.mozilla.fenix.nightly/org.mozilla.fenix.HomeActivity
Starting: Intent { act=android.intent.action.MAIN cat=[android.intent.category.LAUNCHER] cmp=org.mozilla.fenix.nightly/org.mozilla.fenix.HomeActivity }
Starting by using am start-activity org.mozilla.fenix.nightly/org.mozilla.fenix.HomeActivity
Starting: Intent { act=android.intent.action.MAIN cat=[android.intent.category.LAUNCHER] cmp=org.mozilla.fenix.nightly/org.mozilla.fenix.HomeActivity }
Starting by using am start-activity org.mozilla.fenix.nightly/org.mozilla.fenix.HomeActivity
Starting: Intent { act=android.intent.action.MAIN cat=[android.intent.category.LAUNCHER] cmp=org.mozilla.fenix.nightly/org.mozilla.fenix.HomeActivity }
Starting by using am start-activity org.mozilla.fenix.nightly/org.mozilla.fenix.HomeActivity
Starting: Intent { act=android.intent.action.MAIN cat=[android.intent.category.LAUNCHER] cmp=org.mozilla.fenix.nightly/org.mozilla.fenix.HomeActivity }
Starting by using am start-activity org.mozilla.fenix.nightly/org.mozilla.fenix.HomeActivity
Starting: Intent { act=android.intent.action.MAIN cat=[android.intent.category.LAUNCHER] cmp=org.mozilla.fenix.nightly/org.mozilla.fenix.HomeActivity }
Starting by using am start-activity org.mozilla.fenix.nightly/org.mozilla.fenix.HomeActivity
Starting: Intent { act=android.intent.action.MAIN cat=[android.intent.category.LAUNCHER] cmp=org.mozilla.fenix.nightly/org.mozilla.fenix.HomeActivity }
Starting by using am start-activity org.mozilla.fenix.nightly/org.mozilla.fenix.HomeActivity
Starting: Intent { act=android.intent.action.MAIN cat=[android.intent.category.LAUNCHER] cmp=org.mozilla.fenix.nightly/org.mozilla.fenix.HomeActivity }
Starting by using am start-activity org.mozilla.fenix.nightly/org.mozilla.fenix.HomeActivity
Starting: Intent { act=android.intent.action.MAIN cat=[android.intent.category.LAUNCHER] cmp=org.mozilla.fenix.nightly/org.mozilla.fenix.HomeActivity }
Starting by using am start-activity org.mozilla.fenix.nightly/org.mozilla.fenix.HomeActivity
Starting: Intent { act=android.intent.action.MAIN cat=[android.intent.category.LAUNCHER] cmp=org.mozilla.fenix.nightly/org.mozilla.fenix.HomeActivity }
Starting by using am start-activity org.mozilla.fenix.nightly/org.mozilla.fenix.HomeActivity
Starting: Intent { act=android.intent.action.MAIN cat=[android.intent.category.LAUNCHER] cmp=org.mozilla.fenix.nightly/org.mozilla.fenix.HomeActivity }
Starting by using am start-activity org.mozilla.fenix.nightly/org.mozilla.fenix.HomeActivity
Starting: Intent { act=android.intent.action.MAIN cat=[android.intent.category.LAUNCHER] cmp=org.mozilla.fenix.nightly/org.mozilla.fenix.HomeActivity }
Starting by using am start-activity org.mozilla.fenix.nightly/org.mozilla.fenix.HomeActivity
Starting: Intent { act=android.intent.action.MAIN cat=[android.intent.category.LAUNCHER] cmp=org.mozilla.fenix.nightly/org.mozilla.fenix.HomeActivity }
Starting by using am start-activity org.mozilla.fenix.nightly/org.mozilla.fenix.HomeActivity
Starting: Intent { act=android.intent.action.MAIN cat=[android.intent.category.LAUNCHER] cmp=org.mozilla.fenix.nightly/org.mozilla.fenix.HomeActivity }
Starting by using am start-activity org.mozilla.fenix.nightly/org.mozilla.fenix.HomeActivity
Starting: Intent { act=android.intent.action.MAIN cat=[android.intent.category.LAUNCHER] cmp=org.mozilla.fenix.nightly/org.mozilla.fenix.HomeActivity }
Starting by using am start-activity org.mozilla.fenix.nightly/org.mozilla.fenix.HomeActivity
Starting: Intent { act=android.intent.action.MAIN cat=[android.intent.category.LAUNCHER] cmp=org.mozilla.fenix.nightly/org.mozilla.fenix.HomeActivity }
Starting by using am start-activity org.mozilla.fenix.nightly/org.mozilla.fenix.HomeActivity
Starting: Intent { act=android.intent.action.MAIN cat=[android.intent.category.LAUNCHER] cmp=org.mozilla.fenix.nightly/org.mozilla.fenix.HomeActivity }
Starting by using am start-activity org.mozilla.fenix.nightly/org.mozilla.fenix.HomeActivity
Starting: Intent { act=android.intent.action.MAIN cat=[android.intent.category.LAUNCHER] cmp=org.mozilla.fenix.nightly/org.mozilla.fenix.HomeActivity }
Starting by using am start-activity org.mozilla.fenix.nightly/org.mozilla.fenix.HomeActivity
Starting: Intent { act=android.intent.action.MAIN cat=[android.intent.category.LAUNCHER] cmp=org.mozilla.fenix.nightly/org.mozilla.fenix.HomeActivity }
Starting by using am start-activity org.mozilla.fenix.nightly/org.mozilla.fenix.HomeActivity
Starting: Intent { act=android.intent.action.MAIN cat=[android.intent.category.LAUNCHER] cmp=org.mozilla.fenix.nightly/org.mozilla.fenix.HomeActivity }
Warning: Activity not started, its current task has been brought to the front
Starting by using am start-activity org.mozilla.fenix.nightly/org.mozilla.fenix.HomeActivity
Starting: Intent { act=android.intent.action.MAIN cat=[android.intent.category.LAUNCHER] cmp=org.mozilla.fenix.nightly/org.mozilla.fenix.HomeActivity }
Starting by using am start-activity org.mozilla.fenix.nightly/org.mozilla.fenix.HomeActivity
Starting: Intent { act=android.intent.action.MAIN cat=[android.intent.category.LAUNCHER] cmp=org.mozilla.fenix.nightly/org.mozilla.fenix.HomeActivity }
Warning: Activity not started, its current task has been brought to the front
Starting by using am start-activity org.mozilla.fenix.nightly/org.mozilla.fenix.HomeActivity
Starting: Intent { act=android.intent.action.MAIN cat=[android.intent.category.LAUNCHER] cmp=org.mozilla.fenix.nightly/org.mozilla.fenix.HomeActivity }
Warning: Activity not started, its current task has been brought to the front
Starting by using am start-activity org.mozilla.fenix.nightly/org.mozilla.fenix.HomeActivity
Starting: Intent { act=android.intent.action.MAIN cat=[android.intent.category.LAUNCHER] cmp=org.mozilla.fenix.nightly/org.mozilla.fenix.HomeActivity }
Warning: Activity not started, its current task has been brought to the front
Starting by using am start-activity org.mozilla.fenix.nightly/org.mozilla.fenix.HomeActivity
Starting: Intent { act=android.intent.action.MAIN cat=[android.intent.category.LAUNCHER] cmp=org.mozilla.fenix.nightly/org.mozilla.fenix.HomeActivity }
Warning: Activity not started, its current task has been brought to the front
Starting by using am start-activity org.mozilla.fenix.nightly/org.mozilla.fenix.HomeActivity
Starting: Intent { act=android.intent.action.MAIN cat=[android.intent.category.LAUNCHER] cmp=org.mozilla.fenix.nightly/org.mozilla.fenix.HomeActivity }
Starting by using am start-activity org.mozilla.fenix.nightly/org.mozilla.fenix.HomeActivity
Starting: Intent { act=android.intent.action.MAIN cat=[android.intent.category.LAUNCHER] cmp=org.mozilla.fenix.nightly/org.mozilla.fenix.HomeActivity }
Starting by using am start-activity org.mozilla.fenix.nightly/org.mozilla.fenix.HomeActivity
Starting: Intent { act=android.intent.action.MAIN cat=[android.intent.category.LAUNCHER] cmp=org.mozilla.fenix.nightly/org.mozilla.fenix.HomeActivity }
Starting by using am start-activity org.mozilla.fenix.nightly/org.mozilla.fenix.HomeActivity
Starting: Intent { act=android.intent.action.MAIN cat=[android.intent.category.LAUNCHER] cmp=org.mozilla.fenix.nightly/org.mozilla.fenix.HomeActivity }
Warning: Activity not started, its current task has been brought to the front
Starting by using am start-activity org.mozilla.fenix.nightly/org.mozilla.fenix.HomeActivity
Starting: Intent { act=android.intent.action.MAIN cat=[android.intent.category.LAUNCHER] cmp=org.mozilla.fenix.nightly/org.mozilla.fenix.HomeActivity }
Warning: Activity not started, its current task has been brought to the front
Starting by using am start-activity org.mozilla.fenix.nightly/org.mozilla.fenix.HomeActivity
Starting: Intent { act=android.intent.action.MAIN cat=[android.intent.category.LAUNCHER] cmp=org.mozilla.fenix.nightly/org.mozilla.fenix.HomeActivity }
Starting by using am start-activity org.mozilla.fenix.nightly/org.mozilla.fenix.HomeActivity
Starting: Intent { act=android.intent.action.MAIN cat=[android.intent.category.LAUNCHER] cmp=org.mozilla.fenix.nightly/org.mozilla.fenix.HomeActivity }
Starting by using am start-activity org.mozilla.fenix.nightly/org.mozilla.fenix.HomeActivity
Starting: Intent { act=android.intent.action.MAIN cat=[android.intent.category.LAUNCHER] cmp=org.mozilla.fenix.nightly/org.mozilla.fenix.HomeActivity }
Warning: Activity not started, its current task has been brought to the front
Starting by using am start-activity org.mozilla.fenix.nightly/org.mozilla.fenix.HomeActivity
Starting: Intent { act=android.intent.action.MAIN cat=[android.intent.category.LAUNCHER] cmp=org.mozilla.fenix.nightly/org.mozilla.fenix.HomeActivity }
Warning: Activity not started, its current task has been brought to the front
Starting by using am start-activity org.mozilla.fenix.nightly/org.mozilla.fenix.HomeActivity
Starting: Intent { act=android.intent.action.MAIN cat=[android.intent.category.LAUNCHER] cmp=org.mozilla.fenix.nightly/org.mozilla.fenix.HomeActivity }
Warning: Activity not started, its current task has been brought to the front
Starting by using am start-activity org.mozilla.fenix.nightly/org.mozilla.fenix.HomeActivity
Starting: Intent { act=android.intent.action.MAIN cat=[android.intent.category.LAUNCHER] cmp=org.mozilla.fenix.nightly/org.mozilla.fenix.HomeActivity }
Warning: Activity not started, its current task has been brought to the front
Starting by using am start-activity org.mozilla.fenix.nightly/org.mozilla.fenix.HomeActivity
Starting: Intent { act=android.intent.action.MAIN cat=[android.intent.category.LAUNCHER] cmp=org.mozilla.fenix.nightly/org.mozilla.fenix.HomeActivity }
Starting by using am start-activity org.mozilla.fenix.nightly/org.mozilla.fenix.HomeActivity
Starting: Intent { act=android.intent.action.MAIN cat=[android.intent.category.LAUNCHER] cmp=org.mozilla.fenix.nightly/org.mozilla.fenix.HomeActivity }
Starting by using am start-activity org.mozilla.fenix.nightly/org.mozilla.fenix.HomeActivity
Starting: Intent { act=android.intent.action.MAIN cat=[android.intent.category.LAUNCHER] cmp=org.mozilla.fenix.nightly/org.mozilla.fenix.HomeActivity }
Warning: Activity not started, its current task has been brought to the front
Starting by using am start-activity org.mozilla.fenix.nightly/org.mozilla.fenix.HomeActivity
Starting: Intent { act=android.intent.action.MAIN cat=[android.intent.category.LAUNCHER] cmp=org.mozilla.fenix.nightly/org.mozilla.fenix.HomeActivity }
Warning: Activity not started, its current task has been brought to the front
Starting by using am start-activity org.mozilla.fenix.nightly/org.mozilla.fenix.HomeActivity
Starting: Intent { act=android.intent.action.MAIN cat=[android.intent.category.LAUNCHER] cmp=org.mozilla.fenix.nightly/org.mozilla.fenix.HomeActivity }
Starting by using am start-activity org.mozilla.fenix.nightly/org.mozilla.fenix.HomeActivity
Starting: Intent { act=android.intent.action.MAIN cat=[android.intent.category.LAUNCHER] cmp=org.mozilla.fenix.nightly/org.mozilla.fenix.HomeActivity }
Warning: Activity not started, its current task has been brought to the front
Starting by using am start-activity org.mozilla.fenix.nightly/org.mozilla.fenix.HomeActivity
Starting: Intent { act=android.intent.action.MAIN cat=[android.intent.category.LAUNCHER] cmp=org.mozilla.fenix.nightly/org.mozilla.fenix.HomeActivity }
Starting by using am start-activity org.mozilla.fenix.nightly/org.mozilla.fenix.HomeActivity
Starting: Intent { act=android.intent.action.MAIN cat=[android.intent.category.LAUNCHER] cmp=org.mozilla.fenix.nightly/org.mozilla.fenix.HomeActivity }
Warning: Activity not started, its current task has been brought to the front
Starting by using am start-activity org.mozilla.fenix.nightly/org.mozilla.fenix.HomeActivity
Starting: Intent { act=android.intent.action.MAIN cat=[android.intent.category.LAUNCHER] cmp=org.mozilla.fenix.nightly/org.mozilla.fenix.HomeActivity }
Warning: Activity not started, its current task has been brought to the front
Starting by using am start-activity org.mozilla.fenix.nightly/org.mozilla.fenix.HomeActivity
Starting: Intent { act=android.intent.action.MAIN cat=[android.intent.category.LAUNCHER] cmp=org.mozilla.fenix.nightly/org.mozilla.fenix.HomeActivity }
Warning: Activity not started, its current task has been brought to the front
Starting by using am start-activity org.mozilla.fenix.nightly/org.mozilla.fenix.HomeActivity
Starting: Intent { act=android.intent.action.MAIN cat=[android.intent.category.LAUNCHER] cmp=org.mozilla.fenix.nightly/org.mozilla.fenix.HomeActivity }
Starting by using am start-activity org.mozilla.fenix.nightly/org.mozilla.fenix.HomeActivity
Starting: Intent { act=android.intent.action.MAIN cat=[android.intent.category.LAUNCHER] cmp=org.mozilla.fenix.nightly/org.mozilla.fenix.HomeActivity }
Warning: Activity not started, its current task has been brought to the front
Starting by using am start-activity org.mozilla.fenix.nightly/org.mozilla.fenix.HomeActivity
Starting: Intent { act=android.intent.action.MAIN cat=[android.intent.category.LAUNCHER] cmp=org.mozilla.fenix.nightly/org.mozilla.fenix.HomeActivity }
Warning: Activity not started, its current task has been brought to the front
Starting by using am start-activity org.mozilla.fenix.nightly/org.mozilla.fenix.HomeActivity
Starting: Intent { act=android.intent.action.MAIN cat=[android.intent.category.LAUNCHER] cmp=org.mozilla.fenix.nightly/org.mozilla.fenix.HomeActivity }
Warning: Activity not started, its current task has been brought to the front
Starting by using am start-activity org.mozilla.fenix.nightly/org.mozilla.fenix.HomeActivity
Starting: Intent { act=android.intent.action.MAIN cat=[android.intent.category.LAUNCHER] cmp=org.mozilla.fenix.nightly/org.mozilla.fenix.HomeActivity }
Warning: Activity not started, its current task has been brought to the front
Starting by using am start-activity org.mozilla.fenix.nightly/org.mozilla.fenix.HomeActivity
Starting: Intent { act=android.intent.action.MAIN cat=[android.intent.category.LAUNCHER] cmp=org.mozilla.fenix.nightly/org.mozilla.fenix.HomeActivity }
Starting by using am start-activity org.mozilla.fenix.nightly/org.mozilla.fenix.HomeActivity
Starting: Intent { act=android.intent.action.MAIN cat=[android.intent.category.LAUNCHER] cmp=org.mozilla.fenix.nightly/org.mozilla.fenix.HomeActivity }
Warning: Activity not started, its current task has been brought to the front
Starting by using am start-activity org.mozilla.fenix.nightly/org.mozilla.fenix.HomeActivity
Starting: Intent { act=android.intent.action.MAIN cat=[android.intent.category.LAUNCHER] cmp=org.mozilla.fenix.nightly/org.mozilla.fenix.HomeActivity }
Warning: Activity not started, its current task has been brought to the front
Starting by using am start-activity org.mozilla.fenix.nightly/org.mozilla.fenix.HomeActivity
Starting: Intent { act=android.intent.action.MAIN cat=[android.intent.category.LAUNCHER] cmp=org.mozilla.fenix.nightly/org.mozilla.fenix.HomeActivity }
Starting by using am start-activity org.mozilla.fenix.nightly/org.mozilla.fenix.HomeActivity
Starting: Intent { act=android.intent.action.MAIN cat=[android.intent.category.LAUNCHER] cmp=org.mozilla.fenix.nightly/org.mozilla.fenix.HomeActivity }
Error type 3
Error: Activity class {org.mozilla.fenix.nightly/org.mozilla.fenix.HomeActivity} does not exist.
Starting by using am start-activity org.mozilla.fenix.nightly/org.mozilla.fenix.HomeActivity
Starting: Intent { act=android.intent.action.MAIN cat=[android.intent.category.LAUNCHER] cmp=org.mozilla.fenix.nightly/org.mozilla.fenix.HomeActivity }
Starting by using am start-activity org.mozilla.fenix.nightly/org.mozilla.fenix.HomeActivity
Starting: Intent { act=android.intent.action.MAIN cat=[android.intent.category.LAUNCHER] cmp=org.mozilla.fenix.nightly/org.mozilla.fenix.HomeActivity }
