./times.py:345: RuntimeWarning: ValueError - expected START to be seen first
  warnings.warn('ValueError - ' + str(ve), RuntimeWarning)
./times.py:345: RuntimeWarning: ValueError - Did not find any matching lines for variant: is the intent configured correctly?
  warnings.warn('ValueError - ' + str(ve), RuntimeWarning)
Using fennec-nightly as a variant! /opt/fnprms/run_logs/2020.06.07-al.log
Using fennec-nightly as a variant! /opt/fnprms/run_logs/2020.06.08-al.log
found iteration count: 0
Using fennec-nightly as a variant! /opt/fnprms/run_logs/2020.05.12-al.log
found iteration count: 0
Using fennec-nightly as a variant! /opt/fnprms/run_logs/2020.05.25-al.log
found iteration count: 0
Using fennec-nightly as a variant! /opt/fnprms/run_logs/2020.05.31-al.log
Using fennec-nightly as a variant! /opt/fnprms/run_logs/2020.05.17-al.log
Using fennec-nightly as a variant! /opt/fnprms/run_logs/2020.05.15-al.log
found iteration count: 0
Using fennec-nightly as a variant! /opt/fnprms/run_logs/2020.05.22-al.log
Using fennec-nightly as a variant! /opt/fnprms/run_logs/2020.05.18-al.log
Using fennec-nightly as a variant! /opt/fnprms/run_logs/2020.05.06-al.log
found iteration count: 0
Using fennec-nightly as a variant! /opt/fnprms/run_logs/2020.05.30-al.log
Using fennec-nightly as a variant! /opt/fnprms/run_logs/2020.06.11-al.log
found iteration count: 0
Using fennec-nightly as a variant! /opt/fnprms/run_logs/2020.05.28-al.log
Using fennec-nightly as a variant! /opt/fnprms/run_logs/2020.05.11-al.log
found iteration count: 0
Using fennec-nightly as a variant! /opt/fnprms/run_logs/2020.05.10-al.log
Using fennec-nightly as a variant! /opt/fnprms/run_logs/2020.05.03-al.log
Using fennec-nightly as a variant! /opt/fnprms/run_logs/2020.06.03-al.log
Using fennec-nightly as a variant! /opt/fnprms/run_logs/2020.05.04-al.log
Using fennec-nightly as a variant! /opt/fnprms/run_logs/2020.05.27-al.log
Using fennec-nightly as a variant! /opt/fnprms/run_logs/2020.06.05-al.log
Using fennec-nightly as a variant! /opt/fnprms/run_logs/2020.05.29-al.log
Using fennec-nightly as a variant! /opt/fnprms/run_logs/2020.04.30-al.log
Using fennec-nightly as a variant! /opt/fnprms/run_logs/2020.06.06-al.log
Using fennec-nightly as a variant! /opt/fnprms/run_logs/2020.05.16-al.log
Using fennec-nightly as a variant! /opt/fnprms/run_logs/2020.05.26-al.log
found iteration count: 0
Using fennec-nightly as a variant! /opt/fnprms/run_logs/2020.05.19-al.log
Using fennec-nightly as a variant! /opt/fnprms/run_logs/2020.05.08-al.log
Using fennec-nightly as a variant! /opt/fnprms/run_logs/2020.06.02-al.log
Using fennec-nightly as a variant! /opt/fnprms/run_logs/2020.05.24-al.log
found iteration count: 0
Using fennec-nightly as a variant! /opt/fnprms/run_logs/2020.06.10-al.log
Using fennec-nightly as a variant! /opt/fnprms/run_logs/2020.05.21-al.log
Using fennec-nightly as a variant! /opt/fnprms/run_logs/2020.05.05-al.log
found iteration count: 0
Using fennec-nightly as a variant! /opt/fnprms/run_logs/2020.05.20-al.log
found iteration count: 0
Using fennec-nightly as a variant! /opt/fnprms/run_logs/2020.05.07-al.log
Using fennec-nightly as a variant! /opt/fnprms/run_logs/2020.05.13-al.log
found iteration count: 0
Using fennec-nightly as a variant! /opt/fnprms/run_logs/2020.06.01-al.log
Using fennec-nightly as a variant! /opt/fnprms/run_logs/2020.05.23-al.log
Using fennec-nightly as a variant! /opt/fnprms/run_logs/2020.05.09-al.log
Using fennec-nightly as a variant! /opt/fnprms/run_logs/2020.06.04-al.log
Using fennec-nightly as a variant! /opt/fnprms/run_logs/2020.05.14-al.log
Using fennec-nightly as a variant! /opt/fnprms/run_logs/2020.06.09-al.log
found iteration count: 0
Using fennec-nightly as a variant! /opt/fnprms/run_logs/2020.06.07-al.log
Using fennec-nightly as a variant! /opt/fnprms/run_logs/2020.06.08-al.log
found iteration count: 0
Using fennec-nightly as a variant! /opt/fnprms/run_logs/2020.05.12-al.log
found iteration count: 0
Using fennec-nightly as a variant! /opt/fnprms/run_logs/2020.05.25-al.log
found iteration count: 0
Using fennec-nightly as a variant! /opt/fnprms/run_logs/2020.05.31-al.log
Using fennec-nightly as a variant! /opt/fnprms/run_logs/2020.05.17-al.log
Using fennec-nightly as a variant! /opt/fnprms/run_logs/2020.05.15-al.log
found iteration count: 0
Using fennec-nightly as a variant! /opt/fnprms/run_logs/2020.05.22-al.log
Using fennec-nightly as a variant! /opt/fnprms/run_logs/2020.05.18-al.log
Using fennec-nightly as a variant! /opt/fnprms/run_logs/2020.05.06-al.log
found iteration count: 0
Using fennec-nightly as a variant! /opt/fnprms/run_logs/2020.05.30-al.log
Using fennec-nightly as a variant! /opt/fnprms/run_logs/2020.06.11-al.log
found iteration count: 0
Using fennec-nightly as a variant! /opt/fnprms/run_logs/2020.05.28-al.log
Using fennec-nightly as a variant! /opt/fnprms/run_logs/2020.05.11-al.log
found iteration count: 0
Using fennec-nightly as a variant! /opt/fnprms/run_logs/2020.05.10-al.log
Using fennec-nightly as a variant! /opt/fnprms/run_logs/2020.05.03-al.log
Using fennec-nightly as a variant! /opt/fnprms/run_logs/2020.06.03-al.log
Using fennec-nightly as a variant! /opt/fnprms/run_logs/2020.05.04-al.log
Using fennec-nightly as a variant! /opt/fnprms/run_logs/2020.05.27-al.log
Using fennec-nightly as a variant! /opt/fnprms/run_logs/2020.06.05-al.log
Using fennec-nightly as a variant! /opt/fnprms/run_logs/2020.05.29-al.log
Using fennec-nightly as a variant! /opt/fnprms/run_logs/2020.04.30-al.log
Using fennec-nightly as a variant! /opt/fnprms/run_logs/2020.06.06-al.log
Using fennec-nightly as a variant! /opt/fnprms/run_logs/2020.05.16-al.log
Using fennec-nightly as a variant! /opt/fnprms/run_logs/2020.05.26-al.log
found iteration count: 0
Using fennec-nightly as a variant! /opt/fnprms/run_logs/2020.05.19-al.log
Using fennec-nightly as a variant! /opt/fnprms/run_logs/2020.05.08-al.log
Using fennec-nightly as a variant! /opt/fnprms/run_logs/2020.06.02-al.log
Using fennec-nightly as a variant! /opt/fnprms/run_logs/2020.05.24-al.log
found iteration count: 0
Using fennec-nightly as a variant! /opt/fnprms/run_logs/2020.06.10-al.log
Using fennec-nightly as a variant! /opt/fnprms/run_logs/2020.05.21-al.log
Using fennec-nightly as a variant! /opt/fnprms/run_logs/2020.05.05-al.log
found iteration count: 0
Using fennec-nightly as a variant! /opt/fnprms/run_logs/2020.05.20-al.log
found iteration count: 0
Using fennec-nightly as a variant! /opt/fnprms/run_logs/2020.05.07-al.log
Using fennec-nightly as a variant! /opt/fnprms/run_logs/2020.05.13-al.log
found iteration count: 0
Using fennec-nightly as a variant! /opt/fnprms/run_logs/2020.06.01-al.log
Using fennec-nightly as a variant! /opt/fnprms/run_logs/2020.05.23-al.log
Using fennec-nightly as a variant! /opt/fnprms/run_logs/2020.05.09-al.log
Using fennec-nightly as a variant! /opt/fnprms/run_logs/2020.06.04-al.log
Using fennec-nightly as a variant! /opt/fnprms/run_logs/2020.05.14-al.log
Using fennec-nightly as a variant! /opt/fnprms/run_logs/2020.06.09-al.log
found iteration count: 0
Not downloading a new apk; using existing.
Running tests
adb: invalid transport id
adb: invalid transport id
adb: invalid transport id
Downloading apk.
Done downloading apk.
Running tests
Performing Streamed Install
Success
Starting: Intent { act=android.intent.action.MAIN cat=[android.intent.category.LAUNCHER] cmp=org.mozilla.fennec_aurora/.App }
Starting by using am start-activity org.mozilla.fennec_aurora/.App
Starting: Intent { act=android.intent.action.MAIN cat=[android.intent.category.LAUNCHER] cmp=org.mozilla.fennec_aurora/.App }
Starting by using am start-activity org.mozilla.fennec_aurora/.App
Starting: Intent { act=android.intent.action.MAIN cat=[android.intent.category.LAUNCHER] cmp=org.mozilla.fennec_aurora/.App }
Starting by using am start-activity org.mozilla.fennec_aurora/.App
Starting: Intent { act=android.intent.action.MAIN cat=[android.intent.category.LAUNCHER] cmp=org.mozilla.fennec_aurora/.App }
Starting by using am start-activity org.mozilla.fennec_aurora/.App
Starting: Intent { act=android.intent.action.MAIN cat=[android.intent.category.LAUNCHER] cmp=org.mozilla.fennec_aurora/.App }
Starting by using am start-activity org.mozilla.fennec_aurora/.App
Starting: Intent { act=android.intent.action.MAIN cat=[android.intent.category.LAUNCHER] cmp=org.mozilla.fennec_aurora/.App }
Starting by using am start-activity org.mozilla.fennec_aurora/.App
Starting: Intent { act=android.intent.action.MAIN cat=[android.intent.category.LAUNCHER] cmp=org.mozilla.fennec_aurora/.App }
Starting by using am start-activity org.mozilla.fennec_aurora/.App
Starting: Intent { act=android.intent.action.MAIN cat=[android.intent.category.LAUNCHER] cmp=org.mozilla.fennec_aurora/.App }
Starting by using am start-activity org.mozilla.fennec_aurora/.App
Starting: Intent { act=android.intent.action.MAIN cat=[android.intent.category.LAUNCHER] cmp=org.mozilla.fennec_aurora/.App }
Starting by using am start-activity org.mozilla.fennec_aurora/.App
Starting: Intent { act=android.intent.action.MAIN cat=[android.intent.category.LAUNCHER] cmp=org.mozilla.fennec_aurora/.App }
Starting by using am start-activity org.mozilla.fennec_aurora/.App
Starting: Intent { act=android.intent.action.MAIN cat=[android.intent.category.LAUNCHER] cmp=org.mozilla.fennec_aurora/.App }
Starting by using am start-activity org.mozilla.fennec_aurora/.App
Starting: Intent { act=android.intent.action.MAIN cat=[android.intent.category.LAUNCHER] cmp=org.mozilla.fennec_aurora/.App }
Starting by using am start-activity org.mozilla.fennec_aurora/.App
Starting: Intent { act=android.intent.action.MAIN cat=[android.intent.category.LAUNCHER] cmp=org.mozilla.fennec_aurora/.App }
Starting by using am start-activity org.mozilla.fennec_aurora/.App
Starting: Intent { act=android.intent.action.MAIN cat=[android.intent.category.LAUNCHER] cmp=org.mozilla.fennec_aurora/.App }
Starting by using am start-activity org.mozilla.fennec_aurora/.App
Starting: Intent { act=android.intent.action.MAIN cat=[android.intent.category.LAUNCHER] cmp=org.mozilla.fennec_aurora/.App }
Starting by using am start-activity org.mozilla.fennec_aurora/.App
Starting: Intent { act=android.intent.action.MAIN cat=[android.intent.category.LAUNCHER] cmp=org.mozilla.fennec_aurora/.App }
Starting by using am start-activity org.mozilla.fennec_aurora/.App
Starting: Intent { act=android.intent.action.MAIN cat=[android.intent.category.LAUNCHER] cmp=org.mozilla.fennec_aurora/.App }
Starting by using am start-activity org.mozilla.fennec_aurora/.App
Starting: Intent { act=android.intent.action.MAIN cat=[android.intent.category.LAUNCHER] cmp=org.mozilla.fennec_aurora/.App }
Starting by using am start-activity org.mozilla.fennec_aurora/.App
Starting: Intent { act=android.intent.action.MAIN cat=[android.intent.category.LAUNCHER] cmp=org.mozilla.fennec_aurora/.App }
Starting by using am start-activity org.mozilla.fennec_aurora/.App
Starting: Intent { act=android.intent.action.MAIN cat=[android.intent.category.LAUNCHER] cmp=org.mozilla.fennec_aurora/.App }
Starting by using am start-activity org.mozilla.fennec_aurora/.App
Starting: Intent { act=android.intent.action.MAIN cat=[android.intent.category.LAUNCHER] cmp=org.mozilla.fennec_aurora/.App }
Starting by using am start-activity org.mozilla.fennec_aurora/.App
Starting: Intent { act=android.intent.action.MAIN cat=[android.intent.category.LAUNCHER] cmp=org.mozilla.fennec_aurora/.App }
Starting by using am start-activity org.mozilla.fennec_aurora/.App
Starting: Intent { act=android.intent.action.MAIN cat=[android.intent.category.LAUNCHER] cmp=org.mozilla.fennec_aurora/.App }
Starting by using am start-activity org.mozilla.fennec_aurora/.App
Starting: Intent { act=android.intent.action.MAIN cat=[android.intent.category.LAUNCHER] cmp=org.mozilla.fennec_aurora/.App }
Starting by using am start-activity org.mozilla.fennec_aurora/.App
Starting: Intent { act=android.intent.action.MAIN cat=[android.intent.category.LAUNCHER] cmp=org.mozilla.fennec_aurora/.App }
Starting by using am start-activity org.mozilla.fennec_aurora/.App
Starting: Intent { act=android.intent.action.MAIN cat=[android.intent.category.LAUNCHER] cmp=org.mozilla.fennec_aurora/.App }
Starting by using am start-activity org.mozilla.fennec_aurora/.App
Starting: Intent { act=android.intent.action.MAIN cat=[android.intent.category.LAUNCHER] cmp=org.mozilla.fennec_aurora/.App }
Starting by using am start-activity org.mozilla.fennec_aurora/.App
Starting: Intent { act=android.intent.action.MAIN cat=[android.intent.category.LAUNCHER] cmp=org.mozilla.fennec_aurora/.App }
Starting by using am start-activity org.mozilla.fennec_aurora/.App
Starting: Intent { act=android.intent.action.MAIN cat=[android.intent.category.LAUNCHER] cmp=org.mozilla.fennec_aurora/.App }
Starting by using am start-activity org.mozilla.fennec_aurora/.App
Starting: Intent { act=android.intent.action.MAIN cat=[android.intent.category.LAUNCHER] cmp=org.mozilla.fennec_aurora/.App }
Starting by using am start-activity org.mozilla.fennec_aurora/.App
Starting: Intent { act=android.intent.action.MAIN cat=[android.intent.category.LAUNCHER] cmp=org.mozilla.fennec_aurora/.App }
Starting by using am start-activity org.mozilla.fennec_aurora/.App
Starting: Intent { act=android.intent.action.MAIN cat=[android.intent.category.LAUNCHER] cmp=org.mozilla.fennec_aurora/.App }
Starting by using am start-activity org.mozilla.fennec_aurora/.App
Starting: Intent { act=android.intent.action.MAIN cat=[android.intent.category.LAUNCHER] cmp=org.mozilla.fennec_aurora/.App }
Starting by using am start-activity org.mozilla.fennec_aurora/.App
Starting: Intent { act=android.intent.action.MAIN cat=[android.intent.category.LAUNCHER] cmp=org.mozilla.fennec_aurora/.App }
Starting by using am start-activity org.mozilla.fennec_aurora/.App
Starting: Intent { act=android.intent.action.MAIN cat=[android.intent.category.LAUNCHER] cmp=org.mozilla.fennec_aurora/.App }
Starting by using am start-activity org.mozilla.fennec_aurora/.App
Starting: Intent { act=android.intent.action.MAIN cat=[android.intent.category.LAUNCHER] cmp=org.mozilla.fennec_aurora/.App }
Starting by using am start-activity org.mozilla.fennec_aurora/.App
Starting: Intent { act=android.intent.action.MAIN cat=[android.intent.category.LAUNCHER] cmp=org.mozilla.fennec_aurora/.App }
Starting by using am start-activity org.mozilla.fennec_aurora/.App
Starting: Intent { act=android.intent.action.MAIN cat=[android.intent.category.LAUNCHER] cmp=org.mozilla.fennec_aurora/.App }
Starting by using am start-activity org.mozilla.fennec_aurora/.App
Starting: Intent { act=android.intent.action.MAIN cat=[android.intent.category.LAUNCHER] cmp=org.mozilla.fennec_aurora/.App }
Starting by using am start-activity org.mozilla.fennec_aurora/.App
Starting: Intent { act=android.intent.action.MAIN cat=[android.intent.category.LAUNCHER] cmp=org.mozilla.fennec_aurora/.App }
Starting by using am start-activity org.mozilla.fennec_aurora/.App
Starting: Intent { act=android.intent.action.MAIN cat=[android.intent.category.LAUNCHER] cmp=org.mozilla.fennec_aurora/.App }
Starting by using am start-activity org.mozilla.fennec_aurora/.App
Starting: Intent { act=android.intent.action.MAIN cat=[android.intent.category.LAUNCHER] cmp=org.mozilla.fennec_aurora/.App }
Starting by using am start-activity org.mozilla.fennec_aurora/.App
Starting: Intent { act=android.intent.action.MAIN cat=[android.intent.category.LAUNCHER] cmp=org.mozilla.fennec_aurora/.App }
Starting by using am start-activity org.mozilla.fennec_aurora/.App
Starting: Intent { act=android.intent.action.MAIN cat=[android.intent.category.LAUNCHER] cmp=org.mozilla.fennec_aurora/.App }
Starting by using am start-activity org.mozilla.fennec_aurora/.App
Starting: Intent { act=android.intent.action.MAIN cat=[android.intent.category.LAUNCHER] cmp=org.mozilla.fennec_aurora/.App }
Starting by using am start-activity org.mozilla.fennec_aurora/.App
Starting: Intent { act=android.intent.action.MAIN cat=[android.intent.category.LAUNCHER] cmp=org.mozilla.fennec_aurora/.App }
Starting by using am start-activity org.mozilla.fennec_aurora/.App
Starting: Intent { act=android.intent.action.MAIN cat=[android.intent.category.LAUNCHER] cmp=org.mozilla.fennec_aurora/.App }
Starting by using am start-activity org.mozilla.fennec_aurora/.App
Starting: Intent { act=android.intent.action.MAIN cat=[android.intent.category.LAUNCHER] cmp=org.mozilla.fennec_aurora/.App }
Starting by using am start-activity org.mozilla.fennec_aurora/.App
Starting: Intent { act=android.intent.action.MAIN cat=[android.intent.category.LAUNCHER] cmp=org.mozilla.fennec_aurora/.App }
Starting by using am start-activity org.mozilla.fennec_aurora/.App
Starting: Intent { act=android.intent.action.MAIN cat=[android.intent.category.LAUNCHER] cmp=org.mozilla.fennec_aurora/.App }
Starting by using am start-activity org.mozilla.fennec_aurora/.App
Starting: Intent { act=android.intent.action.MAIN cat=[android.intent.category.LAUNCHER] cmp=org.mozilla.fennec_aurora/.App }
Starting by using am start-activity org.mozilla.fennec_aurora/.App
Starting: Intent { act=android.intent.action.MAIN cat=[android.intent.category.LAUNCHER] cmp=org.mozilla.fennec_aurora/.App }
Starting by using am start-activity org.mozilla.fennec_aurora/.App
Starting: Intent { act=android.intent.action.MAIN cat=[android.intent.category.LAUNCHER] cmp=org.mozilla.fennec_aurora/.App }
Starting by using am start-activity org.mozilla.fennec_aurora/.App
Starting: Intent { act=android.intent.action.MAIN cat=[android.intent.category.LAUNCHER] cmp=org.mozilla.fennec_aurora/.App }
Starting by using am start-activity org.mozilla.fennec_aurora/.App
Starting: Intent { act=android.intent.action.MAIN cat=[android.intent.category.LAUNCHER] cmp=org.mozilla.fennec_aurora/.App }
Starting by using am start-activity org.mozilla.fennec_aurora/.App
Starting: Intent { act=android.intent.action.MAIN cat=[android.intent.category.LAUNCHER] cmp=org.mozilla.fennec_aurora/.App }
Starting by using am start-activity org.mozilla.fennec_aurora/.App
Starting: Intent { act=android.intent.action.MAIN cat=[android.intent.category.LAUNCHER] cmp=org.mozilla.fennec_aurora/.App }
Starting by using am start-activity org.mozilla.fennec_aurora/.App
Starting: Intent { act=android.intent.action.MAIN cat=[android.intent.category.LAUNCHER] cmp=org.mozilla.fennec_aurora/.App }
Starting by using am start-activity org.mozilla.fennec_aurora/.App
Starting: Intent { act=android.intent.action.MAIN cat=[android.intent.category.LAUNCHER] cmp=org.mozilla.fennec_aurora/.App }
Starting by using am start-activity org.mozilla.fennec_aurora/.App
Starting: Intent { act=android.intent.action.MAIN cat=[android.intent.category.LAUNCHER] cmp=org.mozilla.fennec_aurora/.App }
Starting by using am start-activity org.mozilla.fennec_aurora/.App
Starting: Intent { act=android.intent.action.MAIN cat=[android.intent.category.LAUNCHER] cmp=org.mozilla.fennec_aurora/.App }
Starting by using am start-activity org.mozilla.fennec_aurora/.App
Starting: Intent { act=android.intent.action.MAIN cat=[android.intent.category.LAUNCHER] cmp=org.mozilla.fennec_aurora/.App }
Starting by using am start-activity org.mozilla.fennec_aurora/.App
Starting: Intent { act=android.intent.action.MAIN cat=[android.intent.category.LAUNCHER] cmp=org.mozilla.fennec_aurora/.App }
Starting by using am start-activity org.mozilla.fennec_aurora/.App
Starting: Intent { act=android.intent.action.MAIN cat=[android.intent.category.LAUNCHER] cmp=org.mozilla.fennec_aurora/.App }
Starting by using am start-activity org.mozilla.fennec_aurora/.App
Starting: Intent { act=android.intent.action.MAIN cat=[android.intent.category.LAUNCHER] cmp=org.mozilla.fennec_aurora/.App }
Starting by using am start-activity org.mozilla.fennec_aurora/.App
Starting: Intent { act=android.intent.action.MAIN cat=[android.intent.category.LAUNCHER] cmp=org.mozilla.fennec_aurora/.App }
Starting by using am start-activity org.mozilla.fennec_aurora/.App
Starting: Intent { act=android.intent.action.MAIN cat=[android.intent.category.LAUNCHER] cmp=org.mozilla.fennec_aurora/.App }
Starting by using am start-activity org.mozilla.fennec_aurora/.App
Starting: Intent { act=android.intent.action.MAIN cat=[android.intent.category.LAUNCHER] cmp=org.mozilla.fennec_aurora/.App }
Starting by using am start-activity org.mozilla.fennec_aurora/.App
Starting: Intent { act=android.intent.action.MAIN cat=[android.intent.category.LAUNCHER] cmp=org.mozilla.fennec_aurora/.App }
Starting by using am start-activity org.mozilla.fennec_aurora/.App
Starting: Intent { act=android.intent.action.MAIN cat=[android.intent.category.LAUNCHER] cmp=org.mozilla.fennec_aurora/.App }
Starting by using am start-activity org.mozilla.fennec_aurora/.App
Starting: Intent { act=android.intent.action.MAIN cat=[android.intent.category.LAUNCHER] cmp=org.mozilla.fennec_aurora/.App }
Starting by using am start-activity org.mozilla.fennec_aurora/.App
Starting: Intent { act=android.intent.action.MAIN cat=[android.intent.category.LAUNCHER] cmp=org.mozilla.fennec_aurora/.App }
Starting by using am start-activity org.mozilla.fennec_aurora/.App
Starting: Intent { act=android.intent.action.MAIN cat=[android.intent.category.LAUNCHER] cmp=org.mozilla.fennec_aurora/.App }
Starting by using am start-activity org.mozilla.fennec_aurora/.App
Starting: Intent { act=android.intent.action.MAIN cat=[android.intent.category.LAUNCHER] cmp=org.mozilla.fennec_aurora/.App }
Starting by using am start-activity org.mozilla.fennec_aurora/.App
Starting: Intent { act=android.intent.action.MAIN cat=[android.intent.category.LAUNCHER] cmp=org.mozilla.fennec_aurora/.App }
Starting by using am start-activity org.mozilla.fennec_aurora/.App
Starting: Intent { act=android.intent.action.MAIN cat=[android.intent.category.LAUNCHER] cmp=org.mozilla.fennec_aurora/.App }
Starting by using am start-activity org.mozilla.fennec_aurora/.App
Starting: Intent { act=android.intent.action.MAIN cat=[android.intent.category.LAUNCHER] cmp=org.mozilla.fennec_aurora/.App }
Starting by using am start-activity org.mozilla.fennec_aurora/.App
Starting: Intent { act=android.intent.action.MAIN cat=[android.intent.category.LAUNCHER] cmp=org.mozilla.fennec_aurora/.App }
Starting by using am start-activity org.mozilla.fennec_aurora/.App
Starting: Intent { act=android.intent.action.MAIN cat=[android.intent.category.LAUNCHER] cmp=org.mozilla.fennec_aurora/.App }
Starting by using am start-activity org.mozilla.fennec_aurora/.App
Starting: Intent { act=android.intent.action.MAIN cat=[android.intent.category.LAUNCHER] cmp=org.mozilla.fennec_aurora/.App }
Starting by using am start-activity org.mozilla.fennec_aurora/.App
Starting: Intent { act=android.intent.action.MAIN cat=[android.intent.category.LAUNCHER] cmp=org.mozilla.fennec_aurora/.App }
Starting by using am start-activity org.mozilla.fennec_aurora/.App
Starting: Intent { act=android.intent.action.MAIN cat=[android.intent.category.LAUNCHER] cmp=org.mozilla.fennec_aurora/.App }
Starting by using am start-activity org.mozilla.fennec_aurora/.App
Starting: Intent { act=android.intent.action.MAIN cat=[android.intent.category.LAUNCHER] cmp=org.mozilla.fennec_aurora/.App }
Starting by using am start-activity org.mozilla.fennec_aurora/.App
Starting: Intent { act=android.intent.action.MAIN cat=[android.intent.category.LAUNCHER] cmp=org.mozilla.fennec_aurora/.App }
Starting by using am start-activity org.mozilla.fennec_aurora/.App
Starting: Intent { act=android.intent.action.MAIN cat=[android.intent.category.LAUNCHER] cmp=org.mozilla.fennec_aurora/.App }
Starting by using am start-activity org.mozilla.fennec_aurora/.App
Starting: Intent { act=android.intent.action.MAIN cat=[android.intent.category.LAUNCHER] cmp=org.mozilla.fennec_aurora/.App }
Starting by using am start-activity org.mozilla.fennec_aurora/.App
Starting: Intent { act=android.intent.action.MAIN cat=[android.intent.category.LAUNCHER] cmp=org.mozilla.fennec_aurora/.App }
Starting by using am start-activity org.mozilla.fennec_aurora/.App
Starting: Intent { act=android.intent.action.MAIN cat=[android.intent.category.LAUNCHER] cmp=org.mozilla.fennec_aurora/.App }
Starting by using am start-activity org.mozilla.fennec_aurora/.App
Starting: Intent { act=android.intent.action.MAIN cat=[android.intent.category.LAUNCHER] cmp=org.mozilla.fennec_aurora/.App }
Starting by using am start-activity org.mozilla.fennec_aurora/.App
Starting: Intent { act=android.intent.action.MAIN cat=[android.intent.category.LAUNCHER] cmp=org.mozilla.fennec_aurora/.App }
Starting by using am start-activity org.mozilla.fennec_aurora/.App
Starting: Intent { act=android.intent.action.MAIN cat=[android.intent.category.LAUNCHER] cmp=org.mozilla.fennec_aurora/.App }
Starting by using am start-activity org.mozilla.fennec_aurora/.App
Starting: Intent { act=android.intent.action.MAIN cat=[android.intent.category.LAUNCHER] cmp=org.mozilla.fennec_aurora/.App }
Starting by using am start-activity org.mozilla.fennec_aurora/.App
Starting: Intent { act=android.intent.action.MAIN cat=[android.intent.category.LAUNCHER] cmp=org.mozilla.fennec_aurora/.App }
Starting by using am start-activity org.mozilla.fennec_aurora/.App
Starting: Intent { act=android.intent.action.MAIN cat=[android.intent.category.LAUNCHER] cmp=org.mozilla.fennec_aurora/.App }
Starting by using am start-activity org.mozilla.fennec_aurora/.App
Starting: Intent { act=android.intent.action.MAIN cat=[android.intent.category.LAUNCHER] cmp=org.mozilla.fennec_aurora/.App }
Starting by using am start-activity org.mozilla.fennec_aurora/.App
Starting: Intent { act=android.intent.action.MAIN cat=[android.intent.category.LAUNCHER] cmp=org.mozilla.fennec_aurora/.App }
Starting by using am start-activity org.mozilla.fennec_aurora/.App
Starting: Intent { act=android.intent.action.MAIN cat=[android.intent.category.LAUNCHER] cmp=org.mozilla.fennec_aurora/.App }
Starting by using am start-activity org.mozilla.fennec_aurora/.App
Starting: Intent { act=android.intent.action.MAIN cat=[android.intent.category.LAUNCHER] cmp=org.mozilla.fennec_aurora/.App }
Starting by using am start-activity org.mozilla.fennec_aurora/.App
Starting: Intent { act=android.intent.action.MAIN cat=[android.intent.category.LAUNCHER] cmp=org.mozilla.fennec_aurora/.App }
Starting by using am start-activity org.mozilla.fennec_aurora/.App
Starting: Intent { act=android.intent.action.MAIN cat=[android.intent.category.LAUNCHER] cmp=org.mozilla.fennec_aurora/.App }
Starting by using am start-activity org.mozilla.fennec_aurora/.App
Starting: Intent { act=android.intent.action.MAIN cat=[android.intent.category.LAUNCHER] cmp=org.mozilla.fennec_aurora/.App }
Performing Streamed Install
Success
Starting: Intent { act=android.intent.action.VIEW dat=https://example.com/... typ=text/html cmp=org.mozilla.fennec_aurora/org.mozilla.fenix.IntentReceiverActivity }
Starting by using am start-activity -t 'text/html' -d 'https://example.com' -a android.intent.action.VIEW org.mozilla.fennec_aurora/org.mozilla.fenix.IntentReceiverActivity
Starting: Intent { act=android.intent.action.VIEW dat=https://example.com/... typ=text/html cmp=org.mozilla.fennec_aurora/org.mozilla.fenix.IntentReceiverActivity }
Starting by using am start-activity -t 'text/html' -d 'https://example.com' -a android.intent.action.VIEW org.mozilla.fennec_aurora/org.mozilla.fenix.IntentReceiverActivity
Starting: Intent { act=android.intent.action.VIEW dat=https://example.com/... typ=text/html cmp=org.mozilla.fennec_aurora/org.mozilla.fenix.IntentReceiverActivity }
Starting by using am start-activity -t 'text/html' -d 'https://example.com' -a android.intent.action.VIEW org.mozilla.fennec_aurora/org.mozilla.fenix.IntentReceiverActivity
Starting: Intent { act=android.intent.action.VIEW dat=https://example.com/... typ=text/html cmp=org.mozilla.fennec_aurora/org.mozilla.fenix.IntentReceiverActivity }
Starting by using am start-activity -t 'text/html' -d 'https://example.com' -a android.intent.action.VIEW org.mozilla.fennec_aurora/org.mozilla.fenix.IntentReceiverActivity
Starting: Intent { act=android.intent.action.VIEW dat=https://example.com/... typ=text/html cmp=org.mozilla.fennec_aurora/org.mozilla.fenix.IntentReceiverActivity }
Starting by using am start-activity -t 'text/html' -d 'https://example.com' -a android.intent.action.VIEW org.mozilla.fennec_aurora/org.mozilla.fenix.IntentReceiverActivity
Starting: Intent { act=android.intent.action.VIEW dat=https://example.com/... typ=text/html cmp=org.mozilla.fennec_aurora/org.mozilla.fenix.IntentReceiverActivity }
Starting by using am start-activity -t 'text/html' -d 'https://example.com' -a android.intent.action.VIEW org.mozilla.fennec_aurora/org.mozilla.fenix.IntentReceiverActivity
Starting: Intent { act=android.intent.action.VIEW dat=https://example.com/... typ=text/html cmp=org.mozilla.fennec_aurora/org.mozilla.fenix.IntentReceiverActivity }
Starting by using am start-activity -t 'text/html' -d 'https://example.com' -a android.intent.action.VIEW org.mozilla.fennec_aurora/org.mozilla.fenix.IntentReceiverActivity
Starting: Intent { act=android.intent.action.VIEW dat=https://example.com/... typ=text/html cmp=org.mozilla.fennec_aurora/org.mozilla.fenix.IntentReceiverActivity }
Starting by using am start-activity -t 'text/html' -d 'https://example.com' -a android.intent.action.VIEW org.mozilla.fennec_aurora/org.mozilla.fenix.IntentReceiverActivity
Starting: Intent { act=android.intent.action.VIEW dat=https://example.com/... typ=text/html cmp=org.mozilla.fennec_aurora/org.mozilla.fenix.IntentReceiverActivity }
Starting by using am start-activity -t 'text/html' -d 'https://example.com' -a android.intent.action.VIEW org.mozilla.fennec_aurora/org.mozilla.fenix.IntentReceiverActivity
Starting: Intent { act=android.intent.action.VIEW dat=https://example.com/... typ=text/html cmp=org.mozilla.fennec_aurora/org.mozilla.fenix.IntentReceiverActivity }
Starting by using am start-activity -t 'text/html' -d 'https://example.com' -a android.intent.action.VIEW org.mozilla.fennec_aurora/org.mozilla.fenix.IntentReceiverActivity
Starting: Intent { act=android.intent.action.VIEW dat=https://example.com/... typ=text/html cmp=org.mozilla.fennec_aurora/org.mozilla.fenix.IntentReceiverActivity }
Starting by using am start-activity -t 'text/html' -d 'https://example.com' -a android.intent.action.VIEW org.mozilla.fennec_aurora/org.mozilla.fenix.IntentReceiverActivity
Starting: Intent { act=android.intent.action.VIEW dat=https://example.com/... typ=text/html cmp=org.mozilla.fennec_aurora/org.mozilla.fenix.IntentReceiverActivity }
Starting by using am start-activity -t 'text/html' -d 'https://example.com' -a android.intent.action.VIEW org.mozilla.fennec_aurora/org.mozilla.fenix.IntentReceiverActivity
Starting: Intent { act=android.intent.action.VIEW dat=https://example.com/... typ=text/html cmp=org.mozilla.fennec_aurora/org.mozilla.fenix.IntentReceiverActivity }
Starting by using am start-activity -t 'text/html' -d 'https://example.com' -a android.intent.action.VIEW org.mozilla.fennec_aurora/org.mozilla.fenix.IntentReceiverActivity
Starting: Intent { act=android.intent.action.VIEW dat=https://example.com/... typ=text/html cmp=org.mozilla.fennec_aurora/org.mozilla.fenix.IntentReceiverActivity }
Starting by using am start-activity -t 'text/html' -d 'https://example.com' -a android.intent.action.VIEW org.mozilla.fennec_aurora/org.mozilla.fenix.IntentReceiverActivity
Starting: Intent { act=android.intent.action.VIEW dat=https://example.com/... typ=text/html cmp=org.mozilla.fennec_aurora/org.mozilla.fenix.IntentReceiverActivity }
Starting by using am start-activity -t 'text/html' -d 'https://example.com' -a android.intent.action.VIEW org.mozilla.fennec_aurora/org.mozilla.fenix.IntentReceiverActivity
Starting: Intent { act=android.intent.action.VIEW dat=https://example.com/... typ=text/html cmp=org.mozilla.fennec_aurora/org.mozilla.fenix.IntentReceiverActivity }
Starting by using am start-activity -t 'text/html' -d 'https://example.com' -a android.intent.action.VIEW org.mozilla.fennec_aurora/org.mozilla.fenix.IntentReceiverActivity
Starting: Intent { act=android.intent.action.VIEW dat=https://example.com/... typ=text/html cmp=org.mozilla.fennec_aurora/org.mozilla.fenix.IntentReceiverActivity }
Starting by using am start-activity -t 'text/html' -d 'https://example.com' -a android.intent.action.VIEW org.mozilla.fennec_aurora/org.mozilla.fenix.IntentReceiverActivity
Starting: Intent { act=android.intent.action.VIEW dat=https://example.com/... typ=text/html cmp=org.mozilla.fennec_aurora/org.mozilla.fenix.IntentReceiverActivity }
Starting by using am start-activity -t 'text/html' -d 'https://example.com' -a android.intent.action.VIEW org.mozilla.fennec_aurora/org.mozilla.fenix.IntentReceiverActivity
Starting: Intent { act=android.intent.action.VIEW dat=https://example.com/... typ=text/html cmp=org.mozilla.fennec_aurora/org.mozilla.fenix.IntentReceiverActivity }
Starting by using am start-activity -t 'text/html' -d 'https://example.com' -a android.intent.action.VIEW org.mozilla.fennec_aurora/org.mozilla.fenix.IntentReceiverActivity
Starting: Intent { act=android.intent.action.VIEW dat=https://example.com/... typ=text/html cmp=org.mozilla.fennec_aurora/org.mozilla.fenix.IntentReceiverActivity }
Starting by using am start-activity -t 'text/html' -d 'https://example.com' -a android.intent.action.VIEW org.mozilla.fennec_aurora/org.mozilla.fenix.IntentReceiverActivity
Starting: Intent { act=android.intent.action.VIEW dat=https://example.com/... typ=text/html cmp=org.mozilla.fennec_aurora/org.mozilla.fenix.IntentReceiverActivity }
Starting by using am start-activity -t 'text/html' -d 'https://example.com' -a android.intent.action.VIEW org.mozilla.fennec_aurora/org.mozilla.fenix.IntentReceiverActivity
Starting: Intent { act=android.intent.action.VIEW dat=https://example.com/... typ=text/html cmp=org.mozilla.fennec_aurora/org.mozilla.fenix.IntentReceiverActivity }
Starting by using am start-activity -t 'text/html' -d 'https://example.com' -a android.intent.action.VIEW org.mozilla.fennec_aurora/org.mozilla.fenix.IntentReceiverActivity
Starting: Intent { act=android.intent.action.VIEW dat=https://example.com/... typ=text/html cmp=org.mozilla.fennec_aurora/org.mozilla.fenix.IntentReceiverActivity }
Starting by using am start-activity -t 'text/html' -d 'https://example.com' -a android.intent.action.VIEW org.mozilla.fennec_aurora/org.mozilla.fenix.IntentReceiverActivity
Starting: Intent { act=android.intent.action.VIEW dat=https://example.com/... typ=text/html cmp=org.mozilla.fennec_aurora/org.mozilla.fenix.IntentReceiverActivity }
Starting by using am start-activity -t 'text/html' -d 'https://example.com' -a android.intent.action.VIEW org.mozilla.fennec_aurora/org.mozilla.fenix.IntentReceiverActivity
Starting: Intent { act=android.intent.action.VIEW dat=https://example.com/... typ=text/html cmp=org.mozilla.fennec_aurora/org.mozilla.fenix.IntentReceiverActivity }
Starting by using am start-activity -t 'text/html' -d 'https://example.com' -a android.intent.action.VIEW org.mozilla.fennec_aurora/org.mozilla.fenix.IntentReceiverActivity
Starting: Intent { act=android.intent.action.VIEW dat=https://example.com/... typ=text/html cmp=org.mozilla.fennec_aurora/org.mozilla.fenix.IntentReceiverActivity }
Performing Streamed Install
Success
Starting: Intent { act=android.intent.action.MAIN cat=[android.intent.category.LAUNCHER] cmp=org.mozilla.fennec_aurora/.App (has extras) }
Starting by using am start-activity org.mozilla.fennec_aurora/.App
Starting: Intent { act=android.intent.action.MAIN cat=[android.intent.category.LAUNCHER] cmp=org.mozilla.fennec_aurora/.App }
Starting by using am start-activity org.mozilla.fennec_aurora/.App
Starting: Intent { act=android.intent.action.MAIN cat=[android.intent.category.LAUNCHER] cmp=org.mozilla.fennec_aurora/.App }
Starting by using am start-activity org.mozilla.fennec_aurora/.App
Starting: Intent { act=android.intent.action.MAIN cat=[android.intent.category.LAUNCHER] cmp=org.mozilla.fennec_aurora/.App }
Starting by using am start-activity org.mozilla.fennec_aurora/.App
Starting: Intent { act=android.intent.action.MAIN cat=[android.intent.category.LAUNCHER] cmp=org.mozilla.fennec_aurora/.App }
Starting by using am start-activity org.mozilla.fennec_aurora/.App
Starting: Intent { act=android.intent.action.MAIN cat=[android.intent.category.LAUNCHER] cmp=org.mozilla.fennec_aurora/.App }
Starting by using am start-activity org.mozilla.fennec_aurora/.App
Starting: Intent { act=android.intent.action.MAIN cat=[android.intent.category.LAUNCHER] cmp=org.mozilla.fennec_aurora/.App }
Starting by using am start-activity org.mozilla.fennec_aurora/.App
Starting: Intent { act=android.intent.action.MAIN cat=[android.intent.category.LAUNCHER] cmp=org.mozilla.fennec_aurora/.App }
Starting by using am start-activity org.mozilla.fennec_aurora/.App
Starting: Intent { act=android.intent.action.MAIN cat=[android.intent.category.LAUNCHER] cmp=org.mozilla.fennec_aurora/.App }
Starting by using am start-activity org.mozilla.fennec_aurora/.App
Starting: Intent { act=android.intent.action.MAIN cat=[android.intent.category.LAUNCHER] cmp=org.mozilla.fennec_aurora/.App }
Starting by using am start-activity org.mozilla.fennec_aurora/.App
Starting: Intent { act=android.intent.action.MAIN cat=[android.intent.category.LAUNCHER] cmp=org.mozilla.fennec_aurora/.App }
Starting by using am start-activity org.mozilla.fennec_aurora/.App
Starting: Intent { act=android.intent.action.MAIN cat=[android.intent.category.LAUNCHER] cmp=org.mozilla.fennec_aurora/.App }
Starting by using am start-activity org.mozilla.fennec_aurora/.App
Starting: Intent { act=android.intent.action.MAIN cat=[android.intent.category.LAUNCHER] cmp=org.mozilla.fennec_aurora/.App }
Starting by using am start-activity org.mozilla.fennec_aurora/.App
Starting: Intent { act=android.intent.action.MAIN cat=[android.intent.category.LAUNCHER] cmp=org.mozilla.fennec_aurora/.App }
Starting by using am start-activity org.mozilla.fennec_aurora/.App
Starting: Intent { act=android.intent.action.MAIN cat=[android.intent.category.LAUNCHER] cmp=org.mozilla.fennec_aurora/.App }
Starting by using am start-activity org.mozilla.fennec_aurora/.App
Starting: Intent { act=android.intent.action.MAIN cat=[android.intent.category.LAUNCHER] cmp=org.mozilla.fennec_aurora/.App }
Starting by using am start-activity org.mozilla.fennec_aurora/.App
Starting: Intent { act=android.intent.action.MAIN cat=[android.intent.category.LAUNCHER] cmp=org.mozilla.fennec_aurora/.App }
Starting by using am start-activity org.mozilla.fennec_aurora/.App
Starting: Intent { act=android.intent.action.MAIN cat=[android.intent.category.LAUNCHER] cmp=org.mozilla.fennec_aurora/.App }
Starting by using am start-activity org.mozilla.fennec_aurora/.App
Starting: Intent { act=android.intent.action.MAIN cat=[android.intent.category.LAUNCHER] cmp=org.mozilla.fennec_aurora/.App }
Starting by using am start-activity org.mozilla.fennec_aurora/.App
Starting: Intent { act=android.intent.action.MAIN cat=[android.intent.category.LAUNCHER] cmp=org.mozilla.fennec_aurora/.App }
Starting by using am start-activity org.mozilla.fennec_aurora/.App
Starting: Intent { act=android.intent.action.MAIN cat=[android.intent.category.LAUNCHER] cmp=org.mozilla.fennec_aurora/.App }
Starting by using am start-activity org.mozilla.fennec_aurora/.App
Starting: Intent { act=android.intent.action.MAIN cat=[android.intent.category.LAUNCHER] cmp=org.mozilla.fennec_aurora/.App }
Starting by using am start-activity org.mozilla.fennec_aurora/.App
Starting: Intent { act=android.intent.action.MAIN cat=[android.intent.category.LAUNCHER] cmp=org.mozilla.fennec_aurora/.App }
Starting by using am start-activity org.mozilla.fennec_aurora/.App
Starting: Intent { act=android.intent.action.MAIN cat=[android.intent.category.LAUNCHER] cmp=org.mozilla.fennec_aurora/.App }
Starting by using am start-activity org.mozilla.fennec_aurora/.App
Starting: Intent { act=android.intent.action.MAIN cat=[android.intent.category.LAUNCHER] cmp=org.mozilla.fennec_aurora/.App }
Starting by using am start-activity org.mozilla.fennec_aurora/.App
Starting: Intent { act=android.intent.action.MAIN cat=[android.intent.category.LAUNCHER] cmp=org.mozilla.fennec_aurora/.App }
Starting by using am start-activity org.mozilla.fennec_aurora/.App
Starting: Intent { act=android.intent.action.MAIN cat=[android.intent.category.LAUNCHER] cmp=org.mozilla.fennec_aurora/.App }
Starting by using am start-activity org.mozilla.fennec_aurora/.App
Starting: Intent { act=android.intent.action.MAIN cat=[android.intent.category.LAUNCHER] cmp=org.mozilla.fennec_aurora/.App }
Starting by using am start-activity org.mozilla.fennec_aurora/.App
Starting: Intent { act=android.intent.action.MAIN cat=[android.intent.category.LAUNCHER] cmp=org.mozilla.fennec_aurora/.App }
Starting by using am start-activity org.mozilla.fennec_aurora/.App
Starting: Intent { act=android.intent.action.MAIN cat=[android.intent.category.LAUNCHER] cmp=org.mozilla.fennec_aurora/.App }
Starting by using am start-activity org.mozilla.fennec_aurora/.App
Starting: Intent { act=android.intent.action.MAIN cat=[android.intent.category.LAUNCHER] cmp=org.mozilla.fennec_aurora/.App }
Starting by using am start-activity org.mozilla.fennec_aurora/.App
Starting: Intent { act=android.intent.action.MAIN cat=[android.intent.category.LAUNCHER] cmp=org.mozilla.fennec_aurora/.App }
Starting by using am start-activity org.mozilla.fennec_aurora/.App
Starting: Intent { act=android.intent.action.MAIN cat=[android.intent.category.LAUNCHER] cmp=org.mozilla.fennec_aurora/.App }
Starting by using am start-activity org.mozilla.fennec_aurora/.App
Starting: Intent { act=android.intent.action.MAIN cat=[android.intent.category.LAUNCHER] cmp=org.mozilla.fennec_aurora/.App }
Starting by using am start-activity org.mozilla.fennec_aurora/.App
Starting: Intent { act=android.intent.action.MAIN cat=[android.intent.category.LAUNCHER] cmp=org.mozilla.fennec_aurora/.App }
Starting by using am start-activity org.mozilla.fennec_aurora/.App
Starting: Intent { act=android.intent.action.MAIN cat=[android.intent.category.LAUNCHER] cmp=org.mozilla.fennec_aurora/.App }
Starting by using am start-activity org.mozilla.fennec_aurora/.App
Starting: Intent { act=android.intent.action.MAIN cat=[android.intent.category.LAUNCHER] cmp=org.mozilla.fennec_aurora/.App }
Starting by using am start-activity org.mozilla.fennec_aurora/.App
Starting: Intent { act=android.intent.action.MAIN cat=[android.intent.category.LAUNCHER] cmp=org.mozilla.fennec_aurora/.App }
Starting by using am start-activity org.mozilla.fennec_aurora/.App
Starting: Intent { act=android.intent.action.MAIN cat=[android.intent.category.LAUNCHER] cmp=org.mozilla.fennec_aurora/.App }
Starting by using am start-activity org.mozilla.fennec_aurora/.App
Starting: Intent { act=android.intent.action.MAIN cat=[android.intent.category.LAUNCHER] cmp=org.mozilla.fennec_aurora/.App }
Starting by using am start-activity org.mozilla.fennec_aurora/.App
Starting: Intent { act=android.intent.action.MAIN cat=[android.intent.category.LAUNCHER] cmp=org.mozilla.fennec_aurora/.App }
Starting by using am start-activity org.mozilla.fennec_aurora/.App
Starting: Intent { act=android.intent.action.MAIN cat=[android.intent.category.LAUNCHER] cmp=org.mozilla.fennec_aurora/.App }
Starting by using am start-activity org.mozilla.fennec_aurora/.App
Starting: Intent { act=android.intent.action.MAIN cat=[android.intent.category.LAUNCHER] cmp=org.mozilla.fennec_aurora/.App }
Starting by using am start-activity org.mozilla.fennec_aurora/.App
Starting: Intent { act=android.intent.action.MAIN cat=[android.intent.category.LAUNCHER] cmp=org.mozilla.fennec_aurora/.App }
Starting by using am start-activity org.mozilla.fennec_aurora/.App
Starting: Intent { act=android.intent.action.MAIN cat=[android.intent.category.LAUNCHER] cmp=org.mozilla.fennec_aurora/.App }
Starting by using am start-activity org.mozilla.fennec_aurora/.App
Starting: Intent { act=android.intent.action.MAIN cat=[android.intent.category.LAUNCHER] cmp=org.mozilla.fennec_aurora/.App }
Starting by using am start-activity org.mozilla.fennec_aurora/.App
Starting: Intent { act=android.intent.action.MAIN cat=[android.intent.category.LAUNCHER] cmp=org.mozilla.fennec_aurora/.App }
Starting by using am start-activity org.mozilla.fennec_aurora/.App
Starting: Intent { act=android.intent.action.MAIN cat=[android.intent.category.LAUNCHER] cmp=org.mozilla.fennec_aurora/.App }
Starting by using am start-activity org.mozilla.fennec_aurora/.App
Starting: Intent { act=android.intent.action.MAIN cat=[android.intent.category.LAUNCHER] cmp=org.mozilla.fennec_aurora/.App }
Starting by using am start-activity org.mozilla.fennec_aurora/.App
Starting: Intent { act=android.intent.action.MAIN cat=[android.intent.category.LAUNCHER] cmp=org.mozilla.fennec_aurora/.App }
Starting by using am start-activity org.mozilla.fennec_aurora/.App
Starting: Intent { act=android.intent.action.MAIN cat=[android.intent.category.LAUNCHER] cmp=org.mozilla.fennec_aurora/.App }
Starting by using am start-activity org.mozilla.fennec_aurora/.App
Starting: Intent { act=android.intent.action.MAIN cat=[android.intent.category.LAUNCHER] cmp=org.mozilla.fennec_aurora/.App }
Starting by using am start-activity org.mozilla.fennec_aurora/.App
Starting: Intent { act=android.intent.action.MAIN cat=[android.intent.category.LAUNCHER] cmp=org.mozilla.fennec_aurora/.App }
Starting by using am start-activity org.mozilla.fennec_aurora/.App
Starting: Intent { act=android.intent.action.MAIN cat=[android.intent.category.LAUNCHER] cmp=org.mozilla.fennec_aurora/.App }
Starting by using am start-activity org.mozilla.fennec_aurora/.App
Starting: Intent { act=android.intent.action.MAIN cat=[android.intent.category.LAUNCHER] cmp=org.mozilla.fennec_aurora/.App }
Starting by using am start-activity org.mozilla.fennec_aurora/.App
Starting: Intent { act=android.intent.action.MAIN cat=[android.intent.category.LAUNCHER] cmp=org.mozilla.fennec_aurora/.App }
Starting by using am start-activity org.mozilla.fennec_aurora/.App
Starting: Intent { act=android.intent.action.MAIN cat=[android.intent.category.LAUNCHER] cmp=org.mozilla.fennec_aurora/.App }
Starting by using am start-activity org.mozilla.fennec_aurora/.App
Starting: Intent { act=android.intent.action.MAIN cat=[android.intent.category.LAUNCHER] cmp=org.mozilla.fennec_aurora/.App }
Starting by using am start-activity org.mozilla.fennec_aurora/.App
Starting: Intent { act=android.intent.action.MAIN cat=[android.intent.category.LAUNCHER] cmp=org.mozilla.fennec_aurora/.App }
Starting by using am start-activity org.mozilla.fennec_aurora/.App
Starting: Intent { act=android.intent.action.MAIN cat=[android.intent.category.LAUNCHER] cmp=org.mozilla.fennec_aurora/.App }
Starting by using am start-activity org.mozilla.fennec_aurora/.App
Starting: Intent { act=android.intent.action.MAIN cat=[android.intent.category.LAUNCHER] cmp=org.mozilla.fennec_aurora/.App }
Starting by using am start-activity org.mozilla.fennec_aurora/.App
Starting: Intent { act=android.intent.action.MAIN cat=[android.intent.category.LAUNCHER] cmp=org.mozilla.fennec_aurora/.App }
Starting by using am start-activity org.mozilla.fennec_aurora/.App
Starting: Intent { act=android.intent.action.MAIN cat=[android.intent.category.LAUNCHER] cmp=org.mozilla.fennec_aurora/.App }
Starting by using am start-activity org.mozilla.fennec_aurora/.App
Starting: Intent { act=android.intent.action.MAIN cat=[android.intent.category.LAUNCHER] cmp=org.mozilla.fennec_aurora/.App }
Starting by using am start-activity org.mozilla.fennec_aurora/.App
Starting: Intent { act=android.intent.action.MAIN cat=[android.intent.category.LAUNCHER] cmp=org.mozilla.fennec_aurora/.App }
Starting by using am start-activity org.mozilla.fennec_aurora/.App
Starting: Intent { act=android.intent.action.MAIN cat=[android.intent.category.LAUNCHER] cmp=org.mozilla.fennec_aurora/.App }
Starting by using am start-activity org.mozilla.fennec_aurora/.App
Starting: Intent { act=android.intent.action.MAIN cat=[android.intent.category.LAUNCHER] cmp=org.mozilla.fennec_aurora/.App }
Starting by using am start-activity org.mozilla.fennec_aurora/.App
Starting: Intent { act=android.intent.action.MAIN cat=[android.intent.category.LAUNCHER] cmp=org.mozilla.fennec_aurora/.App }
Starting by using am start-activity org.mozilla.fennec_aurora/.App
Starting: Intent { act=android.intent.action.MAIN cat=[android.intent.category.LAUNCHER] cmp=org.mozilla.fennec_aurora/.App }
Starting by using am start-activity org.mozilla.fennec_aurora/.App
Starting: Intent { act=android.intent.action.MAIN cat=[android.intent.category.LAUNCHER] cmp=org.mozilla.fennec_aurora/.App }
Starting by using am start-activity org.mozilla.fennec_aurora/.App
Starting: Intent { act=android.intent.action.MAIN cat=[android.intent.category.LAUNCHER] cmp=org.mozilla.fennec_aurora/.App }
Starting by using am start-activity org.mozilla.fennec_aurora/.App
Starting: Intent { act=android.intent.action.MAIN cat=[android.intent.category.LAUNCHER] cmp=org.mozilla.fennec_aurora/.App }
Starting by using am start-activity org.mozilla.fennec_aurora/.App
Starting: Intent { act=android.intent.action.MAIN cat=[android.intent.category.LAUNCHER] cmp=org.mozilla.fennec_aurora/.App }
Starting by using am start-activity org.mozilla.fennec_aurora/.App
Starting: Intent { act=android.intent.action.MAIN cat=[android.intent.category.LAUNCHER] cmp=org.mozilla.fennec_aurora/.App }
Starting by using am start-activity org.mozilla.fennec_aurora/.App
Starting: Intent { act=android.intent.action.MAIN cat=[android.intent.category.LAUNCHER] cmp=org.mozilla.fennec_aurora/.App }
Starting by using am start-activity org.mozilla.fennec_aurora/.App
Starting: Intent { act=android.intent.action.MAIN cat=[android.intent.category.LAUNCHER] cmp=org.mozilla.fennec_aurora/.App }
Starting by using am start-activity org.mozilla.fennec_aurora/.App
Starting: Intent { act=android.intent.action.MAIN cat=[android.intent.category.LAUNCHER] cmp=org.mozilla.fennec_aurora/.App }
Starting by using am start-activity org.mozilla.fennec_aurora/.App
Starting: Intent { act=android.intent.action.MAIN cat=[android.intent.category.LAUNCHER] cmp=org.mozilla.fennec_aurora/.App }
Starting by using am start-activity org.mozilla.fennec_aurora/.App
Starting: Intent { act=android.intent.action.MAIN cat=[android.intent.category.LAUNCHER] cmp=org.mozilla.fennec_aurora/.App }
Starting by using am start-activity org.mozilla.fennec_aurora/.App
Starting: Intent { act=android.intent.action.MAIN cat=[android.intent.category.LAUNCHER] cmp=org.mozilla.fennec_aurora/.App }
Starting by using am start-activity org.mozilla.fennec_aurora/.App
Starting: Intent { act=android.intent.action.MAIN cat=[android.intent.category.LAUNCHER] cmp=org.mozilla.fennec_aurora/.App }
Starting by using am start-activity org.mozilla.fennec_aurora/.App
Starting: Intent { act=android.intent.action.MAIN cat=[android.intent.category.LAUNCHER] cmp=org.mozilla.fennec_aurora/.App }
Starting by using am start-activity org.mozilla.fennec_aurora/.App
Starting: Intent { act=android.intent.action.MAIN cat=[android.intent.category.LAUNCHER] cmp=org.mozilla.fennec_aurora/.App }
Starting by using am start-activity org.mozilla.fennec_aurora/.App
Starting: Intent { act=android.intent.action.MAIN cat=[android.intent.category.LAUNCHER] cmp=org.mozilla.fennec_aurora/.App }
Starting by using am start-activity org.mozilla.fennec_aurora/.App
Starting: Intent { act=android.intent.action.MAIN cat=[android.intent.category.LAUNCHER] cmp=org.mozilla.fennec_aurora/.App }
Starting by using am start-activity org.mozilla.fennec_aurora/.App
Starting: Intent { act=android.intent.action.MAIN cat=[android.intent.category.LAUNCHER] cmp=org.mozilla.fennec_aurora/.App }
Starting by using am start-activity org.mozilla.fennec_aurora/.App
Starting: Intent { act=android.intent.action.MAIN cat=[android.intent.category.LAUNCHER] cmp=org.mozilla.fennec_aurora/.App }
Starting by using am start-activity org.mozilla.fennec_aurora/.App
Starting: Intent { act=android.intent.action.MAIN cat=[android.intent.category.LAUNCHER] cmp=org.mozilla.fennec_aurora/.App }
Starting by using am start-activity org.mozilla.fennec_aurora/.App
Starting: Intent { act=android.intent.action.MAIN cat=[android.intent.category.LAUNCHER] cmp=org.mozilla.fennec_aurora/.App }
Starting by using am start-activity org.mozilla.fennec_aurora/.App
Starting: Intent { act=android.intent.action.MAIN cat=[android.intent.category.LAUNCHER] cmp=org.mozilla.fennec_aurora/.App }
Starting by using am start-activity org.mozilla.fennec_aurora/.App
Starting: Intent { act=android.intent.action.MAIN cat=[android.intent.category.LAUNCHER] cmp=org.mozilla.fennec_aurora/.App }
Starting by using am start-activity org.mozilla.fennec_aurora/.App
Starting: Intent { act=android.intent.action.MAIN cat=[android.intent.category.LAUNCHER] cmp=org.mozilla.fennec_aurora/.App }
Starting by using am start-activity org.mozilla.fennec_aurora/.App
Starting: Intent { act=android.intent.action.MAIN cat=[android.intent.category.LAUNCHER] cmp=org.mozilla.fennec_aurora/.App }
Starting by using am start-activity org.mozilla.fennec_aurora/.App
Starting: Intent { act=android.intent.action.MAIN cat=[android.intent.category.LAUNCHER] cmp=org.mozilla.fennec_aurora/.App }
Starting by using am start-activity org.mozilla.fennec_aurora/.App
Starting: Intent { act=android.intent.action.MAIN cat=[android.intent.category.LAUNCHER] cmp=org.mozilla.fennec_aurora/.App }
Starting by using am start-activity org.mozilla.fennec_aurora/.App
Starting: Intent { act=android.intent.action.MAIN cat=[android.intent.category.LAUNCHER] cmp=org.mozilla.fennec_aurora/.App }
Starting by using am start-activity org.mozilla.fennec_aurora/.App
Starting: Intent { act=android.intent.action.MAIN cat=[android.intent.category.LAUNCHER] cmp=org.mozilla.fennec_aurora/.App }
Starting by using am start-activity org.mozilla.fennec_aurora/.App
Starting: Intent { act=android.intent.action.MAIN cat=[android.intent.category.LAUNCHER] cmp=org.mozilla.fennec_aurora/.App }
Starting by using am start-activity org.mozilla.fennec_aurora/.App
Starting: Intent { act=android.intent.action.MAIN cat=[android.intent.category.LAUNCHER] cmp=org.mozilla.fennec_aurora/.App }
Starting by using am start-activity org.mozilla.fennec_aurora/.App
Starting: Intent { act=android.intent.action.MAIN cat=[android.intent.category.LAUNCHER] cmp=org.mozilla.fennec_aurora/.App }
Starting by using am start-activity org.mozilla.fennec_aurora/.App
Starting: Intent { act=android.intent.action.MAIN cat=[android.intent.category.LAUNCHER] cmp=org.mozilla.fennec_aurora/.App }
