Downloading apk.
Done downloading apk.
Running tests
Performing Streamed Install
Success
Starting: Intent { act=android.intent.action.MAIN cat=[android.intent.category.LAUNCHER] cmp=org.mozilla.fenix.performancetest/org.mozilla.fenix.HomeActivity }
Starting by using am start-activity org.mozilla.fenix.performancetest/org.mozilla.fenix.HomeActivity
Starting: Intent { act=android.intent.action.MAIN cat=[android.intent.category.LAUNCHER] cmp=org.mozilla.fenix.performancetest/org.mozilla.fenix.HomeActivity }
Starting by using am start-activity org.mozilla.fenix.performancetest/org.mozilla.fenix.HomeActivity
Starting: Intent { act=android.intent.action.MAIN cat=[android.intent.category.LAUNCHER] cmp=org.mozilla.fenix.performancetest/org.mozilla.fenix.HomeActivity }
Starting by using am start-activity org.mozilla.fenix.performancetest/org.mozilla.fenix.HomeActivity
Starting: Intent { act=android.intent.action.MAIN cat=[android.intent.category.LAUNCHER] cmp=org.mozilla.fenix.performancetest/org.mozilla.fenix.HomeActivity }
Starting by using am start-activity org.mozilla.fenix.performancetest/org.mozilla.fenix.HomeActivity
Starting: Intent { act=android.intent.action.MAIN cat=[android.intent.category.LAUNCHER] cmp=org.mozilla.fenix.performancetest/org.mozilla.fenix.HomeActivity }
Starting by using am start-activity org.mozilla.fenix.performancetest/org.mozilla.fenix.HomeActivity
Starting: Intent { act=android.intent.action.MAIN cat=[android.intent.category.LAUNCHER] cmp=org.mozilla.fenix.performancetest/org.mozilla.fenix.HomeActivity }
Starting by using am start-activity org.mozilla.fenix.performancetest/org.mozilla.fenix.HomeActivity
Starting: Intent { act=android.intent.action.MAIN cat=[android.intent.category.LAUNCHER] cmp=org.mozilla.fenix.performancetest/org.mozilla.fenix.HomeActivity }
Starting by using am start-activity org.mozilla.fenix.performancetest/org.mozilla.fenix.HomeActivity
Starting: Intent { act=android.intent.action.MAIN cat=[android.intent.category.LAUNCHER] cmp=org.mozilla.fenix.performancetest/org.mozilla.fenix.HomeActivity }
Starting by using am start-activity org.mozilla.fenix.performancetest/org.mozilla.fenix.HomeActivity
Starting: Intent { act=android.intent.action.MAIN cat=[android.intent.category.LAUNCHER] cmp=org.mozilla.fenix.performancetest/org.mozilla.fenix.HomeActivity }
Starting by using am start-activity org.mozilla.fenix.performancetest/org.mozilla.fenix.HomeActivity
Starting: Intent { act=android.intent.action.MAIN cat=[android.intent.category.LAUNCHER] cmp=org.mozilla.fenix.performancetest/org.mozilla.fenix.HomeActivity }
Starting by using am start-activity org.mozilla.fenix.performancetest/org.mozilla.fenix.HomeActivity
Starting: Intent { act=android.intent.action.MAIN cat=[android.intent.category.LAUNCHER] cmp=org.mozilla.fenix.performancetest/org.mozilla.fenix.HomeActivity }
Starting by using am start-activity org.mozilla.fenix.performancetest/org.mozilla.fenix.HomeActivity
Starting: Intent { act=android.intent.action.MAIN cat=[android.intent.category.LAUNCHER] cmp=org.mozilla.fenix.performancetest/org.mozilla.fenix.HomeActivity }
Starting by using am start-activity org.mozilla.fenix.performancetest/org.mozilla.fenix.HomeActivity
Starting: Intent { act=android.intent.action.MAIN cat=[android.intent.category.LAUNCHER] cmp=org.mozilla.fenix.performancetest/org.mozilla.fenix.HomeActivity }
Starting by using am start-activity org.mozilla.fenix.performancetest/org.mozilla.fenix.HomeActivity
Starting: Intent { act=android.intent.action.MAIN cat=[android.intent.category.LAUNCHER] cmp=org.mozilla.fenix.performancetest/org.mozilla.fenix.HomeActivity }
Starting by using am start-activity org.mozilla.fenix.performancetest/org.mozilla.fenix.HomeActivity
Starting: Intent { act=android.intent.action.MAIN cat=[android.intent.category.LAUNCHER] cmp=org.mozilla.fenix.performancetest/org.mozilla.fenix.HomeActivity }
Starting by using am start-activity org.mozilla.fenix.performancetest/org.mozilla.fenix.HomeActivity
Starting: Intent { act=android.intent.action.MAIN cat=[android.intent.category.LAUNCHER] cmp=org.mozilla.fenix.performancetest/org.mozilla.fenix.HomeActivity }
Starting by using am start-activity org.mozilla.fenix.performancetest/org.mozilla.fenix.HomeActivity
Starting: Intent { act=android.intent.action.MAIN cat=[android.intent.category.LAUNCHER] cmp=org.mozilla.fenix.performancetest/org.mozilla.fenix.HomeActivity }
Starting by using am start-activity org.mozilla.fenix.performancetest/org.mozilla.fenix.HomeActivity
Starting: Intent { act=android.intent.action.MAIN cat=[android.intent.category.LAUNCHER] cmp=org.mozilla.fenix.performancetest/org.mozilla.fenix.HomeActivity }
Starting by using am start-activity org.mozilla.fenix.performancetest/org.mozilla.fenix.HomeActivity
Starting: Intent { act=android.intent.action.MAIN cat=[android.intent.category.LAUNCHER] cmp=org.mozilla.fenix.performancetest/org.mozilla.fenix.HomeActivity }
Starting by using am start-activity org.mozilla.fenix.performancetest/org.mozilla.fenix.HomeActivity
Starting: Intent { act=android.intent.action.MAIN cat=[android.intent.category.LAUNCHER] cmp=org.mozilla.fenix.performancetest/org.mozilla.fenix.HomeActivity }
Starting by using am start-activity org.mozilla.fenix.performancetest/org.mozilla.fenix.HomeActivity
Starting: Intent { act=android.intent.action.MAIN cat=[android.intent.category.LAUNCHER] cmp=org.mozilla.fenix.performancetest/org.mozilla.fenix.HomeActivity }
Starting by using am start-activity org.mozilla.fenix.performancetest/org.mozilla.fenix.HomeActivity
Starting: Intent { act=android.intent.action.MAIN cat=[android.intent.category.LAUNCHER] cmp=org.mozilla.fenix.performancetest/org.mozilla.fenix.HomeActivity }
Starting by using am start-activity org.mozilla.fenix.performancetest/org.mozilla.fenix.HomeActivity
Starting: Intent { act=android.intent.action.MAIN cat=[android.intent.category.LAUNCHER] cmp=org.mozilla.fenix.performancetest/org.mozilla.fenix.HomeActivity }
Starting by using am start-activity org.mozilla.fenix.performancetest/org.mozilla.fenix.HomeActivity
Starting: Intent { act=android.intent.action.MAIN cat=[android.intent.category.LAUNCHER] cmp=org.mozilla.fenix.performancetest/org.mozilla.fenix.HomeActivity }
Starting by using am start-activity org.mozilla.fenix.performancetest/org.mozilla.fenix.HomeActivity
Starting: Intent { act=android.intent.action.MAIN cat=[android.intent.category.LAUNCHER] cmp=org.mozilla.fenix.performancetest/org.mozilla.fenix.HomeActivity }
Starting by using am start-activity org.mozilla.fenix.performancetest/org.mozilla.fenix.HomeActivity
Starting: Intent { act=android.intent.action.MAIN cat=[android.intent.category.LAUNCHER] cmp=org.mozilla.fenix.performancetest/org.mozilla.fenix.HomeActivity }
Starting by using am start-activity org.mozilla.fenix.performancetest/org.mozilla.fenix.HomeActivity
Starting: Intent { act=android.intent.action.MAIN cat=[android.intent.category.LAUNCHER] cmp=org.mozilla.fenix.performancetest/org.mozilla.fenix.HomeActivity }
Starting by using am start-activity org.mozilla.fenix.performancetest/org.mozilla.fenix.HomeActivity
Starting: Intent { act=android.intent.action.MAIN cat=[android.intent.category.LAUNCHER] cmp=org.mozilla.fenix.performancetest/org.mozilla.fenix.HomeActivity }
Starting by using am start-activity org.mozilla.fenix.performancetest/org.mozilla.fenix.HomeActivity
Starting: Intent { act=android.intent.action.MAIN cat=[android.intent.category.LAUNCHER] cmp=org.mozilla.fenix.performancetest/org.mozilla.fenix.HomeActivity }
Starting by using am start-activity org.mozilla.fenix.performancetest/org.mozilla.fenix.HomeActivity
Starting: Intent { act=android.intent.action.MAIN cat=[android.intent.category.LAUNCHER] cmp=org.mozilla.fenix.performancetest/org.mozilla.fenix.HomeActivity }
Starting by using am start-activity org.mozilla.fenix.performancetest/org.mozilla.fenix.HomeActivity
Starting: Intent { act=android.intent.action.MAIN cat=[android.intent.category.LAUNCHER] cmp=org.mozilla.fenix.performancetest/org.mozilla.fenix.HomeActivity }
Starting by using am start-activity org.mozilla.fenix.performancetest/org.mozilla.fenix.HomeActivity
Starting: Intent { act=android.intent.action.MAIN cat=[android.intent.category.LAUNCHER] cmp=org.mozilla.fenix.performancetest/org.mozilla.fenix.HomeActivity }
Starting by using am start-activity org.mozilla.fenix.performancetest/org.mozilla.fenix.HomeActivity
Starting: Intent { act=android.intent.action.MAIN cat=[android.intent.category.LAUNCHER] cmp=org.mozilla.fenix.performancetest/org.mozilla.fenix.HomeActivity }
Starting by using am start-activity org.mozilla.fenix.performancetest/org.mozilla.fenix.HomeActivity
Starting: Intent { act=android.intent.action.MAIN cat=[android.intent.category.LAUNCHER] cmp=org.mozilla.fenix.performancetest/org.mozilla.fenix.HomeActivity }
Starting by using am start-activity org.mozilla.fenix.performancetest/org.mozilla.fenix.HomeActivity
Starting: Intent { act=android.intent.action.MAIN cat=[android.intent.category.LAUNCHER] cmp=org.mozilla.fenix.performancetest/org.mozilla.fenix.HomeActivity }
Starting by using am start-activity org.mozilla.fenix.performancetest/org.mozilla.fenix.HomeActivity
Starting: Intent { act=android.intent.action.MAIN cat=[android.intent.category.LAUNCHER] cmp=org.mozilla.fenix.performancetest/org.mozilla.fenix.HomeActivity }
Starting by using am start-activity org.mozilla.fenix.performancetest/org.mozilla.fenix.HomeActivity
Starting: Intent { act=android.intent.action.MAIN cat=[android.intent.category.LAUNCHER] cmp=org.mozilla.fenix.performancetest/org.mozilla.fenix.HomeActivity }
Starting by using am start-activity org.mozilla.fenix.performancetest/org.mozilla.fenix.HomeActivity
Starting: Intent { act=android.intent.action.MAIN cat=[android.intent.category.LAUNCHER] cmp=org.mozilla.fenix.performancetest/org.mozilla.fenix.HomeActivity }
Starting by using am start-activity org.mozilla.fenix.performancetest/org.mozilla.fenix.HomeActivity
Starting: Intent { act=android.intent.action.MAIN cat=[android.intent.category.LAUNCHER] cmp=org.mozilla.fenix.performancetest/org.mozilla.fenix.HomeActivity }
Starting by using am start-activity org.mozilla.fenix.performancetest/org.mozilla.fenix.HomeActivity
Starting: Intent { act=android.intent.action.MAIN cat=[android.intent.category.LAUNCHER] cmp=org.mozilla.fenix.performancetest/org.mozilla.fenix.HomeActivity }
Starting by using am start-activity org.mozilla.fenix.performancetest/org.mozilla.fenix.HomeActivity
Starting: Intent { act=android.intent.action.MAIN cat=[android.intent.category.LAUNCHER] cmp=org.mozilla.fenix.performancetest/org.mozilla.fenix.HomeActivity }
Starting by using am start-activity org.mozilla.fenix.performancetest/org.mozilla.fenix.HomeActivity
Starting: Intent { act=android.intent.action.MAIN cat=[android.intent.category.LAUNCHER] cmp=org.mozilla.fenix.performancetest/org.mozilla.fenix.HomeActivity }
Starting by using am start-activity org.mozilla.fenix.performancetest/org.mozilla.fenix.HomeActivity
Starting: Intent { act=android.intent.action.MAIN cat=[android.intent.category.LAUNCHER] cmp=org.mozilla.fenix.performancetest/org.mozilla.fenix.HomeActivity }
Starting by using am start-activity org.mozilla.fenix.performancetest/org.mozilla.fenix.HomeActivity
Starting: Intent { act=android.intent.action.MAIN cat=[android.intent.category.LAUNCHER] cmp=org.mozilla.fenix.performancetest/org.mozilla.fenix.HomeActivity }
Starting by using am start-activity org.mozilla.fenix.performancetest/org.mozilla.fenix.HomeActivity
Starting: Intent { act=android.intent.action.MAIN cat=[android.intent.category.LAUNCHER] cmp=org.mozilla.fenix.performancetest/org.mozilla.fenix.HomeActivity }
Starting by using am start-activity org.mozilla.fenix.performancetest/org.mozilla.fenix.HomeActivity
Starting: Intent { act=android.intent.action.MAIN cat=[android.intent.category.LAUNCHER] cmp=org.mozilla.fenix.performancetest/org.mozilla.fenix.HomeActivity }
Starting by using am start-activity org.mozilla.fenix.performancetest/org.mozilla.fenix.HomeActivity
Starting: Intent { act=android.intent.action.MAIN cat=[android.intent.category.LAUNCHER] cmp=org.mozilla.fenix.performancetest/org.mozilla.fenix.HomeActivity }
Starting by using am start-activity org.mozilla.fenix.performancetest/org.mozilla.fenix.HomeActivity
Starting: Intent { act=android.intent.action.MAIN cat=[android.intent.category.LAUNCHER] cmp=org.mozilla.fenix.performancetest/org.mozilla.fenix.HomeActivity }
Starting by using am start-activity org.mozilla.fenix.performancetest/org.mozilla.fenix.HomeActivity
Starting: Intent { act=android.intent.action.MAIN cat=[android.intent.category.LAUNCHER] cmp=org.mozilla.fenix.performancetest/org.mozilla.fenix.HomeActivity }
Starting by using am start-activity org.mozilla.fenix.performancetest/org.mozilla.fenix.HomeActivity
Starting: Intent { act=android.intent.action.MAIN cat=[android.intent.category.LAUNCHER] cmp=org.mozilla.fenix.performancetest/org.mozilla.fenix.HomeActivity }
Starting by using am start-activity org.mozilla.fenix.performancetest/org.mozilla.fenix.HomeActivity
Starting: Intent { act=android.intent.action.MAIN cat=[android.intent.category.LAUNCHER] cmp=org.mozilla.fenix.performancetest/org.mozilla.fenix.HomeActivity }
Starting by using am start-activity org.mozilla.fenix.performancetest/org.mozilla.fenix.HomeActivity
Starting: Intent { act=android.intent.action.MAIN cat=[android.intent.category.LAUNCHER] cmp=org.mozilla.fenix.performancetest/org.mozilla.fenix.HomeActivity }
Starting by using am start-activity org.mozilla.fenix.performancetest/org.mozilla.fenix.HomeActivity
Starting: Intent { act=android.intent.action.MAIN cat=[android.intent.category.LAUNCHER] cmp=org.mozilla.fenix.performancetest/org.mozilla.fenix.HomeActivity }
Starting by using am start-activity org.mozilla.fenix.performancetest/org.mozilla.fenix.HomeActivity
Starting: Intent { act=android.intent.action.MAIN cat=[android.intent.category.LAUNCHER] cmp=org.mozilla.fenix.performancetest/org.mozilla.fenix.HomeActivity }
Starting by using am start-activity org.mozilla.fenix.performancetest/org.mozilla.fenix.HomeActivity
Starting: Intent { act=android.intent.action.MAIN cat=[android.intent.category.LAUNCHER] cmp=org.mozilla.fenix.performancetest/org.mozilla.fenix.HomeActivity }
Starting by using am start-activity org.mozilla.fenix.performancetest/org.mozilla.fenix.HomeActivity
Starting: Intent { act=android.intent.action.MAIN cat=[android.intent.category.LAUNCHER] cmp=org.mozilla.fenix.performancetest/org.mozilla.fenix.HomeActivity }
Starting by using am start-activity org.mozilla.fenix.performancetest/org.mozilla.fenix.HomeActivity
Starting: Intent { act=android.intent.action.MAIN cat=[android.intent.category.LAUNCHER] cmp=org.mozilla.fenix.performancetest/org.mozilla.fenix.HomeActivity }
Starting by using am start-activity org.mozilla.fenix.performancetest/org.mozilla.fenix.HomeActivity
Starting: Intent { act=android.intent.action.MAIN cat=[android.intent.category.LAUNCHER] cmp=org.mozilla.fenix.performancetest/org.mozilla.fenix.HomeActivity }
Starting by using am start-activity org.mozilla.fenix.performancetest/org.mozilla.fenix.HomeActivity
Starting: Intent { act=android.intent.action.MAIN cat=[android.intent.category.LAUNCHER] cmp=org.mozilla.fenix.performancetest/org.mozilla.fenix.HomeActivity }
Starting by using am start-activity org.mozilla.fenix.performancetest/org.mozilla.fenix.HomeActivity
Starting: Intent { act=android.intent.action.MAIN cat=[android.intent.category.LAUNCHER] cmp=org.mozilla.fenix.performancetest/org.mozilla.fenix.HomeActivity }
Starting by using am start-activity org.mozilla.fenix.performancetest/org.mozilla.fenix.HomeActivity
Starting: Intent { act=android.intent.action.MAIN cat=[android.intent.category.LAUNCHER] cmp=org.mozilla.fenix.performancetest/org.mozilla.fenix.HomeActivity }
Starting by using am start-activity org.mozilla.fenix.performancetest/org.mozilla.fenix.HomeActivity
Starting: Intent { act=android.intent.action.MAIN cat=[android.intent.category.LAUNCHER] cmp=org.mozilla.fenix.performancetest/org.mozilla.fenix.HomeActivity }
Starting by using am start-activity org.mozilla.fenix.performancetest/org.mozilla.fenix.HomeActivity
Starting: Intent { act=android.intent.action.MAIN cat=[android.intent.category.LAUNCHER] cmp=org.mozilla.fenix.performancetest/org.mozilla.fenix.HomeActivity }
Starting by using am start-activity org.mozilla.fenix.performancetest/org.mozilla.fenix.HomeActivity
Starting: Intent { act=android.intent.action.MAIN cat=[android.intent.category.LAUNCHER] cmp=org.mozilla.fenix.performancetest/org.mozilla.fenix.HomeActivity }
Starting by using am start-activity org.mozilla.fenix.performancetest/org.mozilla.fenix.HomeActivity
Starting: Intent { act=android.intent.action.MAIN cat=[android.intent.category.LAUNCHER] cmp=org.mozilla.fenix.performancetest/org.mozilla.fenix.HomeActivity }
Starting by using am start-activity org.mozilla.fenix.performancetest/org.mozilla.fenix.HomeActivity
Starting: Intent { act=android.intent.action.MAIN cat=[android.intent.category.LAUNCHER] cmp=org.mozilla.fenix.performancetest/org.mozilla.fenix.HomeActivity }
Starting by using am start-activity org.mozilla.fenix.performancetest/org.mozilla.fenix.HomeActivity
Starting: Intent { act=android.intent.action.MAIN cat=[android.intent.category.LAUNCHER] cmp=org.mozilla.fenix.performancetest/org.mozilla.fenix.HomeActivity }
Starting by using am start-activity org.mozilla.fenix.performancetest/org.mozilla.fenix.HomeActivity
Starting: Intent { act=android.intent.action.MAIN cat=[android.intent.category.LAUNCHER] cmp=org.mozilla.fenix.performancetest/org.mozilla.fenix.HomeActivity }
Starting by using am start-activity org.mozilla.fenix.performancetest/org.mozilla.fenix.HomeActivity
Starting: Intent { act=android.intent.action.MAIN cat=[android.intent.category.LAUNCHER] cmp=org.mozilla.fenix.performancetest/org.mozilla.fenix.HomeActivity }
Starting by using am start-activity org.mozilla.fenix.performancetest/org.mozilla.fenix.HomeActivity
Starting: Intent { act=android.intent.action.MAIN cat=[android.intent.category.LAUNCHER] cmp=org.mozilla.fenix.performancetest/org.mozilla.fenix.HomeActivity }
Starting by using am start-activity org.mozilla.fenix.performancetest/org.mozilla.fenix.HomeActivity
Starting: Intent { act=android.intent.action.MAIN cat=[android.intent.category.LAUNCHER] cmp=org.mozilla.fenix.performancetest/org.mozilla.fenix.HomeActivity }
Starting by using am start-activity org.mozilla.fenix.performancetest/org.mozilla.fenix.HomeActivity
Starting: Intent { act=android.intent.action.MAIN cat=[android.intent.category.LAUNCHER] cmp=org.mozilla.fenix.performancetest/org.mozilla.fenix.HomeActivity }
Starting by using am start-activity org.mozilla.fenix.performancetest/org.mozilla.fenix.HomeActivity
Starting: Intent { act=android.intent.action.MAIN cat=[android.intent.category.LAUNCHER] cmp=org.mozilla.fenix.performancetest/org.mozilla.fenix.HomeActivity }
Starting by using am start-activity org.mozilla.fenix.performancetest/org.mozilla.fenix.HomeActivity
Starting: Intent { act=android.intent.action.MAIN cat=[android.intent.category.LAUNCHER] cmp=org.mozilla.fenix.performancetest/org.mozilla.fenix.HomeActivity }
Starting by using am start-activity org.mozilla.fenix.performancetest/org.mozilla.fenix.HomeActivity
Starting: Intent { act=android.intent.action.MAIN cat=[android.intent.category.LAUNCHER] cmp=org.mozilla.fenix.performancetest/org.mozilla.fenix.HomeActivity }
Starting by using am start-activity org.mozilla.fenix.performancetest/org.mozilla.fenix.HomeActivity
Starting: Intent { act=android.intent.action.MAIN cat=[android.intent.category.LAUNCHER] cmp=org.mozilla.fenix.performancetest/org.mozilla.fenix.HomeActivity }
Starting by using am start-activity org.mozilla.fenix.performancetest/org.mozilla.fenix.HomeActivity
Starting: Intent { act=android.intent.action.MAIN cat=[android.intent.category.LAUNCHER] cmp=org.mozilla.fenix.performancetest/org.mozilla.fenix.HomeActivity }
Starting by using am start-activity org.mozilla.fenix.performancetest/org.mozilla.fenix.HomeActivity
Starting: Intent { act=android.intent.action.MAIN cat=[android.intent.category.LAUNCHER] cmp=org.mozilla.fenix.performancetest/org.mozilla.fenix.HomeActivity }
Starting by using am start-activity org.mozilla.fenix.performancetest/org.mozilla.fenix.HomeActivity
Starting: Intent { act=android.intent.action.MAIN cat=[android.intent.category.LAUNCHER] cmp=org.mozilla.fenix.performancetest/org.mozilla.fenix.HomeActivity }
Starting by using am start-activity org.mozilla.fenix.performancetest/org.mozilla.fenix.HomeActivity
Starting: Intent { act=android.intent.action.MAIN cat=[android.intent.category.LAUNCHER] cmp=org.mozilla.fenix.performancetest/org.mozilla.fenix.HomeActivity }
Starting by using am start-activity org.mozilla.fenix.performancetest/org.mozilla.fenix.HomeActivity
Starting: Intent { act=android.intent.action.MAIN cat=[android.intent.category.LAUNCHER] cmp=org.mozilla.fenix.performancetest/org.mozilla.fenix.HomeActivity }
Starting by using am start-activity org.mozilla.fenix.performancetest/org.mozilla.fenix.HomeActivity
Starting: Intent { act=android.intent.action.MAIN cat=[android.intent.category.LAUNCHER] cmp=org.mozilla.fenix.performancetest/org.mozilla.fenix.HomeActivity }
Starting by using am start-activity org.mozilla.fenix.performancetest/org.mozilla.fenix.HomeActivity
Starting: Intent { act=android.intent.action.MAIN cat=[android.intent.category.LAUNCHER] cmp=org.mozilla.fenix.performancetest/org.mozilla.fenix.HomeActivity }
Starting by using am start-activity org.mozilla.fenix.performancetest/org.mozilla.fenix.HomeActivity
Starting: Intent { act=android.intent.action.MAIN cat=[android.intent.category.LAUNCHER] cmp=org.mozilla.fenix.performancetest/org.mozilla.fenix.HomeActivity }
Starting by using am start-activity org.mozilla.fenix.performancetest/org.mozilla.fenix.HomeActivity
Starting: Intent { act=android.intent.action.MAIN cat=[android.intent.category.LAUNCHER] cmp=org.mozilla.fenix.performancetest/org.mozilla.fenix.HomeActivity }
Starting by using am start-activity org.mozilla.fenix.performancetest/org.mozilla.fenix.HomeActivity
Starting: Intent { act=android.intent.action.MAIN cat=[android.intent.category.LAUNCHER] cmp=org.mozilla.fenix.performancetest/org.mozilla.fenix.HomeActivity }
Starting by using am start-activity org.mozilla.fenix.performancetest/org.mozilla.fenix.HomeActivity
Starting: Intent { act=android.intent.action.MAIN cat=[android.intent.category.LAUNCHER] cmp=org.mozilla.fenix.performancetest/org.mozilla.fenix.HomeActivity }
Starting by using am start-activity org.mozilla.fenix.performancetest/org.mozilla.fenix.HomeActivity
Starting: Intent { act=android.intent.action.MAIN cat=[android.intent.category.LAUNCHER] cmp=org.mozilla.fenix.performancetest/org.mozilla.fenix.HomeActivity }
Starting by using am start-activity org.mozilla.fenix.performancetest/org.mozilla.fenix.HomeActivity
Starting: Intent { act=android.intent.action.MAIN cat=[android.intent.category.LAUNCHER] cmp=org.mozilla.fenix.performancetest/org.mozilla.fenix.HomeActivity }
Starting by using am start-activity org.mozilla.fenix.performancetest/org.mozilla.fenix.HomeActivity
Starting: Intent { act=android.intent.action.MAIN cat=[android.intent.category.LAUNCHER] cmp=org.mozilla.fenix.performancetest/org.mozilla.fenix.HomeActivity }
Starting by using am start-activity org.mozilla.fenix.performancetest/org.mozilla.fenix.HomeActivity
Starting: Intent { act=android.intent.action.MAIN cat=[android.intent.category.LAUNCHER] cmp=org.mozilla.fenix.performancetest/org.mozilla.fenix.HomeActivity }
Starting by using am start-activity org.mozilla.fenix.performancetest/org.mozilla.fenix.HomeActivity
Starting: Intent { act=android.intent.action.MAIN cat=[android.intent.category.LAUNCHER] cmp=org.mozilla.fenix.performancetest/org.mozilla.fenix.HomeActivity }
Starting by using am start-activity org.mozilla.fenix.performancetest/org.mozilla.fenix.HomeActivity
Starting: Intent { act=android.intent.action.MAIN cat=[android.intent.category.LAUNCHER] cmp=org.mozilla.fenix.performancetest/org.mozilla.fenix.HomeActivity }
Starting by using am start-activity org.mozilla.fenix.performancetest/org.mozilla.fenix.HomeActivity
Starting: Intent { act=android.intent.action.MAIN cat=[android.intent.category.LAUNCHER] cmp=org.mozilla.fenix.performancetest/org.mozilla.fenix.HomeActivity }
Starting by using am start-activity org.mozilla.fenix.performancetest/org.mozilla.fenix.HomeActivity
Starting: Intent { act=android.intent.action.MAIN cat=[android.intent.category.LAUNCHER] cmp=org.mozilla.fenix.performancetest/org.mozilla.fenix.HomeActivity }
Starting by using am start-activity org.mozilla.fenix.performancetest/org.mozilla.fenix.HomeActivity
Starting: Intent { act=android.intent.action.MAIN cat=[android.intent.category.LAUNCHER] cmp=org.mozilla.fenix.performancetest/org.mozilla.fenix.HomeActivity }
Starting by using am start-activity org.mozilla.fenix.performancetest/org.mozilla.fenix.HomeActivity
Starting: Intent { act=android.intent.action.MAIN cat=[android.intent.category.LAUNCHER] cmp=org.mozilla.fenix.performancetest/org.mozilla.fenix.HomeActivity }
Starting by using am start-activity org.mozilla.fenix.performancetest/org.mozilla.fenix.HomeActivity
Starting: Intent { act=android.intent.action.MAIN cat=[android.intent.category.LAUNCHER] cmp=org.mozilla.fenix.performancetest/org.mozilla.fenix.HomeActivity }
Starting by using am start-activity org.mozilla.fenix.performancetest/org.mozilla.fenix.HomeActivity
Starting: Intent { act=android.intent.action.MAIN cat=[android.intent.category.LAUNCHER] cmp=org.mozilla.fenix.performancetest/org.mozilla.fenix.HomeActivity }
Starting by using am start-activity org.mozilla.fenix.performancetest/org.mozilla.fenix.HomeActivity
Starting: Intent { act=android.intent.action.MAIN cat=[android.intent.category.LAUNCHER] cmp=org.mozilla.fenix.performancetest/org.mozilla.fenix.HomeActivity }
Starting by using am start-activity org.mozilla.fenix.performancetest/org.mozilla.fenix.HomeActivity
Starting: Intent { act=android.intent.action.MAIN cat=[android.intent.category.LAUNCHER] cmp=org.mozilla.fenix.performancetest/org.mozilla.fenix.HomeActivity }
Performing Streamed Install
Success
Starting: Intent { act=android.intent.action.VIEW dat=about:blank typ=text/html cmp=org.mozilla.fenix.performancetest/org.mozilla.fenix.IntentReceiverActivity }
Starting by using am start-activity -t "text/html" -d "about:blank" -a android.intent.action.VIEW org.mozilla.fenix.performancetest/org.mozilla.fenix.IntentReceiverActivity
Starting: Intent { act=android.intent.action.VIEW dat=about:blank typ=text/html cmp=org.mozilla.fenix.performancetest/org.mozilla.fenix.IntentReceiverActivity }
Starting by using am start-activity -t "text/html" -d "about:blank" -a android.intent.action.VIEW org.mozilla.fenix.performancetest/org.mozilla.fenix.IntentReceiverActivity
Starting: Intent { act=android.intent.action.VIEW dat=about:blank typ=text/html cmp=org.mozilla.fenix.performancetest/org.mozilla.fenix.IntentReceiverActivity }
Starting by using am start-activity -t "text/html" -d "about:blank" -a android.intent.action.VIEW org.mozilla.fenix.performancetest/org.mozilla.fenix.IntentReceiverActivity
Starting: Intent { act=android.intent.action.VIEW dat=about:blank typ=text/html cmp=org.mozilla.fenix.performancetest/org.mozilla.fenix.IntentReceiverActivity }
Starting by using am start-activity -t "text/html" -d "about:blank" -a android.intent.action.VIEW org.mozilla.fenix.performancetest/org.mozilla.fenix.IntentReceiverActivity
Starting: Intent { act=android.intent.action.VIEW dat=about:blank typ=text/html cmp=org.mozilla.fenix.performancetest/org.mozilla.fenix.IntentReceiverActivity }
Starting by using am start-activity -t "text/html" -d "about:blank" -a android.intent.action.VIEW org.mozilla.fenix.performancetest/org.mozilla.fenix.IntentReceiverActivity
Starting: Intent { act=android.intent.action.VIEW dat=about:blank typ=text/html cmp=org.mozilla.fenix.performancetest/org.mozilla.fenix.IntentReceiverActivity }
Starting by using am start-activity -t "text/html" -d "about:blank" -a android.intent.action.VIEW org.mozilla.fenix.performancetest/org.mozilla.fenix.IntentReceiverActivity
Starting: Intent { act=android.intent.action.VIEW dat=about:blank typ=text/html cmp=org.mozilla.fenix.performancetest/org.mozilla.fenix.IntentReceiverActivity }
Starting by using am start-activity -t "text/html" -d "about:blank" -a android.intent.action.VIEW org.mozilla.fenix.performancetest/org.mozilla.fenix.IntentReceiverActivity
Starting: Intent { act=android.intent.action.VIEW dat=about:blank typ=text/html cmp=org.mozilla.fenix.performancetest/org.mozilla.fenix.IntentReceiverActivity }
Starting by using am start-activity -t "text/html" -d "about:blank" -a android.intent.action.VIEW org.mozilla.fenix.performancetest/org.mozilla.fenix.IntentReceiverActivity
Starting: Intent { act=android.intent.action.VIEW dat=about:blank typ=text/html cmp=org.mozilla.fenix.performancetest/org.mozilla.fenix.IntentReceiverActivity }
Starting by using am start-activity -t "text/html" -d "about:blank" -a android.intent.action.VIEW org.mozilla.fenix.performancetest/org.mozilla.fenix.IntentReceiverActivity
Starting: Intent { act=android.intent.action.VIEW dat=about:blank typ=text/html cmp=org.mozilla.fenix.performancetest/org.mozilla.fenix.IntentReceiverActivity }
Starting by using am start-activity -t "text/html" -d "about:blank" -a android.intent.action.VIEW org.mozilla.fenix.performancetest/org.mozilla.fenix.IntentReceiverActivity
Starting: Intent { act=android.intent.action.VIEW dat=about:blank typ=text/html cmp=org.mozilla.fenix.performancetest/org.mozilla.fenix.IntentReceiverActivity }
Starting by using am start-activity -t "text/html" -d "about:blank" -a android.intent.action.VIEW org.mozilla.fenix.performancetest/org.mozilla.fenix.IntentReceiverActivity
Starting: Intent { act=android.intent.action.VIEW dat=about:blank typ=text/html cmp=org.mozilla.fenix.performancetest/org.mozilla.fenix.IntentReceiverActivity }
Starting by using am start-activity -t "text/html" -d "about:blank" -a android.intent.action.VIEW org.mozilla.fenix.performancetest/org.mozilla.fenix.IntentReceiverActivity
Starting: Intent { act=android.intent.action.VIEW dat=about:blank typ=text/html cmp=org.mozilla.fenix.performancetest/org.mozilla.fenix.IntentReceiverActivity }
Starting by using am start-activity -t "text/html" -d "about:blank" -a android.intent.action.VIEW org.mozilla.fenix.performancetest/org.mozilla.fenix.IntentReceiverActivity
Starting: Intent { act=android.intent.action.VIEW dat=about:blank typ=text/html cmp=org.mozilla.fenix.performancetest/org.mozilla.fenix.IntentReceiverActivity }
Starting by using am start-activity -t "text/html" -d "about:blank" -a android.intent.action.VIEW org.mozilla.fenix.performancetest/org.mozilla.fenix.IntentReceiverActivity
Starting: Intent { act=android.intent.action.VIEW dat=about:blank typ=text/html cmp=org.mozilla.fenix.performancetest/org.mozilla.fenix.IntentReceiverActivity }
Starting by using am start-activity -t "text/html" -d "about:blank" -a android.intent.action.VIEW org.mozilla.fenix.performancetest/org.mozilla.fenix.IntentReceiverActivity
Starting: Intent { act=android.intent.action.VIEW dat=about:blank typ=text/html cmp=org.mozilla.fenix.performancetest/org.mozilla.fenix.IntentReceiverActivity }
Starting by using am start-activity -t "text/html" -d "about:blank" -a android.intent.action.VIEW org.mozilla.fenix.performancetest/org.mozilla.fenix.IntentReceiverActivity
Starting: Intent { act=android.intent.action.VIEW dat=about:blank typ=text/html cmp=org.mozilla.fenix.performancetest/org.mozilla.fenix.IntentReceiverActivity }
Starting by using am start-activity -t "text/html" -d "about:blank" -a android.intent.action.VIEW org.mozilla.fenix.performancetest/org.mozilla.fenix.IntentReceiverActivity
Starting: Intent { act=android.intent.action.VIEW dat=about:blank typ=text/html cmp=org.mozilla.fenix.performancetest/org.mozilla.fenix.IntentReceiverActivity }
Starting by using am start-activity -t "text/html" -d "about:blank" -a android.intent.action.VIEW org.mozilla.fenix.performancetest/org.mozilla.fenix.IntentReceiverActivity
Starting: Intent { act=android.intent.action.VIEW dat=about:blank typ=text/html cmp=org.mozilla.fenix.performancetest/org.mozilla.fenix.IntentReceiverActivity }
Starting by using am start-activity -t "text/html" -d "about:blank" -a android.intent.action.VIEW org.mozilla.fenix.performancetest/org.mozilla.fenix.IntentReceiverActivity
Starting: Intent { act=android.intent.action.VIEW dat=about:blank typ=text/html cmp=org.mozilla.fenix.performancetest/org.mozilla.fenix.IntentReceiverActivity }
Starting by using am start-activity -t "text/html" -d "about:blank" -a android.intent.action.VIEW org.mozilla.fenix.performancetest/org.mozilla.fenix.IntentReceiverActivity
Starting: Intent { act=android.intent.action.VIEW dat=about:blank typ=text/html cmp=org.mozilla.fenix.performancetest/org.mozilla.fenix.IntentReceiverActivity }
Starting by using am start-activity -t "text/html" -d "about:blank" -a android.intent.action.VIEW org.mozilla.fenix.performancetest/org.mozilla.fenix.IntentReceiverActivity
Starting: Intent { act=android.intent.action.VIEW dat=about:blank typ=text/html cmp=org.mozilla.fenix.performancetest/org.mozilla.fenix.IntentReceiverActivity }
Starting by using am start-activity -t "text/html" -d "about:blank" -a android.intent.action.VIEW org.mozilla.fenix.performancetest/org.mozilla.fenix.IntentReceiverActivity
Starting: Intent { act=android.intent.action.VIEW dat=about:blank typ=text/html cmp=org.mozilla.fenix.performancetest/org.mozilla.fenix.IntentReceiverActivity }
Starting by using am start-activity -t "text/html" -d "about:blank" -a android.intent.action.VIEW org.mozilla.fenix.performancetest/org.mozilla.fenix.IntentReceiverActivity
Starting: Intent { act=android.intent.action.VIEW dat=about:blank typ=text/html cmp=org.mozilla.fenix.performancetest/org.mozilla.fenix.IntentReceiverActivity }
Starting by using am start-activity -t "text/html" -d "about:blank" -a android.intent.action.VIEW org.mozilla.fenix.performancetest/org.mozilla.fenix.IntentReceiverActivity
Starting: Intent { act=android.intent.action.VIEW dat=about:blank typ=text/html cmp=org.mozilla.fenix.performancetest/org.mozilla.fenix.IntentReceiverActivity }
Starting by using am start-activity -t "text/html" -d "about:blank" -a android.intent.action.VIEW org.mozilla.fenix.performancetest/org.mozilla.fenix.IntentReceiverActivity
Starting: Intent { act=android.intent.action.VIEW dat=about:blank typ=text/html cmp=org.mozilla.fenix.performancetest/org.mozilla.fenix.IntentReceiverActivity }
Starting by using am start-activity -t "text/html" -d "about:blank" -a android.intent.action.VIEW org.mozilla.fenix.performancetest/org.mozilla.fenix.IntentReceiverActivity
Starting: Intent { act=android.intent.action.VIEW dat=about:blank typ=text/html cmp=org.mozilla.fenix.performancetest/org.mozilla.fenix.IntentReceiverActivity }
Starting by using am start-activity -t "text/html" -d "about:blank" -a android.intent.action.VIEW org.mozilla.fenix.performancetest/org.mozilla.fenix.IntentReceiverActivity
Starting: Intent { act=android.intent.action.VIEW dat=about:blank typ=text/html cmp=org.mozilla.fenix.performancetest/org.mozilla.fenix.IntentReceiverActivity }
Starting by using am start-activity -t "text/html" -d "about:blank" -a android.intent.action.VIEW org.mozilla.fenix.performancetest/org.mozilla.fenix.IntentReceiverActivity
Starting: Intent { act=android.intent.action.VIEW dat=about:blank typ=text/html cmp=org.mozilla.fenix.performancetest/org.mozilla.fenix.IntentReceiverActivity }
Starting by using am start-activity -t "text/html" -d "about:blank" -a android.intent.action.VIEW org.mozilla.fenix.performancetest/org.mozilla.fenix.IntentReceiverActivity
Starting: Intent { act=android.intent.action.VIEW dat=about:blank typ=text/html cmp=org.mozilla.fenix.performancetest/org.mozilla.fenix.IntentReceiverActivity }
Starting by using am start-activity -t "text/html" -d "about:blank" -a android.intent.action.VIEW org.mozilla.fenix.performancetest/org.mozilla.fenix.IntentReceiverActivity
Starting: Intent { act=android.intent.action.VIEW dat=about:blank typ=text/html cmp=org.mozilla.fenix.performancetest/org.mozilla.fenix.IntentReceiverActivity }
Starting by using am start-activity -t "text/html" -d "about:blank" -a android.intent.action.VIEW org.mozilla.fenix.performancetest/org.mozilla.fenix.IntentReceiverActivity
Starting: Intent { act=android.intent.action.VIEW dat=about:blank typ=text/html cmp=org.mozilla.fenix.performancetest/org.mozilla.fenix.IntentReceiverActivity }
Starting by using am start-activity -t "text/html" -d "about:blank" -a android.intent.action.VIEW org.mozilla.fenix.performancetest/org.mozilla.fenix.IntentReceiverActivity
Starting: Intent { act=android.intent.action.VIEW dat=about:blank typ=text/html cmp=org.mozilla.fenix.performancetest/org.mozilla.fenix.IntentReceiverActivity }
Starting by using am start-activity -t "text/html" -d "about:blank" -a android.intent.action.VIEW org.mozilla.fenix.performancetest/org.mozilla.fenix.IntentReceiverActivity
Starting: Intent { act=android.intent.action.VIEW dat=about:blank typ=text/html cmp=org.mozilla.fenix.performancetest/org.mozilla.fenix.IntentReceiverActivity }
Starting by using am start-activity -t "text/html" -d "about:blank" -a android.intent.action.VIEW org.mozilla.fenix.performancetest/org.mozilla.fenix.IntentReceiverActivity
Starting: Intent { act=android.intent.action.VIEW dat=about:blank typ=text/html cmp=org.mozilla.fenix.performancetest/org.mozilla.fenix.IntentReceiverActivity }
Starting by using am start-activity -t "text/html" -d "about:blank" -a android.intent.action.VIEW org.mozilla.fenix.performancetest/org.mozilla.fenix.IntentReceiverActivity
Starting: Intent { act=android.intent.action.VIEW dat=about:blank typ=text/html cmp=org.mozilla.fenix.performancetest/org.mozilla.fenix.IntentReceiverActivity }
Starting by using am start-activity -t "text/html" -d "about:blank" -a android.intent.action.VIEW org.mozilla.fenix.performancetest/org.mozilla.fenix.IntentReceiverActivity
Starting: Intent { act=android.intent.action.VIEW dat=about:blank typ=text/html cmp=org.mozilla.fenix.performancetest/org.mozilla.fenix.IntentReceiverActivity }
Starting by using am start-activity -t "text/html" -d "about:blank" -a android.intent.action.VIEW org.mozilla.fenix.performancetest/org.mozilla.fenix.IntentReceiverActivity
Starting: Intent { act=android.intent.action.VIEW dat=about:blank typ=text/html cmp=org.mozilla.fenix.performancetest/org.mozilla.fenix.IntentReceiverActivity }
Starting by using am start-activity -t "text/html" -d "about:blank" -a android.intent.action.VIEW org.mozilla.fenix.performancetest/org.mozilla.fenix.IntentReceiverActivity
Starting: Intent { act=android.intent.action.VIEW dat=about:blank typ=text/html cmp=org.mozilla.fenix.performancetest/org.mozilla.fenix.IntentReceiverActivity }
Starting by using am start-activity -t "text/html" -d "about:blank" -a android.intent.action.VIEW org.mozilla.fenix.performancetest/org.mozilla.fenix.IntentReceiverActivity
Starting: Intent { act=android.intent.action.VIEW dat=about:blank typ=text/html cmp=org.mozilla.fenix.performancetest/org.mozilla.fenix.IntentReceiverActivity }
Starting by using am start-activity -t "text/html" -d "about:blank" -a android.intent.action.VIEW org.mozilla.fenix.performancetest/org.mozilla.fenix.IntentReceiverActivity
Starting: Intent { act=android.intent.action.VIEW dat=about:blank typ=text/html cmp=org.mozilla.fenix.performancetest/org.mozilla.fenix.IntentReceiverActivity }
Starting by using am start-activity -t "text/html" -d "about:blank" -a android.intent.action.VIEW org.mozilla.fenix.performancetest/org.mozilla.fenix.IntentReceiverActivity
Starting: Intent { act=android.intent.action.VIEW dat=about:blank typ=text/html cmp=org.mozilla.fenix.performancetest/org.mozilla.fenix.IntentReceiverActivity }
Starting by using am start-activity -t "text/html" -d "about:blank" -a android.intent.action.VIEW org.mozilla.fenix.performancetest/org.mozilla.fenix.IntentReceiverActivity
Starting: Intent { act=android.intent.action.VIEW dat=about:blank typ=text/html cmp=org.mozilla.fenix.performancetest/org.mozilla.fenix.IntentReceiverActivity }
Starting by using am start-activity -t "text/html" -d "about:blank" -a android.intent.action.VIEW org.mozilla.fenix.performancetest/org.mozilla.fenix.IntentReceiverActivity
Starting: Intent { act=android.intent.action.VIEW dat=about:blank typ=text/html cmp=org.mozilla.fenix.performancetest/org.mozilla.fenix.IntentReceiverActivity }
Starting by using am start-activity -t "text/html" -d "about:blank" -a android.intent.action.VIEW org.mozilla.fenix.performancetest/org.mozilla.fenix.IntentReceiverActivity
Starting: Intent { act=android.intent.action.VIEW dat=about:blank typ=text/html cmp=org.mozilla.fenix.performancetest/org.mozilla.fenix.IntentReceiverActivity }
Starting by using am start-activity -t "text/html" -d "about:blank" -a android.intent.action.VIEW org.mozilla.fenix.performancetest/org.mozilla.fenix.IntentReceiverActivity
Starting: Intent { act=android.intent.action.VIEW dat=about:blank typ=text/html cmp=org.mozilla.fenix.performancetest/org.mozilla.fenix.IntentReceiverActivity }
Starting by using am start-activity -t "text/html" -d "about:blank" -a android.intent.action.VIEW org.mozilla.fenix.performancetest/org.mozilla.fenix.IntentReceiverActivity
Starting: Intent { act=android.intent.action.VIEW dat=about:blank typ=text/html cmp=org.mozilla.fenix.performancetest/org.mozilla.fenix.IntentReceiverActivity }
Starting by using am start-activity -t "text/html" -d "about:blank" -a android.intent.action.VIEW org.mozilla.fenix.performancetest/org.mozilla.fenix.IntentReceiverActivity
Starting: Intent { act=android.intent.action.VIEW dat=about:blank typ=text/html cmp=org.mozilla.fenix.performancetest/org.mozilla.fenix.IntentReceiverActivity }
Starting by using am start-activity -t "text/html" -d "about:blank" -a android.intent.action.VIEW org.mozilla.fenix.performancetest/org.mozilla.fenix.IntentReceiverActivity
Starting: Intent { act=android.intent.action.VIEW dat=about:blank typ=text/html cmp=org.mozilla.fenix.performancetest/org.mozilla.fenix.IntentReceiverActivity }
Starting by using am start-activity -t "text/html" -d "about:blank" -a android.intent.action.VIEW org.mozilla.fenix.performancetest/org.mozilla.fenix.IntentReceiverActivity
Starting: Intent { act=android.intent.action.VIEW dat=about:blank typ=text/html cmp=org.mozilla.fenix.performancetest/org.mozilla.fenix.IntentReceiverActivity }
Starting by using am start-activity -t "text/html" -d "about:blank" -a android.intent.action.VIEW org.mozilla.fenix.performancetest/org.mozilla.fenix.IntentReceiverActivity
Starting: Intent { act=android.intent.action.VIEW dat=about:blank typ=text/html cmp=org.mozilla.fenix.performancetest/org.mozilla.fenix.IntentReceiverActivity }
Starting by using am start-activity -t "text/html" -d "about:blank" -a android.intent.action.VIEW org.mozilla.fenix.performancetest/org.mozilla.fenix.IntentReceiverActivity
Starting: Intent { act=android.intent.action.VIEW dat=about:blank typ=text/html cmp=org.mozilla.fenix.performancetest/org.mozilla.fenix.IntentReceiverActivity }
Starting by using am start-activity -t "text/html" -d "about:blank" -a android.intent.action.VIEW org.mozilla.fenix.performancetest/org.mozilla.fenix.IntentReceiverActivity
Starting: Intent { act=android.intent.action.VIEW dat=about:blank typ=text/html cmp=org.mozilla.fenix.performancetest/org.mozilla.fenix.IntentReceiverActivity }
Starting by using am start-activity -t "text/html" -d "about:blank" -a android.intent.action.VIEW org.mozilla.fenix.performancetest/org.mozilla.fenix.IntentReceiverActivity
Starting: Intent { act=android.intent.action.VIEW dat=about:blank typ=text/html cmp=org.mozilla.fenix.performancetest/org.mozilla.fenix.IntentReceiverActivity }
Starting by using am start-activity -t "text/html" -d "about:blank" -a android.intent.action.VIEW org.mozilla.fenix.performancetest/org.mozilla.fenix.IntentReceiverActivity
Starting: Intent { act=android.intent.action.VIEW dat=about:blank typ=text/html cmp=org.mozilla.fenix.performancetest/org.mozilla.fenix.IntentReceiverActivity }
Starting by using am start-activity -t "text/html" -d "about:blank" -a android.intent.action.VIEW org.mozilla.fenix.performancetest/org.mozilla.fenix.IntentReceiverActivity
Starting: Intent { act=android.intent.action.VIEW dat=about:blank typ=text/html cmp=org.mozilla.fenix.performancetest/org.mozilla.fenix.IntentReceiverActivity }
Starting by using am start-activity -t "text/html" -d "about:blank" -a android.intent.action.VIEW org.mozilla.fenix.performancetest/org.mozilla.fenix.IntentReceiverActivity
Starting: Intent { act=android.intent.action.VIEW dat=about:blank typ=text/html cmp=org.mozilla.fenix.performancetest/org.mozilla.fenix.IntentReceiverActivity }
Starting by using am start-activity -t "text/html" -d "about:blank" -a android.intent.action.VIEW org.mozilla.fenix.performancetest/org.mozilla.fenix.IntentReceiverActivity
Starting: Intent { act=android.intent.action.VIEW dat=about:blank typ=text/html cmp=org.mozilla.fenix.performancetest/org.mozilla.fenix.IntentReceiverActivity }
Starting by using am start-activity -t "text/html" -d "about:blank" -a android.intent.action.VIEW org.mozilla.fenix.performancetest/org.mozilla.fenix.IntentReceiverActivity
Starting: Intent { act=android.intent.action.VIEW dat=about:blank typ=text/html cmp=org.mozilla.fenix.performancetest/org.mozilla.fenix.IntentReceiverActivity }
Starting by using am start-activity -t "text/html" -d "about:blank" -a android.intent.action.VIEW org.mozilla.fenix.performancetest/org.mozilla.fenix.IntentReceiverActivity
Starting: Intent { act=android.intent.action.VIEW dat=about:blank typ=text/html cmp=org.mozilla.fenix.performancetest/org.mozilla.fenix.IntentReceiverActivity }
Starting by using am start-activity -t "text/html" -d "about:blank" -a android.intent.action.VIEW org.mozilla.fenix.performancetest/org.mozilla.fenix.IntentReceiverActivity
Starting: Intent { act=android.intent.action.VIEW dat=about:blank typ=text/html cmp=org.mozilla.fenix.performancetest/org.mozilla.fenix.IntentReceiverActivity }
Starting by using am start-activity -t "text/html" -d "about:blank" -a android.intent.action.VIEW org.mozilla.fenix.performancetest/org.mozilla.fenix.IntentReceiverActivity
Starting: Intent { act=android.intent.action.VIEW dat=about:blank typ=text/html cmp=org.mozilla.fenix.performancetest/org.mozilla.fenix.IntentReceiverActivity }
Starting by using am start-activity -t "text/html" -d "about:blank" -a android.intent.action.VIEW org.mozilla.fenix.performancetest/org.mozilla.fenix.IntentReceiverActivity
Starting: Intent { act=android.intent.action.VIEW dat=about:blank typ=text/html cmp=org.mozilla.fenix.performancetest/org.mozilla.fenix.IntentReceiverActivity }
Starting by using am start-activity -t "text/html" -d "about:blank" -a android.intent.action.VIEW org.mozilla.fenix.performancetest/org.mozilla.fenix.IntentReceiverActivity
Starting: Intent { act=android.intent.action.VIEW dat=about:blank typ=text/html cmp=org.mozilla.fenix.performancetest/org.mozilla.fenix.IntentReceiverActivity }
Starting by using am start-activity -t "text/html" -d "about:blank" -a android.intent.action.VIEW org.mozilla.fenix.performancetest/org.mozilla.fenix.IntentReceiverActivity
Starting: Intent { act=android.intent.action.VIEW dat=about:blank typ=text/html cmp=org.mozilla.fenix.performancetest/org.mozilla.fenix.IntentReceiverActivity }
Starting by using am start-activity -t "text/html" -d "about:blank" -a android.intent.action.VIEW org.mozilla.fenix.performancetest/org.mozilla.fenix.IntentReceiverActivity
Starting: Intent { act=android.intent.action.VIEW dat=about:blank typ=text/html cmp=org.mozilla.fenix.performancetest/org.mozilla.fenix.IntentReceiverActivity }
Starting by using am start-activity -t "text/html" -d "about:blank" -a android.intent.action.VIEW org.mozilla.fenix.performancetest/org.mozilla.fenix.IntentReceiverActivity
Starting: Intent { act=android.intent.action.VIEW dat=about:blank typ=text/html cmp=org.mozilla.fenix.performancetest/org.mozilla.fenix.IntentReceiverActivity }
Starting by using am start-activity -t "text/html" -d "about:blank" -a android.intent.action.VIEW org.mozilla.fenix.performancetest/org.mozilla.fenix.IntentReceiverActivity
Starting: Intent { act=android.intent.action.VIEW dat=about:blank typ=text/html cmp=org.mozilla.fenix.performancetest/org.mozilla.fenix.IntentReceiverActivity }
Starting by using am start-activity -t "text/html" -d "about:blank" -a android.intent.action.VIEW org.mozilla.fenix.performancetest/org.mozilla.fenix.IntentReceiverActivity
Starting: Intent { act=android.intent.action.VIEW dat=about:blank typ=text/html cmp=org.mozilla.fenix.performancetest/org.mozilla.fenix.IntentReceiverActivity }
Starting by using am start-activity -t "text/html" -d "about:blank" -a android.intent.action.VIEW org.mozilla.fenix.performancetest/org.mozilla.fenix.IntentReceiverActivity
Starting: Intent { act=android.intent.action.VIEW dat=about:blank typ=text/html cmp=org.mozilla.fenix.performancetest/org.mozilla.fenix.IntentReceiverActivity }
Starting by using am start-activity -t "text/html" -d "about:blank" -a android.intent.action.VIEW org.mozilla.fenix.performancetest/org.mozilla.fenix.IntentReceiverActivity
Starting: Intent { act=android.intent.action.VIEW dat=about:blank typ=text/html cmp=org.mozilla.fenix.performancetest/org.mozilla.fenix.IntentReceiverActivity }
Starting by using am start-activity -t "text/html" -d "about:blank" -a android.intent.action.VIEW org.mozilla.fenix.performancetest/org.mozilla.fenix.IntentReceiverActivity
Starting: Intent { act=android.intent.action.VIEW dat=about:blank typ=text/html cmp=org.mozilla.fenix.performancetest/org.mozilla.fenix.IntentReceiverActivity }
Starting by using am start-activity -t "text/html" -d "about:blank" -a android.intent.action.VIEW org.mozilla.fenix.performancetest/org.mozilla.fenix.IntentReceiverActivity
Starting: Intent { act=android.intent.action.VIEW dat=about:blank typ=text/html cmp=org.mozilla.fenix.performancetest/org.mozilla.fenix.IntentReceiverActivity }
Starting by using am start-activity -t "text/html" -d "about:blank" -a android.intent.action.VIEW org.mozilla.fenix.performancetest/org.mozilla.fenix.IntentReceiverActivity
Starting: Intent { act=android.intent.action.VIEW dat=about:blank typ=text/html cmp=org.mozilla.fenix.performancetest/org.mozilla.fenix.IntentReceiverActivity }
Starting by using am start-activity -t "text/html" -d "about:blank" -a android.intent.action.VIEW org.mozilla.fenix.performancetest/org.mozilla.fenix.IntentReceiverActivity
Starting: Intent { act=android.intent.action.VIEW dat=about:blank typ=text/html cmp=org.mozilla.fenix.performancetest/org.mozilla.fenix.IntentReceiverActivity }
Starting by using am start-activity -t "text/html" -d "about:blank" -a android.intent.action.VIEW org.mozilla.fenix.performancetest/org.mozilla.fenix.IntentReceiverActivity
Starting: Intent { act=android.intent.action.VIEW dat=about:blank typ=text/html cmp=org.mozilla.fenix.performancetest/org.mozilla.fenix.IntentReceiverActivity }
Starting by using am start-activity -t "text/html" -d "about:blank" -a android.intent.action.VIEW org.mozilla.fenix.performancetest/org.mozilla.fenix.IntentReceiverActivity
Starting: Intent { act=android.intent.action.VIEW dat=about:blank typ=text/html cmp=org.mozilla.fenix.performancetest/org.mozilla.fenix.IntentReceiverActivity }
Starting by using am start-activity -t "text/html" -d "about:blank" -a android.intent.action.VIEW org.mozilla.fenix.performancetest/org.mozilla.fenix.IntentReceiverActivity
Starting: Intent { act=android.intent.action.VIEW dat=about:blank typ=text/html cmp=org.mozilla.fenix.performancetest/org.mozilla.fenix.IntentReceiverActivity }
Starting by using am start-activity -t "text/html" -d "about:blank" -a android.intent.action.VIEW org.mozilla.fenix.performancetest/org.mozilla.fenix.IntentReceiverActivity
Starting: Intent { act=android.intent.action.VIEW dat=about:blank typ=text/html cmp=org.mozilla.fenix.performancetest/org.mozilla.fenix.IntentReceiverActivity }
Starting by using am start-activity -t "text/html" -d "about:blank" -a android.intent.action.VIEW org.mozilla.fenix.performancetest/org.mozilla.fenix.IntentReceiverActivity
Starting: Intent { act=android.intent.action.VIEW dat=about:blank typ=text/html cmp=org.mozilla.fenix.performancetest/org.mozilla.fenix.IntentReceiverActivity }
Starting by using am start-activity -t "text/html" -d "about:blank" -a android.intent.action.VIEW org.mozilla.fenix.performancetest/org.mozilla.fenix.IntentReceiverActivity
Starting: Intent { act=android.intent.action.VIEW dat=about:blank typ=text/html cmp=org.mozilla.fenix.performancetest/org.mozilla.fenix.IntentReceiverActivity }
Starting by using am start-activity -t "text/html" -d "about:blank" -a android.intent.action.VIEW org.mozilla.fenix.performancetest/org.mozilla.fenix.IntentReceiverActivity
Starting: Intent { act=android.intent.action.VIEW dat=about:blank typ=text/html cmp=org.mozilla.fenix.performancetest/org.mozilla.fenix.IntentReceiverActivity }
Starting by using am start-activity -t "text/html" -d "about:blank" -a android.intent.action.VIEW org.mozilla.fenix.performancetest/org.mozilla.fenix.IntentReceiverActivity
Starting: Intent { act=android.intent.action.VIEW dat=about:blank typ=text/html cmp=org.mozilla.fenix.performancetest/org.mozilla.fenix.IntentReceiverActivity }
Starting by using am start-activity -t "text/html" -d "about:blank" -a android.intent.action.VIEW org.mozilla.fenix.performancetest/org.mozilla.fenix.IntentReceiverActivity
Starting: Intent { act=android.intent.action.VIEW dat=about:blank typ=text/html cmp=org.mozilla.fenix.performancetest/org.mozilla.fenix.IntentReceiverActivity }
Starting by using am start-activity -t "text/html" -d "about:blank" -a android.intent.action.VIEW org.mozilla.fenix.performancetest/org.mozilla.fenix.IntentReceiverActivity
Starting: Intent { act=android.intent.action.VIEW dat=about:blank typ=text/html cmp=org.mozilla.fenix.performancetest/org.mozilla.fenix.IntentReceiverActivity }
Starting by using am start-activity -t "text/html" -d "about:blank" -a android.intent.action.VIEW org.mozilla.fenix.performancetest/org.mozilla.fenix.IntentReceiverActivity
Starting: Intent { act=android.intent.action.VIEW dat=about:blank typ=text/html cmp=org.mozilla.fenix.performancetest/org.mozilla.fenix.IntentReceiverActivity }
Starting by using am start-activity -t "text/html" -d "about:blank" -a android.intent.action.VIEW org.mozilla.fenix.performancetest/org.mozilla.fenix.IntentReceiverActivity
Starting: Intent { act=android.intent.action.VIEW dat=about:blank typ=text/html cmp=org.mozilla.fenix.performancetest/org.mozilla.fenix.IntentReceiverActivity }
Starting by using am start-activity -t "text/html" -d "about:blank" -a android.intent.action.VIEW org.mozilla.fenix.performancetest/org.mozilla.fenix.IntentReceiverActivity
Starting: Intent { act=android.intent.action.VIEW dat=about:blank typ=text/html cmp=org.mozilla.fenix.performancetest/org.mozilla.fenix.IntentReceiverActivity }
Starting by using am start-activity -t "text/html" -d "about:blank" -a android.intent.action.VIEW org.mozilla.fenix.performancetest/org.mozilla.fenix.IntentReceiverActivity
Starting: Intent { act=android.intent.action.VIEW dat=about:blank typ=text/html cmp=org.mozilla.fenix.performancetest/org.mozilla.fenix.IntentReceiverActivity }
Starting by using am start-activity -t "text/html" -d "about:blank" -a android.intent.action.VIEW org.mozilla.fenix.performancetest/org.mozilla.fenix.IntentReceiverActivity
Starting: Intent { act=android.intent.action.VIEW dat=about:blank typ=text/html cmp=org.mozilla.fenix.performancetest/org.mozilla.fenix.IntentReceiverActivity }
Starting by using am start-activity -t "text/html" -d "about:blank" -a android.intent.action.VIEW org.mozilla.fenix.performancetest/org.mozilla.fenix.IntentReceiverActivity
Starting: Intent { act=android.intent.action.VIEW dat=about:blank typ=text/html cmp=org.mozilla.fenix.performancetest/org.mozilla.fenix.IntentReceiverActivity }
Starting by using am start-activity -t "text/html" -d "about:blank" -a android.intent.action.VIEW org.mozilla.fenix.performancetest/org.mozilla.fenix.IntentReceiverActivity
Starting: Intent { act=android.intent.action.VIEW dat=about:blank typ=text/html cmp=org.mozilla.fenix.performancetest/org.mozilla.fenix.IntentReceiverActivity }
Starting by using am start-activity -t "text/html" -d "about:blank" -a android.intent.action.VIEW org.mozilla.fenix.performancetest/org.mozilla.fenix.IntentReceiverActivity
Starting: Intent { act=android.intent.action.VIEW dat=about:blank typ=text/html cmp=org.mozilla.fenix.performancetest/org.mozilla.fenix.IntentReceiverActivity }
Starting by using am start-activity -t "text/html" -d "about:blank" -a android.intent.action.VIEW org.mozilla.fenix.performancetest/org.mozilla.fenix.IntentReceiverActivity
Starting: Intent { act=android.intent.action.VIEW dat=about:blank typ=text/html cmp=org.mozilla.fenix.performancetest/org.mozilla.fenix.IntentReceiverActivity }
Starting by using am start-activity -t "text/html" -d "about:blank" -a android.intent.action.VIEW org.mozilla.fenix.performancetest/org.mozilla.fenix.IntentReceiverActivity
Starting: Intent { act=android.intent.action.VIEW dat=about:blank typ=text/html cmp=org.mozilla.fenix.performancetest/org.mozilla.fenix.IntentReceiverActivity }
Starting by using am start-activity -t "text/html" -d "about:blank" -a android.intent.action.VIEW org.mozilla.fenix.performancetest/org.mozilla.fenix.IntentReceiverActivity
Starting: Intent { act=android.intent.action.VIEW dat=about:blank typ=text/html cmp=org.mozilla.fenix.performancetest/org.mozilla.fenix.IntentReceiverActivity }
Starting by using am start-activity -t "text/html" -d "about:blank" -a android.intent.action.VIEW org.mozilla.fenix.performancetest/org.mozilla.fenix.IntentReceiverActivity
Starting: Intent { act=android.intent.action.VIEW dat=about:blank typ=text/html cmp=org.mozilla.fenix.performancetest/org.mozilla.fenix.IntentReceiverActivity }
Starting by using am start-activity -t "text/html" -d "about:blank" -a android.intent.action.VIEW org.mozilla.fenix.performancetest/org.mozilla.fenix.IntentReceiverActivity
Starting: Intent { act=android.intent.action.VIEW dat=about:blank typ=text/html cmp=org.mozilla.fenix.performancetest/org.mozilla.fenix.IntentReceiverActivity }
Starting by using am start-activity -t "text/html" -d "about:blank" -a android.intent.action.VIEW org.mozilla.fenix.performancetest/org.mozilla.fenix.IntentReceiverActivity
Starting: Intent { act=android.intent.action.VIEW dat=about:blank typ=text/html cmp=org.mozilla.fenix.performancetest/org.mozilla.fenix.IntentReceiverActivity }
Starting by using am start-activity -t "text/html" -d "about:blank" -a android.intent.action.VIEW org.mozilla.fenix.performancetest/org.mozilla.fenix.IntentReceiverActivity
Starting: Intent { act=android.intent.action.VIEW dat=about:blank typ=text/html cmp=org.mozilla.fenix.performancetest/org.mozilla.fenix.IntentReceiverActivity }
Starting by using am start-activity -t "text/html" -d "about:blank" -a android.intent.action.VIEW org.mozilla.fenix.performancetest/org.mozilla.fenix.IntentReceiverActivity
Starting: Intent { act=android.intent.action.VIEW dat=about:blank typ=text/html cmp=org.mozilla.fenix.performancetest/org.mozilla.fenix.IntentReceiverActivity }
Performing Streamed Install
Success
Starting: Intent { act=android.intent.action.MAIN cat=[android.intent.category.LAUNCHER] cmp=org.mozilla.fenix.performancetest/org.mozilla.fenix.HomeActivity (has extras) }
Starting by using am start-activity org.mozilla.fenix.performancetest/org.mozilla.fenix.HomeActivity
Starting: Intent { act=android.intent.action.MAIN cat=[android.intent.category.LAUNCHER] cmp=org.mozilla.fenix.performancetest/org.mozilla.fenix.HomeActivity }
Starting by using am start-activity org.mozilla.fenix.performancetest/org.mozilla.fenix.HomeActivity
Starting: Intent { act=android.intent.action.MAIN cat=[android.intent.category.LAUNCHER] cmp=org.mozilla.fenix.performancetest/org.mozilla.fenix.HomeActivity }
Starting by using am start-activity org.mozilla.fenix.performancetest/org.mozilla.fenix.HomeActivity
Starting: Intent { act=android.intent.action.MAIN cat=[android.intent.category.LAUNCHER] cmp=org.mozilla.fenix.performancetest/org.mozilla.fenix.HomeActivity }
Starting by using am start-activity org.mozilla.fenix.performancetest/org.mozilla.fenix.HomeActivity
Starting: Intent { act=android.intent.action.MAIN cat=[android.intent.category.LAUNCHER] cmp=org.mozilla.fenix.performancetest/org.mozilla.fenix.HomeActivity }
Starting by using am start-activity org.mozilla.fenix.performancetest/org.mozilla.fenix.HomeActivity
Starting: Intent { act=android.intent.action.MAIN cat=[android.intent.category.LAUNCHER] cmp=org.mozilla.fenix.performancetest/org.mozilla.fenix.HomeActivity }
Starting by using am start-activity org.mozilla.fenix.performancetest/org.mozilla.fenix.HomeActivity
Starting: Intent { act=android.intent.action.MAIN cat=[android.intent.category.LAUNCHER] cmp=org.mozilla.fenix.performancetest/org.mozilla.fenix.HomeActivity }
Starting by using am start-activity org.mozilla.fenix.performancetest/org.mozilla.fenix.HomeActivity
Starting: Intent { act=android.intent.action.MAIN cat=[android.intent.category.LAUNCHER] cmp=org.mozilla.fenix.performancetest/org.mozilla.fenix.HomeActivity }
Starting by using am start-activity org.mozilla.fenix.performancetest/org.mozilla.fenix.HomeActivity
Starting: Intent { act=android.intent.action.MAIN cat=[android.intent.category.LAUNCHER] cmp=org.mozilla.fenix.performancetest/org.mozilla.fenix.HomeActivity }
Starting by using am start-activity org.mozilla.fenix.performancetest/org.mozilla.fenix.HomeActivity
Starting: Intent { act=android.intent.action.MAIN cat=[android.intent.category.LAUNCHER] cmp=org.mozilla.fenix.performancetest/org.mozilla.fenix.HomeActivity }
Starting by using am start-activity org.mozilla.fenix.performancetest/org.mozilla.fenix.HomeActivity
Starting: Intent { act=android.intent.action.MAIN cat=[android.intent.category.LAUNCHER] cmp=org.mozilla.fenix.performancetest/org.mozilla.fenix.HomeActivity }
Starting by using am start-activity org.mozilla.fenix.performancetest/org.mozilla.fenix.HomeActivity
Starting: Intent { act=android.intent.action.MAIN cat=[android.intent.category.LAUNCHER] cmp=org.mozilla.fenix.performancetest/org.mozilla.fenix.HomeActivity }
Starting by using am start-activity org.mozilla.fenix.performancetest/org.mozilla.fenix.HomeActivity
Starting: Intent { act=android.intent.action.MAIN cat=[android.intent.category.LAUNCHER] cmp=org.mozilla.fenix.performancetest/org.mozilla.fenix.HomeActivity }
Starting by using am start-activity org.mozilla.fenix.performancetest/org.mozilla.fenix.HomeActivity
Starting: Intent { act=android.intent.action.MAIN cat=[android.intent.category.LAUNCHER] cmp=org.mozilla.fenix.performancetest/org.mozilla.fenix.HomeActivity }
Starting by using am start-activity org.mozilla.fenix.performancetest/org.mozilla.fenix.HomeActivity
Starting: Intent { act=android.intent.action.MAIN cat=[android.intent.category.LAUNCHER] cmp=org.mozilla.fenix.performancetest/org.mozilla.fenix.HomeActivity }
Starting by using am start-activity org.mozilla.fenix.performancetest/org.mozilla.fenix.HomeActivity
Starting: Intent { act=android.intent.action.MAIN cat=[android.intent.category.LAUNCHER] cmp=org.mozilla.fenix.performancetest/org.mozilla.fenix.HomeActivity }
Starting by using am start-activity org.mozilla.fenix.performancetest/org.mozilla.fenix.HomeActivity
Starting: Intent { act=android.intent.action.MAIN cat=[android.intent.category.LAUNCHER] cmp=org.mozilla.fenix.performancetest/org.mozilla.fenix.HomeActivity }
Starting by using am start-activity org.mozilla.fenix.performancetest/org.mozilla.fenix.HomeActivity
Starting: Intent { act=android.intent.action.MAIN cat=[android.intent.category.LAUNCHER] cmp=org.mozilla.fenix.performancetest/org.mozilla.fenix.HomeActivity }
Starting by using am start-activity org.mozilla.fenix.performancetest/org.mozilla.fenix.HomeActivity
Starting: Intent { act=android.intent.action.MAIN cat=[android.intent.category.LAUNCHER] cmp=org.mozilla.fenix.performancetest/org.mozilla.fenix.HomeActivity }
Starting by using am start-activity org.mozilla.fenix.performancetest/org.mozilla.fenix.HomeActivity
Starting: Intent { act=android.intent.action.MAIN cat=[android.intent.category.LAUNCHER] cmp=org.mozilla.fenix.performancetest/org.mozilla.fenix.HomeActivity }
Starting by using am start-activity org.mozilla.fenix.performancetest/org.mozilla.fenix.HomeActivity
Starting: Intent { act=android.intent.action.MAIN cat=[android.intent.category.LAUNCHER] cmp=org.mozilla.fenix.performancetest/org.mozilla.fenix.HomeActivity }
Starting by using am start-activity org.mozilla.fenix.performancetest/org.mozilla.fenix.HomeActivity
Starting: Intent { act=android.intent.action.MAIN cat=[android.intent.category.LAUNCHER] cmp=org.mozilla.fenix.performancetest/org.mozilla.fenix.HomeActivity }
Starting by using am start-activity org.mozilla.fenix.performancetest/org.mozilla.fenix.HomeActivity
Starting: Intent { act=android.intent.action.MAIN cat=[android.intent.category.LAUNCHER] cmp=org.mozilla.fenix.performancetest/org.mozilla.fenix.HomeActivity }
Starting by using am start-activity org.mozilla.fenix.performancetest/org.mozilla.fenix.HomeActivity
Starting: Intent { act=android.intent.action.MAIN cat=[android.intent.category.LAUNCHER] cmp=org.mozilla.fenix.performancetest/org.mozilla.fenix.HomeActivity }
Starting by using am start-activity org.mozilla.fenix.performancetest/org.mozilla.fenix.HomeActivity
Starting: Intent { act=android.intent.action.MAIN cat=[android.intent.category.LAUNCHER] cmp=org.mozilla.fenix.performancetest/org.mozilla.fenix.HomeActivity }
Starting by using am start-activity org.mozilla.fenix.performancetest/org.mozilla.fenix.HomeActivity
Starting: Intent { act=android.intent.action.MAIN cat=[android.intent.category.LAUNCHER] cmp=org.mozilla.fenix.performancetest/org.mozilla.fenix.HomeActivity }
Starting by using am start-activity org.mozilla.fenix.performancetest/org.mozilla.fenix.HomeActivity
Starting: Intent { act=android.intent.action.MAIN cat=[android.intent.category.LAUNCHER] cmp=org.mozilla.fenix.performancetest/org.mozilla.fenix.HomeActivity }
Starting by using am start-activity org.mozilla.fenix.performancetest/org.mozilla.fenix.HomeActivity
Starting: Intent { act=android.intent.action.MAIN cat=[android.intent.category.LAUNCHER] cmp=org.mozilla.fenix.performancetest/org.mozilla.fenix.HomeActivity }
Starting by using am start-activity org.mozilla.fenix.performancetest/org.mozilla.fenix.HomeActivity
Starting: Intent { act=android.intent.action.MAIN cat=[android.intent.category.LAUNCHER] cmp=org.mozilla.fenix.performancetest/org.mozilla.fenix.HomeActivity }
Starting by using am start-activity org.mozilla.fenix.performancetest/org.mozilla.fenix.HomeActivity
Starting: Intent { act=android.intent.action.MAIN cat=[android.intent.category.LAUNCHER] cmp=org.mozilla.fenix.performancetest/org.mozilla.fenix.HomeActivity }
Starting by using am start-activity org.mozilla.fenix.performancetest/org.mozilla.fenix.HomeActivity
Starting: Intent { act=android.intent.action.MAIN cat=[android.intent.category.LAUNCHER] cmp=org.mozilla.fenix.performancetest/org.mozilla.fenix.HomeActivity }
Starting by using am start-activity org.mozilla.fenix.performancetest/org.mozilla.fenix.HomeActivity
Starting: Intent { act=android.intent.action.MAIN cat=[android.intent.category.LAUNCHER] cmp=org.mozilla.fenix.performancetest/org.mozilla.fenix.HomeActivity }
Starting by using am start-activity org.mozilla.fenix.performancetest/org.mozilla.fenix.HomeActivity
Starting: Intent { act=android.intent.action.MAIN cat=[android.intent.category.LAUNCHER] cmp=org.mozilla.fenix.performancetest/org.mozilla.fenix.HomeActivity }
Starting by using am start-activity org.mozilla.fenix.performancetest/org.mozilla.fenix.HomeActivity
Starting: Intent { act=android.intent.action.MAIN cat=[android.intent.category.LAUNCHER] cmp=org.mozilla.fenix.performancetest/org.mozilla.fenix.HomeActivity }
Starting by using am start-activity org.mozilla.fenix.performancetest/org.mozilla.fenix.HomeActivity
Starting: Intent { act=android.intent.action.MAIN cat=[android.intent.category.LAUNCHER] cmp=org.mozilla.fenix.performancetest/org.mozilla.fenix.HomeActivity }
Starting by using am start-activity org.mozilla.fenix.performancetest/org.mozilla.fenix.HomeActivity
Starting: Intent { act=android.intent.action.MAIN cat=[android.intent.category.LAUNCHER] cmp=org.mozilla.fenix.performancetest/org.mozilla.fenix.HomeActivity }
Starting by using am start-activity org.mozilla.fenix.performancetest/org.mozilla.fenix.HomeActivity
Starting: Intent { act=android.intent.action.MAIN cat=[android.intent.category.LAUNCHER] cmp=org.mozilla.fenix.performancetest/org.mozilla.fenix.HomeActivity }
Starting by using am start-activity org.mozilla.fenix.performancetest/org.mozilla.fenix.HomeActivity
Starting: Intent { act=android.intent.action.MAIN cat=[android.intent.category.LAUNCHER] cmp=org.mozilla.fenix.performancetest/org.mozilla.fenix.HomeActivity }
Starting by using am start-activity org.mozilla.fenix.performancetest/org.mozilla.fenix.HomeActivity
Starting: Intent { act=android.intent.action.MAIN cat=[android.intent.category.LAUNCHER] cmp=org.mozilla.fenix.performancetest/org.mozilla.fenix.HomeActivity }
Starting by using am start-activity org.mozilla.fenix.performancetest/org.mozilla.fenix.HomeActivity
Starting: Intent { act=android.intent.action.MAIN cat=[android.intent.category.LAUNCHER] cmp=org.mozilla.fenix.performancetest/org.mozilla.fenix.HomeActivity }
Starting by using am start-activity org.mozilla.fenix.performancetest/org.mozilla.fenix.HomeActivity
Starting: Intent { act=android.intent.action.MAIN cat=[android.intent.category.LAUNCHER] cmp=org.mozilla.fenix.performancetest/org.mozilla.fenix.HomeActivity }
Starting by using am start-activity org.mozilla.fenix.performancetest/org.mozilla.fenix.HomeActivity
Starting: Intent { act=android.intent.action.MAIN cat=[android.intent.category.LAUNCHER] cmp=org.mozilla.fenix.performancetest/org.mozilla.fenix.HomeActivity }
Starting by using am start-activity org.mozilla.fenix.performancetest/org.mozilla.fenix.HomeActivity
Starting: Intent { act=android.intent.action.MAIN cat=[android.intent.category.LAUNCHER] cmp=org.mozilla.fenix.performancetest/org.mozilla.fenix.HomeActivity }
Starting by using am start-activity org.mozilla.fenix.performancetest/org.mozilla.fenix.HomeActivity
Starting: Intent { act=android.intent.action.MAIN cat=[android.intent.category.LAUNCHER] cmp=org.mozilla.fenix.performancetest/org.mozilla.fenix.HomeActivity }
Starting by using am start-activity org.mozilla.fenix.performancetest/org.mozilla.fenix.HomeActivity
Starting: Intent { act=android.intent.action.MAIN cat=[android.intent.category.LAUNCHER] cmp=org.mozilla.fenix.performancetest/org.mozilla.fenix.HomeActivity }
Starting by using am start-activity org.mozilla.fenix.performancetest/org.mozilla.fenix.HomeActivity
Starting: Intent { act=android.intent.action.MAIN cat=[android.intent.category.LAUNCHER] cmp=org.mozilla.fenix.performancetest/org.mozilla.fenix.HomeActivity }
Starting by using am start-activity org.mozilla.fenix.performancetest/org.mozilla.fenix.HomeActivity
Starting: Intent { act=android.intent.action.MAIN cat=[android.intent.category.LAUNCHER] cmp=org.mozilla.fenix.performancetest/org.mozilla.fenix.HomeActivity }
Starting by using am start-activity org.mozilla.fenix.performancetest/org.mozilla.fenix.HomeActivity
Starting: Intent { act=android.intent.action.MAIN cat=[android.intent.category.LAUNCHER] cmp=org.mozilla.fenix.performancetest/org.mozilla.fenix.HomeActivity }
Starting by using am start-activity org.mozilla.fenix.performancetest/org.mozilla.fenix.HomeActivity
Starting: Intent { act=android.intent.action.MAIN cat=[android.intent.category.LAUNCHER] cmp=org.mozilla.fenix.performancetest/org.mozilla.fenix.HomeActivity }
Starting by using am start-activity org.mozilla.fenix.performancetest/org.mozilla.fenix.HomeActivity
Starting: Intent { act=android.intent.action.MAIN cat=[android.intent.category.LAUNCHER] cmp=org.mozilla.fenix.performancetest/org.mozilla.fenix.HomeActivity }
Starting by using am start-activity org.mozilla.fenix.performancetest/org.mozilla.fenix.HomeActivity
Starting: Intent { act=android.intent.action.MAIN cat=[android.intent.category.LAUNCHER] cmp=org.mozilla.fenix.performancetest/org.mozilla.fenix.HomeActivity }
Starting by using am start-activity org.mozilla.fenix.performancetest/org.mozilla.fenix.HomeActivity
Starting: Intent { act=android.intent.action.MAIN cat=[android.intent.category.LAUNCHER] cmp=org.mozilla.fenix.performancetest/org.mozilla.fenix.HomeActivity }
Starting by using am start-activity org.mozilla.fenix.performancetest/org.mozilla.fenix.HomeActivity
Starting: Intent { act=android.intent.action.MAIN cat=[android.intent.category.LAUNCHER] cmp=org.mozilla.fenix.performancetest/org.mozilla.fenix.HomeActivity }
Starting by using am start-activity org.mozilla.fenix.performancetest/org.mozilla.fenix.HomeActivity
Starting: Intent { act=android.intent.action.MAIN cat=[android.intent.category.LAUNCHER] cmp=org.mozilla.fenix.performancetest/org.mozilla.fenix.HomeActivity }
Starting by using am start-activity org.mozilla.fenix.performancetest/org.mozilla.fenix.HomeActivity
Starting: Intent { act=android.intent.action.MAIN cat=[android.intent.category.LAUNCHER] cmp=org.mozilla.fenix.performancetest/org.mozilla.fenix.HomeActivity }
Starting by using am start-activity org.mozilla.fenix.performancetest/org.mozilla.fenix.HomeActivity
Starting: Intent { act=android.intent.action.MAIN cat=[android.intent.category.LAUNCHER] cmp=org.mozilla.fenix.performancetest/org.mozilla.fenix.HomeActivity }
Starting by using am start-activity org.mozilla.fenix.performancetest/org.mozilla.fenix.HomeActivity
Starting: Intent { act=android.intent.action.MAIN cat=[android.intent.category.LAUNCHER] cmp=org.mozilla.fenix.performancetest/org.mozilla.fenix.HomeActivity }
Starting by using am start-activity org.mozilla.fenix.performancetest/org.mozilla.fenix.HomeActivity
Starting: Intent { act=android.intent.action.MAIN cat=[android.intent.category.LAUNCHER] cmp=org.mozilla.fenix.performancetest/org.mozilla.fenix.HomeActivity }
Starting by using am start-activity org.mozilla.fenix.performancetest/org.mozilla.fenix.HomeActivity
Starting: Intent { act=android.intent.action.MAIN cat=[android.intent.category.LAUNCHER] cmp=org.mozilla.fenix.performancetest/org.mozilla.fenix.HomeActivity }
Starting by using am start-activity org.mozilla.fenix.performancetest/org.mozilla.fenix.HomeActivity
Starting: Intent { act=android.intent.action.MAIN cat=[android.intent.category.LAUNCHER] cmp=org.mozilla.fenix.performancetest/org.mozilla.fenix.HomeActivity }
Starting by using am start-activity org.mozilla.fenix.performancetest/org.mozilla.fenix.HomeActivity
Starting: Intent { act=android.intent.action.MAIN cat=[android.intent.category.LAUNCHER] cmp=org.mozilla.fenix.performancetest/org.mozilla.fenix.HomeActivity }
Starting by using am start-activity org.mozilla.fenix.performancetest/org.mozilla.fenix.HomeActivity
Starting: Intent { act=android.intent.action.MAIN cat=[android.intent.category.LAUNCHER] cmp=org.mozilla.fenix.performancetest/org.mozilla.fenix.HomeActivity }
Starting by using am start-activity org.mozilla.fenix.performancetest/org.mozilla.fenix.HomeActivity
Starting: Intent { act=android.intent.action.MAIN cat=[android.intent.category.LAUNCHER] cmp=org.mozilla.fenix.performancetest/org.mozilla.fenix.HomeActivity }
Starting by using am start-activity org.mozilla.fenix.performancetest/org.mozilla.fenix.HomeActivity
Starting: Intent { act=android.intent.action.MAIN cat=[android.intent.category.LAUNCHER] cmp=org.mozilla.fenix.performancetest/org.mozilla.fenix.HomeActivity }
Starting by using am start-activity org.mozilla.fenix.performancetest/org.mozilla.fenix.HomeActivity
Starting: Intent { act=android.intent.action.MAIN cat=[android.intent.category.LAUNCHER] cmp=org.mozilla.fenix.performancetest/org.mozilla.fenix.HomeActivity }
Starting by using am start-activity org.mozilla.fenix.performancetest/org.mozilla.fenix.HomeActivity
Starting: Intent { act=android.intent.action.MAIN cat=[android.intent.category.LAUNCHER] cmp=org.mozilla.fenix.performancetest/org.mozilla.fenix.HomeActivity }
Starting by using am start-activity org.mozilla.fenix.performancetest/org.mozilla.fenix.HomeActivity
Starting: Intent { act=android.intent.action.MAIN cat=[android.intent.category.LAUNCHER] cmp=org.mozilla.fenix.performancetest/org.mozilla.fenix.HomeActivity }
Starting by using am start-activity org.mozilla.fenix.performancetest/org.mozilla.fenix.HomeActivity
Starting: Intent { act=android.intent.action.MAIN cat=[android.intent.category.LAUNCHER] cmp=org.mozilla.fenix.performancetest/org.mozilla.fenix.HomeActivity }
Starting by using am start-activity org.mozilla.fenix.performancetest/org.mozilla.fenix.HomeActivity
Starting: Intent { act=android.intent.action.MAIN cat=[android.intent.category.LAUNCHER] cmp=org.mozilla.fenix.performancetest/org.mozilla.fenix.HomeActivity }
Starting by using am start-activity org.mozilla.fenix.performancetest/org.mozilla.fenix.HomeActivity
Starting: Intent { act=android.intent.action.MAIN cat=[android.intent.category.LAUNCHER] cmp=org.mozilla.fenix.performancetest/org.mozilla.fenix.HomeActivity }
Starting by using am start-activity org.mozilla.fenix.performancetest/org.mozilla.fenix.HomeActivity
Starting: Intent { act=android.intent.action.MAIN cat=[android.intent.category.LAUNCHER] cmp=org.mozilla.fenix.performancetest/org.mozilla.fenix.HomeActivity }
Starting by using am start-activity org.mozilla.fenix.performancetest/org.mozilla.fenix.HomeActivity
Starting: Intent { act=android.intent.action.MAIN cat=[android.intent.category.LAUNCHER] cmp=org.mozilla.fenix.performancetest/org.mozilla.fenix.HomeActivity }
Starting by using am start-activity org.mozilla.fenix.performancetest/org.mozilla.fenix.HomeActivity
Starting: Intent { act=android.intent.action.MAIN cat=[android.intent.category.LAUNCHER] cmp=org.mozilla.fenix.performancetest/org.mozilla.fenix.HomeActivity }
Starting by using am start-activity org.mozilla.fenix.performancetest/org.mozilla.fenix.HomeActivity
Starting: Intent { act=android.intent.action.MAIN cat=[android.intent.category.LAUNCHER] cmp=org.mozilla.fenix.performancetest/org.mozilla.fenix.HomeActivity }
Starting by using am start-activity org.mozilla.fenix.performancetest/org.mozilla.fenix.HomeActivity
Starting: Intent { act=android.intent.action.MAIN cat=[android.intent.category.LAUNCHER] cmp=org.mozilla.fenix.performancetest/org.mozilla.fenix.HomeActivity }
Starting by using am start-activity org.mozilla.fenix.performancetest/org.mozilla.fenix.HomeActivity
Starting: Intent { act=android.intent.action.MAIN cat=[android.intent.category.LAUNCHER] cmp=org.mozilla.fenix.performancetest/org.mozilla.fenix.HomeActivity }
Starting by using am start-activity org.mozilla.fenix.performancetest/org.mozilla.fenix.HomeActivity
Starting: Intent { act=android.intent.action.MAIN cat=[android.intent.category.LAUNCHER] cmp=org.mozilla.fenix.performancetest/org.mozilla.fenix.HomeActivity }
Starting by using am start-activity org.mozilla.fenix.performancetest/org.mozilla.fenix.HomeActivity
Starting: Intent { act=android.intent.action.MAIN cat=[android.intent.category.LAUNCHER] cmp=org.mozilla.fenix.performancetest/org.mozilla.fenix.HomeActivity }
Starting by using am start-activity org.mozilla.fenix.performancetest/org.mozilla.fenix.HomeActivity
Starting: Intent { act=android.intent.action.MAIN cat=[android.intent.category.LAUNCHER] cmp=org.mozilla.fenix.performancetest/org.mozilla.fenix.HomeActivity }
Starting by using am start-activity org.mozilla.fenix.performancetest/org.mozilla.fenix.HomeActivity
Starting: Intent { act=android.intent.action.MAIN cat=[android.intent.category.LAUNCHER] cmp=org.mozilla.fenix.performancetest/org.mozilla.fenix.HomeActivity }
Starting by using am start-activity org.mozilla.fenix.performancetest/org.mozilla.fenix.HomeActivity
Starting: Intent { act=android.intent.action.MAIN cat=[android.intent.category.LAUNCHER] cmp=org.mozilla.fenix.performancetest/org.mozilla.fenix.HomeActivity }
Starting by using am start-activity org.mozilla.fenix.performancetest/org.mozilla.fenix.HomeActivity
Starting: Intent { act=android.intent.action.MAIN cat=[android.intent.category.LAUNCHER] cmp=org.mozilla.fenix.performancetest/org.mozilla.fenix.HomeActivity }
Starting by using am start-activity org.mozilla.fenix.performancetest/org.mozilla.fenix.HomeActivity
Starting: Intent { act=android.intent.action.MAIN cat=[android.intent.category.LAUNCHER] cmp=org.mozilla.fenix.performancetest/org.mozilla.fenix.HomeActivity }
Starting by using am start-activity org.mozilla.fenix.performancetest/org.mozilla.fenix.HomeActivity
Starting: Intent { act=android.intent.action.MAIN cat=[android.intent.category.LAUNCHER] cmp=org.mozilla.fenix.performancetest/org.mozilla.fenix.HomeActivity }
Starting by using am start-activity org.mozilla.fenix.performancetest/org.mozilla.fenix.HomeActivity
Starting: Intent { act=android.intent.action.MAIN cat=[android.intent.category.LAUNCHER] cmp=org.mozilla.fenix.performancetest/org.mozilla.fenix.HomeActivity }
Starting by using am start-activity org.mozilla.fenix.performancetest/org.mozilla.fenix.HomeActivity
Starting: Intent { act=android.intent.action.MAIN cat=[android.intent.category.LAUNCHER] cmp=org.mozilla.fenix.performancetest/org.mozilla.fenix.HomeActivity }
Starting by using am start-activity org.mozilla.fenix.performancetest/org.mozilla.fenix.HomeActivity
Starting: Intent { act=android.intent.action.MAIN cat=[android.intent.category.LAUNCHER] cmp=org.mozilla.fenix.performancetest/org.mozilla.fenix.HomeActivity }
Starting by using am start-activity org.mozilla.fenix.performancetest/org.mozilla.fenix.HomeActivity
Starting: Intent { act=android.intent.action.MAIN cat=[android.intent.category.LAUNCHER] cmp=org.mozilla.fenix.performancetest/org.mozilla.fenix.HomeActivity }
Starting by using am start-activity org.mozilla.fenix.performancetest/org.mozilla.fenix.HomeActivity
Starting: Intent { act=android.intent.action.MAIN cat=[android.intent.category.LAUNCHER] cmp=org.mozilla.fenix.performancetest/org.mozilla.fenix.HomeActivity }
Starting by using am start-activity org.mozilla.fenix.performancetest/org.mozilla.fenix.HomeActivity
Starting: Intent { act=android.intent.action.MAIN cat=[android.intent.category.LAUNCHER] cmp=org.mozilla.fenix.performancetest/org.mozilla.fenix.HomeActivity }
Starting by using am start-activity org.mozilla.fenix.performancetest/org.mozilla.fenix.HomeActivity
Starting: Intent { act=android.intent.action.MAIN cat=[android.intent.category.LAUNCHER] cmp=org.mozilla.fenix.performancetest/org.mozilla.fenix.HomeActivity }
Starting by using am start-activity org.mozilla.fenix.performancetest/org.mozilla.fenix.HomeActivity
Starting: Intent { act=android.intent.action.MAIN cat=[android.intent.category.LAUNCHER] cmp=org.mozilla.fenix.performancetest/org.mozilla.fenix.HomeActivity }
Starting by using am start-activity org.mozilla.fenix.performancetest/org.mozilla.fenix.HomeActivity
Starting: Intent { act=android.intent.action.MAIN cat=[android.intent.category.LAUNCHER] cmp=org.mozilla.fenix.performancetest/org.mozilla.fenix.HomeActivity }
Starting by using am start-activity org.mozilla.fenix.performancetest/org.mozilla.fenix.HomeActivity
Starting: Intent { act=android.intent.action.MAIN cat=[android.intent.category.LAUNCHER] cmp=org.mozilla.fenix.performancetest/org.mozilla.fenix.HomeActivity }
Starting by using am start-activity org.mozilla.fenix.performancetest/org.mozilla.fenix.HomeActivity
Starting: Intent { act=android.intent.action.MAIN cat=[android.intent.category.LAUNCHER] cmp=org.mozilla.fenix.performancetest/org.mozilla.fenix.HomeActivity }
Starting by using am start-activity org.mozilla.fenix.performancetest/org.mozilla.fenix.HomeActivity
Starting: Intent { act=android.intent.action.MAIN cat=[android.intent.category.LAUNCHER] cmp=org.mozilla.fenix.performancetest/org.mozilla.fenix.HomeActivity }
Starting by using am start-activity org.mozilla.fenix.performancetest/org.mozilla.fenix.HomeActivity
Starting: Intent { act=android.intent.action.MAIN cat=[android.intent.category.LAUNCHER] cmp=org.mozilla.fenix.performancetest/org.mozilla.fenix.HomeActivity }
Starting by using am start-activity org.mozilla.fenix.performancetest/org.mozilla.fenix.HomeActivity
Starting: Intent { act=android.intent.action.MAIN cat=[android.intent.category.LAUNCHER] cmp=org.mozilla.fenix.performancetest/org.mozilla.fenix.HomeActivity }
Starting by using am start-activity org.mozilla.fenix.performancetest/org.mozilla.fenix.HomeActivity
Starting: Intent { act=android.intent.action.MAIN cat=[android.intent.category.LAUNCHER] cmp=org.mozilla.fenix.performancetest/org.mozilla.fenix.HomeActivity }
Starting by using am start-activity org.mozilla.fenix.performancetest/org.mozilla.fenix.HomeActivity
Starting: Intent { act=android.intent.action.MAIN cat=[android.intent.category.LAUNCHER] cmp=org.mozilla.fenix.performancetest/org.mozilla.fenix.HomeActivity }
Starting by using am start-activity org.mozilla.fenix.performancetest/org.mozilla.fenix.HomeActivity
Starting: Intent { act=android.intent.action.MAIN cat=[android.intent.category.LAUNCHER] cmp=org.mozilla.fenix.performancetest/org.mozilla.fenix.HomeActivity }
Downloading apk.
Done downloading apk.
Downloaded the nightly APK.
Profiling...
Performing Streamed Install
Success
Profiling by using am start-activity -W --start-profiler /data/local/tmp/temp.trace org.mozilla.fenix.performancetest/org.mozilla.fenix.HomeActivity
Starting: Intent { act=android.intent.action.MAIN cat=[android.intent.category.LAUNCHER] cmp=org.mozilla.fenix.performancetest/org.mozilla.fenix.HomeActivity }
Status: timeout
Activity: org.mozilla.fenix.performancetest/org.mozilla.fenix.HomeActivity
WaitTime: 10202
Complete
Stopping the profiler and the process.
Downloading profile.
Performing Streamed Install
Success
Profiling by using am start-activity -W -t "text/html" -d "about:blank" -a android.intent.action.VIEW --start-profiler /data/local/tmp/temp.trace org.mozilla.fenix.performancetest/org.mozilla.fenix.IntentReceiverActivity
Starting: Intent { act=android.intent.action.VIEW dat=about:blank typ=text/html cmp=org.mozilla.fenix.performancetest/org.mozilla.fenix.IntentReceiverActivity }
Status: ok
Activity: org.mozilla.fenix.performancetest/org.mozilla.fenix.IntentReceiverActivity
ThisTime: 6612
TotalTime: 6612
WaitTime: 6682
Complete
Stopping the profiler and the process.
Downloading profile.
Done profiling...
